#Spectroscopic factors for transition between 35Cl_fsu9_M1T1+ and 34Cl_fsu9_M0T0+
#File: 35Cl_fsu9+.xml Final(daugter) system file: 34Cl_fsu9+.xml
#parent Ex(p) daugther Ex(d) L SF=|A|^2 
3/2+(1)	0	3+(1)	0	2	1.07348
3/2+(1)	0	0+(1)	0.024	2	0.326332
3/2+(1)	0	1+(1)	0.35	0	0.186529
3/2+(1)	0	1+(1)	0.35	2	0.195555
3/2+(1)	0	1+(2)	0.536	0	0.0477215
3/2+(1)	0	1+(2)	0.536	2	0.264122
3/2+(1)	0	2+(1)	1.092	0	0.32831
3/2+(1)	0	2+(1)	1.092	2	0.0591354
3/2+(1)	0	2+(2)	1.727	0	0.0571772
3/2+(1)	0	2+(2)	1.727	2	0.0536377
3/2+(1)	0	3+(2)	2.062	2	0.0160417
3/2+(1)	0	2+(3)	2.156	0	0.0951604
3/2+(1)	0	2+(3)	2.156	2	0.081891
3/2+(1)	0	4+(1)	2.287	2	0.000984983
3/2+(1)	0	1+(3)	2.397	0	0.0387268
3/2+(1)	0	1+(3)	2.397	2	0.00619072
3/2+(1)	0	3+(3)	2.447	2	0.243321
3/2+(1)	0	1+(4)	3.057	0	0.00693592
3/2+(1)	0	1+(4)	3.057	2	0.102524
3/2+(1)	0	2+(4)	3.148	0	0.297869
3/2+(1)	0	2+(4)	3.148	2	0.0971576
3/2+(1)	0	3+(4)	3.296	2	0.208865
3/2+(1)	0	3+(5)	3.711	2	0.0186177
3/2+(1)	0	1+(5)	3.728	0	0.00525933
3/2+(1)	0	1+(5)	3.728	2	0.00347661
3/2+(1)	0	0+(2)	3.78	2	0.0206907
3/2+(1)	0	1+(6)	3.805	0	0.260852
3/2+(1)	0	1+(6)	3.805	2	0.0253106
3/2+(1)	0	4+(2)	3.986	2	0.0126672
3/2+(1)	0	2+(5)	4.129	0	0.000574645
3/2+(1)	0	2+(5)	4.129	2	0.0131997
3/2+(1)	0	2+(6)	4.15	0	0.0028538
3/2+(1)	0	2+(6)	4.15	2	0.0058607
3/2+(1)	0	2+(7)	4.624	0	0.014996
3/2+(1)	0	2+(7)	4.624	2	0.134261
3/2+(1)	0	3+(6)	4.728	2	0.178956
3/2+(1)	0	4+(3)	4.738	2	0.659193
3/2+(1)	0	3+(7)	4.845	2	0.00200262
3/2+(1)	0	4+(4)	4.861	2	0.128421
3/2+(1)	0	1+(7)	4.886	0	0.0144425
3/2+(1)	0	1+(7)	4.886	2	0.0519097
3/2+(1)	0	2+(8)	4.906	0	0.0713616
3/2+(1)	0	2+(8)	4.906	2	0.401335
3/2+(1)	0	1+(8)	5.021	0	3.33265e-05
3/2+(1)	0	1+(8)	5.021	2	0.0514377
3/2+(1)	0	0+(3)	5.199	2	0.00180571
3/2+(1)	0	1+(9)	5.456	0	0.00026882
3/2+(1)	0	1+(9)	5.456	2	0.00470848
3/2+(1)	0	3+(8)	5.775	2	0.00282564
3/2+(1)	0	3+(9)	5.966	2	0.133255
3/2+(1)	0	1+(10)	6.039	0	0.000230044
3/2+(1)	0	1+(10)	6.039	2	0.000368675
3/2+(1)	0	2+(9)	6.063	0	0.0160459
3/2+(1)	0	2+(9)	6.063	2	0.0339469
3/2+(1)	0	2+(10)	6.065	0	0.00356301
3/2+(1)	0	2+(10)	6.065	2	0.0122387
3/2+(1)	0	3+(10)	6.169	2	0.0821001
3/2+(1)	0	4+(5)	6.315	2	0.0207385
1/2+(1)	1.226	3+(1)	0	2	0.00365538
1/2+(1)	1.226	0+(1)	0.024	0	0.0469298
1/2+(1)	1.226	1+(1)	0.35	0	0.0637749
1/2+(1)	1.226	1+(1)	0.35	2	0.317627
1/2+(1)	1.226	1+(2)	0.536	0	0.106503
1/2+(1)	1.226	1+(2)	0.536	2	0.0987097
1/2+(1)	1.226	2+(1)	1.092	2	0.373198
1/2+(1)	1.226	2+(2)	1.727	2	0.239955
1/2+(1)	1.226	3+(2)	2.062	2	0.0125611
1/2+(1)	1.226	2+(3)	2.156	2	0.124141
1/2+(1)	1.226	1+(3)	2.397	0	0.728497
1/2+(1)	1.226	1+(3)	2.397	2	0.0857775
1/2+(1)	1.226	3+(3)	2.447	2	0.0171588
1/2+(1)	1.226	1+(4)	3.057	0	0.0528983
1/2+(1)	1.226	1+(4)	3.057	2	0.00627002
1/2+(1)	1.226	2+(4)	3.148	2	0.438591
1/2+(1)	1.226	3+(4)	3.296	2	0.397069
1/2+(1)	1.226	3+(5)	3.711	2	0.135981
1/2+(1)	1.226	1+(5)	3.728	0	0.0151068
1/2+(1)	1.226	1+(5)	3.728	2	0.0214758
1/2+(1)	1.226	0+(2)	3.78	0	0.261277
1/2+(1)	1.226	1+(6)	3.805	0	3.33146e-05
1/2+(1)	1.226	1+(6)	3.805	2	0.357789
1/2+(1)	1.226	2+(5)	4.129	2	0.213613
1/2+(1)	1.226	2+(6)	4.15	2	0.0575704
1/2+(1)	1.226	2+(7)	4.624	2	0.0966561
1/2+(1)	1.226	3+(6)	4.728	2	0.040178
1/2+(1)	1.226	3+(7)	4.845	2	0.102285
1/2+(1)	1.226	1+(7)	4.886	0	0.00871885
1/2+(1)	1.226	1+(7)	4.886	2	0.00216581
1/2+(1)	1.226	2+(8)	4.906	2	0.051929
1/2+(1)	1.226	1+(8)	5.021	0	0.0212492
1/2+(1)	1.226	1+(8)	5.021	2	0.0312922
1/2+(1)	1.226	0+(3)	5.199	0	0.0321385
1/2+(1)	1.226	1+(9)	5.456	0	0.000357219
1/2+(1)	1.226	1+(9)	5.456	2	0.00102993
1/2+(1)	1.226	3+(8)	5.775	2	0.108956
1/2+(1)	1.226	3+(9)	5.966	2	0.0320183
1/2+(1)	1.226	1+(10)	6.039	0	0.000712774
1/2+(1)	1.226	1+(10)	6.039	2	0.000132102
1/2+(1)	1.226	2+(9)	6.063	2	0.020019
1/2+(1)	1.226	2+(10)	6.065	2	0.196981
1/2+(1)	1.226	3+(10)	6.169	2	0.00010867
5/2+(1)	1.678	3+(1)	0	0	0.013329
5/2+(1)	1.678	3+(1)	0	2	0.363592
5/2+(1)	1.678	0+(1)	0.024	2	0.00163189
5/2+(1)	1.678	1+(1)	0.35	2	0.0138955
5/2+(1)	1.678	1+(2)	0.536	2	0.197523
5/2+(1)	1.678	2+(1)	1.092	0	0.0298329
5/2+(1)	1.678	2+(1)	1.092	2	0.0125439
5/2+(1)	1.678	2+(2)	1.727	0	0.212656
5/2+(1)	1.678	2+(2)	1.727	2	0.0742123
5/2+(1)	1.678	3+(2)	2.062	0	0.084974
5/2+(1)	1.678	3+(2)	2.062	2	0.438379
5/2+(1)	1.678	2+(3)	2.156	0	0.000516703
5/2+(1)	1.678	2+(3)	2.156	2	0.502709
5/2+(1)	1.678	4+(1)	2.287	2	0.501626
5/2+(1)	1.678	1+(3)	2.397	2	0.0335003
5/2+(1)	1.678	3+(3)	2.447	0	0.154564
5/2+(1)	1.678	3+(3)	2.447	2	0.00931008
5/2+(1)	1.678	1+(4)	3.057	2	0.0141121
5/2+(1)	1.678	2+(4)	3.148	0	0.0243663
5/2+(1)	1.678	2+(4)	3.148	2	0.0746686
5/2+(1)	1.678	3+(4)	3.296	0	0.0158
5/2+(1)	1.678	3+(4)	3.296	2	0.0771656
5/2+(1)	1.678	5+(1)	3.668	2	0.0246114
5/2+(1)	1.678	3+(5)	3.711	0	0.00452619
5/2+(1)	1.678	3+(5)	3.711	2	0.0366403
5/2+(1)	1.678	1+(5)	3.728	2	0.0691723
5/2+(1)	1.678	0+(2)	3.78	2	0.00099564
5/2+(1)	1.678	1+(6)	3.805	2	0.102936
5/2+(1)	1.678	4+(2)	3.986	2	0.04576
5/2+(1)	1.678	2+(5)	4.129	0	0.0136953
5/2+(1)	1.678	2+(5)	4.129	2	0.0105616
5/2+(1)	1.678	2+(6)	4.15	0	0.000352505
5/2+(1)	1.678	2+(6)	4.15	2	0.00907974
5/2+(1)	1.678	2+(7)	4.624	0	0.24998
5/2+(1)	1.678	2+(7)	4.624	2	0.0352484
5/2+(1)	1.678	3+(6)	4.728	0	0.136349
5/2+(1)	1.678	3+(6)	4.728	2	0.0377804
5/2+(1)	1.678	4+(3)	4.738	2	0.0578734
5/2+(1)	1.678	3+(7)	4.845	0	0.0250446
5/2+(1)	1.678	3+(7)	4.845	2	0.0236977
5/2+(1)	1.678	4+(4)	4.861	2	0.00812061
5/2+(1)	1.678	1+(7)	4.886	2	0.0115443
5/2+(1)	1.678	2+(8)	4.906	0	0.00805736
5/2+(1)	1.678	2+(8)	4.906	2	0.0337728
5/2+(1)	1.678	1+(8)	5.021	2	0.0174243
5/2+(1)	1.678	0+(3)	5.199	2	0.00362652
5/2+(1)	1.678	5+(2)	5.245	2	0.000428823
5/2+(1)	1.678	1+(9)	5.456	2	0.00414619
5/2+(1)	1.678	3+(8)	5.775	0	0.000408429
5/2+(1)	1.678	3+(8)	5.775	2	0.0207781
5/2+(1)	1.678	3+(9)	5.966	0	0.0404552
5/2+(1)	1.678	3+(9)	5.966	2	0.0733017
5/2+(1)	1.678	1+(10)	6.039	2	0.00158788
5/2+(1)	1.678	2+(9)	6.063	0	0.00677324
5/2+(1)	1.678	2+(9)	6.063	2	0.117199
5/2+(1)	1.678	2+(10)	6.065	0	0.00148902
5/2+(1)	1.678	2+(10)	6.065	2	0.0217871
5/2+(1)	1.678	3+(10)	6.169	0	6.83644e-05
5/2+(1)	1.678	3+(10)	6.169	2	0.0327359
5/2+(1)	1.678	4+(5)	6.315	2	0.165502
3/2+(2)	2.626	3+(1)	0	2	0.000554621
3/2+(2)	2.626	0+(1)	0.024	2	0.00253594
3/2+(2)	2.626	1+(1)	0.35	0	0.0245193
3/2+(2)	2.626	1+(1)	0.35	2	0.0316867
3/2+(2)	2.626	1+(2)	0.536	0	0.00191724
3/2+(2)	2.626	1+(2)	0.536	2	0.0250589
3/2+(2)	2.626	2+(1)	1.092	0	0.0396297
3/2+(2)	2.626	2+(1)	1.092	2	0.00187106
3/2+(2)	2.626	2+(2)	1.727	0	0.103452
3/2+(2)	2.626	2+(2)	1.727	2	0.356823
3/2+(2)	2.626	3+(2)	2.062	2	0.0678595
3/2+(2)	2.626	2+(3)	2.156	0	0.0235274
3/2+(2)	2.626	2+(3)	2.156	2	0.039424
3/2+(2)	2.626	4+(1)	2.287	2	0.00461539
3/2+(2)	2.626	1+(3)	2.397	0	0.00758633
3/2+(2)	2.626	1+(3)	2.397	2	0.114725
3/2+(2)	2.626	3+(3)	2.447	2	0.231609
3/2+(2)	2.626	1+(4)	3.057	0	0.221962
3/2+(2)	2.626	1+(4)	3.057	2	0.203579
3/2+(2)	2.626	2+(4)	3.148	0	0.00328773
3/2+(2)	2.626	2+(4)	3.148	2	0.169793
3/2+(2)	2.626	3+(4)	3.296	2	0.242241
3/2+(2)	2.626	3+(5)	3.711	2	0.0691342
3/2+(2)	2.626	1+(5)	3.728	0	0.0821878
3/2+(2)	2.626	1+(5)	3.728	2	0.0121146
3/2+(2)	2.626	0+(2)	3.78	2	0.106268
3/2+(2)	2.626	1+(6)	3.805	0	0.00401027
3/2+(2)	2.626	1+(6)	3.805	2	0.199031
3/2+(2)	2.626	4+(2)	3.986	2	0.00118493
3/2+(2)	2.626	2+(5)	4.129	0	0.185801
3/2+(2)	2.626	2+(5)	4.129	2	0.0916714
3/2+(2)	2.626	2+(6)	4.15	0	0.0052288
3/2+(2)	2.626	2+(6)	4.15	2	0.003112
3/2+(2)	2.626	2+(7)	4.624	0	0.0736551
3/2+(2)	2.626	2+(7)	4.624	2	0.459162
3/2+(2)	2.626	3+(6)	4.728	2	0.0931317
3/2+(2)	2.626	4+(3)	4.738	2	0.0209467
3/2+(2)	2.626	3+(7)	4.845	2	0.00930829
3/2+(2)	2.626	4+(4)	4.861	2	0.00125808
3/2+(2)	2.626	1+(7)	4.886	0	0.0267731
3/2+(2)	2.626	1+(7)	4.886	2	0.0517667
3/2+(2)	2.626	2+(8)	4.906	0	0.000197658
3/2+(2)	2.626	2+(8)	4.906	2	0.00601861
3/2+(2)	2.626	1+(8)	5.021	0	0.122054
3/2+(2)	2.626	1+(8)	5.021	2	0.103202
3/2+(2)	2.626	0+(3)	5.199	2	0.000785338
3/2+(2)	2.626	1+(9)	5.456	0	1.2383e-05
3/2+(2)	2.626	1+(9)	5.456	2	0.00466399
3/2+(2)	2.626	3+(8)	5.775	2	0.0771717
3/2+(2)	2.626	3+(9)	5.966	2	0.0121332
3/2+(2)	2.626	1+(10)	6.039	0	0.0225567
3/2+(2)	2.626	1+(10)	6.039	2	0.0109525
3/2+(2)	2.626	2+(9)	6.063	0	0.0179645
3/2+(2)	2.626	2+(9)	6.063	2	0.0554131
3/2+(2)	2.626	2+(10)	6.065	0	0.0568963
3/2+(2)	2.626	2+(10)	6.065	2	0.00568567
3/2+(2)	2.626	3+(10)	6.169	2	0.10402
3/2+(2)	2.626	4+(5)	6.315	2	0.00460183
7/2+(1)	2.749	3+(1)	0	0	0.000806501
7/2+(1)	2.749	3+(1)	0	2	0.719123
7/2+(1)	2.749	1+(1)	0.35	2	0.0087883
7/2+(1)	2.749	1+(2)	0.536	2	0.00632552
7/2+(1)	2.749	2+(1)	1.092	2	0.0546005
7/2+(1)	2.749	2+(2)	1.727	2	0.0129998
7/2+(1)	2.749	3+(2)	2.062	0	0.131986
7/2+(1)	2.749	3+(2)	2.062	2	0.19798
7/2+(1)	2.749	2+(3)	2.156	2	0.224887
7/2+(1)	2.749	4+(1)	2.287	0	0.268173
7/2+(1)	2.749	4+(1)	2.287	2	0.252735
7/2+(1)	2.749	1+(3)	2.397	2	0.00131789
7/2+(1)	2.749	3+(3)	2.447	0	0.0773629
7/2+(1)	2.749	3+(3)	2.447	2	0.0915567
7/2+(1)	2.749	1+(4)	3.057	2	0.000951954
7/2+(1)	2.749	2+(4)	3.148	2	0.14263
7/2+(1)	2.749	3+(4)	3.296	0	0.0570096
7/2+(1)	2.749	3+(4)	3.296	2	0.00751037
7/2+(1)	2.749	5+(1)	3.668	2	0.262122
7/2+(1)	2.749	3+(5)	3.711	0	0.00716117
7/2+(1)	2.749	3+(5)	3.711	2	0.0600638
7/2+(1)	2.749	1+(5)	3.728	2	0.00442858
7/2+(1)	2.749	1+(6)	3.805	2	0.00426156
7/2+(1)	2.749	4+(2)	3.986	0	0.000155239
7/2+(1)	2.749	4+(2)	3.986	2	0.126992
7/2+(1)	2.749	2+(5)	4.129	2	0.0278105
7/2+(1)	2.749	2+(6)	4.15	2	0.0156315
7/2+(1)	2.749	2+(7)	4.624	2	0.0212525
7/2+(1)	2.749	3+(6)	4.728	0	0.0215527
7/2+(1)	2.749	3+(6)	4.728	2	0.0596733
7/2+(1)	2.749	4+(3)	4.738	0	0.0011959
7/2+(1)	2.749	4+(3)	4.738	2	0.01886
7/2+(1)	2.749	3+(7)	4.845	0	0.0305429
7/2+(1)	2.749	3+(7)	4.845	2	0.017232
7/2+(1)	2.749	4+(4)	4.861	0	0.143109
7/2+(1)	2.749	4+(4)	4.861	2	0.125448
7/2+(1)	2.749	1+(7)	4.886	2	0.00121798
7/2+(1)	2.749	2+(8)	4.906	2	0.00329696
7/2+(1)	2.749	1+(8)	5.021	2	0.000827082
7/2+(1)	2.749	5+(2)	5.245	2	0.0957752
7/2+(1)	2.749	1+(9)	5.456	2	4.35302e-05
7/2+(1)	2.749	3+(8)	5.775	0	0.0201035
7/2+(1)	2.749	3+(8)	5.775	2	0.00722981
7/2+(1)	2.749	3+(9)	5.966	0	0.0358895
7/2+(1)	2.749	3+(9)	5.966	2	0.00038214
7/2+(1)	2.749	1+(10)	6.039	2	3.48676e-08
7/2+(1)	2.749	2+(9)	6.063	2	0.0112757
7/2+(1)	2.749	2+(10)	6.065	2	0.0281874
7/2+(1)	2.749	3+(10)	6.169	0	0.271455
7/2+(1)	2.749	3+(10)	6.169	2	0.0098753
7/2+(1)	2.749	4+(5)	6.315	0	0.0879799
7/2+(1)	2.749	4+(5)	6.315	2	0.0927737
5/2+(2)	3.097	3+(1)	0	0	0.00408102
5/2+(2)	3.097	3+(1)	0	2	0.0432987
5/2+(2)	3.097	0+(1)	0.024	2	0.0096955
5/2+(2)	3.097	1+(1)	0.35	2	0.0528149
5/2+(2)	3.097	1+(2)	0.536	2	0.179208
5/2+(2)	3.097	2+(1)	1.092	0	0.000554267
5/2+(2)	3.097	2+(1)	1.092	2	0.530561
5/2+(2)	3.097	2+(2)	1.727	0	0.00507442
5/2+(2)	3.097	2+(2)	1.727	2	0.00602825
5/2+(2)	3.097	3+(2)	2.062	0	0.00102173
5/2+(2)	3.097	3+(2)	2.062	2	0.00410872
5/2+(2)	3.097	2+(3)	2.156	0	0.0432678
5/2+(2)	3.097	2+(3)	2.156	2	0.0274978
5/2+(2)	3.097	4+(1)	2.287	2	0.000256138
5/2+(2)	3.097	1+(3)	2.397	2	0.0531812
5/2+(2)	3.097	3+(3)	2.447	0	0.0311283
5/2+(2)	3.097	3+(3)	2.447	2	0.334187
5/2+(2)	3.097	1+(4)	3.057	2	0.0392645
5/2+(2)	3.097	2+(4)	3.148	0	0.0140823
5/2+(2)	3.097	2+(4)	3.148	2	0.119429
5/2+(2)	3.097	3+(4)	3.296	0	0.019606
5/2+(2)	3.097	3+(4)	3.296	2	0.00178397
5/2+(2)	3.097	5+(1)	3.668	2	0.00864986
5/2+(2)	3.097	3+(5)	3.711	0	0.0999329
5/2+(2)	3.097	3+(5)	3.711	2	0.0759721
5/2+(2)	3.097	1+(5)	3.728	2	0.0228834
5/2+(2)	3.097	0+(2)	3.78	2	0.0130313
5/2+(2)	3.097	1+(6)	3.805	2	0.0064298
5/2+(2)	3.097	4+(2)	3.986	2	0.0243543
5/2+(2)	3.097	2+(5)	4.129	0	0.27734
5/2+(2)	3.097	2+(5)	4.129	2	0.0158728
5/2+(2)	3.097	2+(6)	4.15	0	0.0299723
5/2+(2)	3.097	2+(6)	4.15	2	0.00857075
5/2+(2)	3.097	2+(7)	4.624	0	0.0154171
5/2+(2)	3.097	2+(7)	4.624	2	0.0364108
5/2+(2)	3.097	3+(6)	4.728	0	0.0666588
5/2+(2)	3.097	3+(6)	4.728	2	0.312072
5/2+(2)	3.097	4+(3)	4.738	2	0.0625705
5/2+(2)	3.097	3+(7)	4.845	0	0.125072
5/2+(2)	3.097	3+(7)	4.845	2	0.133741
5/2+(2)	3.097	4+(4)	4.861	2	0.134403
5/2+(2)	3.097	1+(7)	4.886	2	0.00576186
5/2+(2)	3.097	2+(8)	4.906	0	0.00104358
5/2+(2)	3.097	2+(8)	4.906	2	0.00650479
5/2+(2)	3.097	1+(8)	5.021	2	0.00854257
5/2+(2)	3.097	0+(3)	5.199	2	5.38803e-05
5/2+(2)	3.097	5+(2)	5.245	2	0.572894
5/2+(2)	3.097	1+(9)	5.456	2	0.00711778
5/2+(2)	3.097	3+(8)	5.775	0	0.0477636
5/2+(2)	3.097	3+(8)	5.775	2	0.0307889
5/2+(2)	3.097	3+(9)	5.966	0	0.000167919
5/2+(2)	3.097	3+(9)	5.966	2	0.00561784
5/2+(2)	3.097	1+(10)	6.039	2	0.0029723
5/2+(2)	3.097	2+(9)	6.063	0	0.00405021
5/2+(2)	3.097	2+(9)	6.063	2	0.00109872
5/2+(2)	3.097	2+(10)	6.065	0	0.214399
5/2+(2)	3.097	2+(10)	6.065	2	0.0960316
5/2+(2)	3.097	3+(10)	6.169	0	7.00846e-05
5/2+(2)	3.097	3+(10)	6.169	2	0.101091
5/2+(2)	3.097	4+(5)	6.315	2	0.00182235
3/2+(3)	3.946	3+(1)	0	2	0.00122214
3/2+(3)	3.946	0+(1)	0.024	2	0.0097386
3/2+(3)	3.946	1+(1)	0.35	0	0.00786177
3/2+(3)	3.946	1+(1)	0.35	2	0.32029
3/2+(3)	3.946	1+(2)	0.536	0	0.022406
3/2+(3)	3.946	1+(2)	0.536	2	0.085085
3/2+(3)	3.946	2+(1)	1.092	0	0.0716085
3/2+(3)	3.946	2+(1)	1.092	2	0.104498
3/2+(3)	3.946	2+(2)	1.727	0	0.0629663
3/2+(3)	3.946	2+(2)	1.727	2	0.255111
3/2+(3)	3.946	3+(2)	2.062	2	0.0968562
3/2+(3)	3.946	2+(3)	2.156	0	0.0199784
3/2+(3)	3.946	2+(3)	2.156	2	0.0255246
3/2+(3)	3.946	4+(1)	2.287	2	0.00349316
3/2+(3)	3.946	1+(3)	2.397	0	0.00316901
3/2+(3)	3.946	1+(3)	2.397	2	0.0462887
3/2+(3)	3.946	3+(3)	2.447	2	0.00547827
3/2+(3)	3.946	1+(4)	3.057	0	0.00638952
3/2+(3)	3.946	1+(4)	3.057	2	0.0371295
3/2+(3)	3.946	2+(4)	3.148	0	0.000215748
3/2+(3)	3.946	2+(4)	3.148	2	0.0257466
3/2+(3)	3.946	3+(4)	3.296	2	0.0260829
3/2+(3)	3.946	3+(5)	3.711	2	0.455155
3/2+(3)	3.946	1+(5)	3.728	0	0.0143493
3/2+(3)	3.946	1+(5)	3.728	2	0.148173
3/2+(3)	3.946	0+(2)	3.78	2	0.0183391
3/2+(3)	3.946	1+(6)	3.805	0	0.000185888
3/2+(3)	3.946	1+(6)	3.805	2	0.0275892
3/2+(3)	3.946	4+(2)	3.986	2	0.113579
3/2+(3)	3.946	2+(5)	4.129	0	0.00181274
3/2+(3)	3.946	2+(5)	4.129	2	0.0285724
3/2+(3)	3.946	2+(6)	4.15	0	0.0116405
3/2+(3)	3.946	2+(6)	4.15	2	0.160013
3/2+(3)	3.946	2+(7)	4.624	0	0.00611157
3/2+(3)	3.946	2+(7)	4.624	2	0.032303
3/2+(3)	3.946	3+(6)	4.728	2	0.0679797
3/2+(3)	3.946	4+(3)	4.738	2	0.0396825
3/2+(3)	3.946	3+(7)	4.845	2	0.0701437
3/2+(3)	3.946	4+(4)	4.861	2	0.0288687
3/2+(3)	3.946	1+(7)	4.886	0	0.0168212
3/2+(3)	3.946	1+(7)	4.886	2	0.0437306
3/2+(3)	3.946	2+(8)	4.906	0	0.0180904
3/2+(3)	3.946	2+(8)	4.906	2	0.00278018
3/2+(3)	3.946	1+(8)	5.021	0	0.0322928
3/2+(3)	3.946	1+(8)	5.021	2	0.0317822
3/2+(3)	3.946	0+(3)	5.199	2	0.0851846
3/2+(3)	3.946	1+(9)	5.456	0	0.0197772
3/2+(3)	3.946	1+(9)	5.456	2	0.0871741
3/2+(3)	3.946	3+(8)	5.775	2	0.0711226
3/2+(3)	3.946	3+(9)	5.966	2	0.0391823
3/2+(3)	3.946	1+(10)	6.039	0	0.0706918
3/2+(3)	3.946	1+(10)	6.039	2	0.0272847
3/2+(3)	3.946	2+(9)	6.063	0	0.000596717
3/2+(3)	3.946	2+(9)	6.063	2	0.0164591
3/2+(3)	3.946	2+(10)	6.065	0	0.0158208
3/2+(3)	3.946	2+(10)	6.065	2	0.00241073
3/2+(3)	3.946	3+(10)	6.169	2	0.00855475
3/2+(3)	3.946	4+(5)	6.315	2	0.101368
1/2+(2)	3.98	3+(1)	0	2	0.000495579
1/2+(2)	3.98	0+(1)	0.024	0	0.00945896
1/2+(2)	3.98	1+(1)	0.35	0	0.00259767
1/2+(2)	3.98	1+(1)	0.35	2	0.300832
1/2+(2)	3.98	1+(2)	0.536	0	0.067378
1/2+(2)	3.98	1+(2)	0.536	2	0.456094
1/2+(2)	3.98	2+(1)	1.092	2	0.0436484
1/2+(2)	3.98	2+(2)	1.727	2	0.131179
1/2+(2)	3.98	3+(2)	2.062	2	0.00933134
1/2+(2)	3.98	2+(3)	2.156	2	0.214438
1/2+(2)	3.98	1+(3)	2.397	0	0.0444537
1/2+(2)	3.98	1+(3)	2.397	2	0.128055
1/2+(2)	3.98	3+(3)	2.447	2	0.0154339
1/2+(2)	3.98	1+(4)	3.057	0	0.0110027
1/2+(2)	3.98	1+(4)	3.057	2	0.0375509
1/2+(2)	3.98	2+(4)	3.148	2	0.101441
1/2+(2)	3.98	3+(4)	3.296	2	0.0488165
1/2+(2)	3.98	3+(5)	3.711	2	0.000562683
1/2+(2)	3.98	1+(5)	3.728	0	0.354303
1/2+(2)	3.98	1+(5)	3.728	2	0.131892
1/2+(2)	3.98	0+(2)	3.78	0	0.000144341
1/2+(2)	3.98	1+(6)	3.805	0	0.000153127
1/2+(2)	3.98	1+(6)	3.805	2	0.00133478
1/2+(2)	3.98	2+(5)	4.129	2	0.0398654
1/2+(2)	3.98	2+(6)	4.15	2	0.0711838
1/2+(2)	3.98	2+(7)	4.624	2	0.016902
1/2+(2)	3.98	3+(6)	4.728	2	0.00776643
1/2+(2)	3.98	3+(7)	4.845	2	0.174736
1/2+(2)	3.98	1+(7)	4.886	0	0.0621018
1/2+(2)	3.98	1+(7)	4.886	2	0.0319006
1/2+(2)	3.98	2+(8)	4.906	2	0.0207702
1/2+(2)	3.98	1+(8)	5.021	0	0.016305
1/2+(2)	3.98	1+(8)	5.021	2	0.0718602
1/2+(2)	3.98	0+(3)	5.199	0	0.0249802
1/2+(2)	3.98	1+(9)	5.456	0	0.0172396
1/2+(2)	3.98	1+(9)	5.456	2	0.0391254
1/2+(2)	3.98	3+(8)	5.775	2	0.0743535
1/2+(2)	3.98	3+(9)	5.966	2	0.00172731
1/2+(2)	3.98	1+(10)	6.039	0	0.0180332
1/2+(2)	3.98	1+(10)	6.039	2	0.015756
1/2+(2)	3.98	2+(9)	6.063	2	0.0383767
1/2+(2)	3.98	2+(10)	6.065	2	0.0113282
1/2+(2)	3.98	3+(10)	6.169	2	0.00165077
9/2+(1)	4.159	3+(1)	0	2	0.0115222
9/2+(1)	4.159	2+(1)	1.092	2	1.36766e-06
9/2+(1)	4.159	2+(2)	1.727	2	0.0111327
9/2+(1)	4.159	3+(2)	2.062	2	0.0334766
9/2+(1)	4.159	2+(3)	2.156	2	0.00173402
9/2+(1)	4.159	4+(1)	2.287	0	0.0368741
9/2+(1)	4.159	4+(1)	2.287	2	0.155652
9/2+(1)	4.159	3+(3)	2.447	2	0.070994
9/2+(1)	4.159	2+(4)	3.148	2	0.000819473
9/2+(1)	4.159	3+(4)	3.296	2	0.0296897
9/2+(1)	4.159	5+(1)	3.668	0	0.0836508
9/2+(1)	4.159	5+(1)	3.668	2	1.02956
9/2+(1)	4.159	3+(5)	3.711	2	0.0318281
9/2+(1)	4.159	4+(2)	3.986	0	0.273978
9/2+(1)	4.159	4+(2)	3.986	2	0.0710424
9/2+(1)	4.159	2+(5)	4.129	2	0.000680216
9/2+(1)	4.159	2+(6)	4.15	2	5.82027e-05
9/2+(1)	4.159	2+(7)	4.624	2	0.0258658
9/2+(1)	4.159	3+(6)	4.728	2	0.162037
9/2+(1)	4.159	4+(3)	4.738	0	0.0095759
9/2+(1)	4.159	4+(3)	4.738	2	0.00312088
9/2+(1)	4.159	3+(7)	4.845	2	0.135643
9/2+(1)	4.159	4+(4)	4.861	0	0.000102447
9/2+(1)	4.159	4+(4)	4.861	2	0.588412
9/2+(1)	4.159	2+(8)	4.906	2	0.000300421
9/2+(1)	4.159	5+(2)	5.245	0	0.12341
9/2+(1)	4.159	5+(2)	5.245	2	0.071587
9/2+(1)	4.159	3+(8)	5.775	2	0.00382901
9/2+(1)	4.159	3+(9)	5.966	2	0.00522916
9/2+(1)	4.159	2+(9)	6.063	2	2.00349e-05
9/2+(1)	4.159	2+(10)	6.065	2	8.89093e-05
9/2+(1)	4.159	3+(10)	6.169	2	0.0636048
9/2+(1)	4.159	4+(5)	6.315	0	0.0331514
9/2+(1)	4.159	4+(5)	6.315	2	0.00731865
7/2+(2)	4.211	3+(1)	0	0	0.0669993
7/2+(2)	4.211	3+(1)	0	2	0.349065
7/2+(2)	4.211	1+(1)	0.35	2	0.00254909
7/2+(2)	4.211	1+(2)	0.536	2	0.000717659
7/2+(2)	4.211	2+(1)	1.092	2	0.105676
7/2+(2)	4.211	2+(2)	1.727	2	0.00809591
7/2+(2)	4.211	3+(2)	2.062	0	0.00760543
7/2+(2)	4.211	3+(2)	2.062	2	0.0740917
7/2+(2)	4.211	2+(3)	2.156	2	0.00513015
7/2+(2)	4.211	4+(1)	2.287	0	0.0837089
7/2+(2)	4.211	4+(1)	2.287	2	0.60229
7/2+(2)	4.211	1+(3)	2.397	2	0.00482206
7/2+(2)	4.211	3+(3)	2.447	0	0.0139931
7/2+(2)	4.211	3+(3)	2.447	2	0.00891861
7/2+(2)	4.211	1+(4)	3.057	2	0.00170059
7/2+(2)	4.211	2+(4)	3.148	2	0.00863764
7/2+(2)	4.211	3+(4)	3.296	0	0.0151651
7/2+(2)	4.211	3+(4)	3.296	2	0.000325172
7/2+(2)	4.211	5+(1)	3.668	2	0.156076
7/2+(2)	4.211	3+(5)	3.711	0	0.151195
7/2+(2)	4.211	3+(5)	3.711	2	0.133798
7/2+(2)	4.211	1+(5)	3.728	2	2.63277e-05
7/2+(2)	4.211	1+(6)	3.805	2	0.000222222
7/2+(2)	4.211	4+(2)	3.986	0	0.0341903
7/2+(2)	4.211	4+(2)	3.986	2	0.0222185
7/2+(2)	4.211	2+(5)	4.129	2	0.0255804
7/2+(2)	4.211	2+(6)	4.15	2	0.333473
7/2+(2)	4.211	2+(7)	4.624	2	0.00432602
7/2+(2)	4.211	3+(6)	4.728	0	0.017688
7/2+(2)	4.211	3+(6)	4.728	2	0.0557655
7/2+(2)	4.211	4+(3)	4.738	0	9.17049e-05
7/2+(2)	4.211	4+(3)	4.738	2	0.0146829
7/2+(2)	4.211	3+(7)	4.845	0	0.00694739
7/2+(2)	4.211	3+(7)	4.845	2	0.192827
7/2+(2)	4.211	4+(4)	4.861	0	0.00230955
7/2+(2)	4.211	4+(4)	4.861	2	0.0886385
7/2+(2)	4.211	1+(7)	4.886	2	0.00552191
7/2+(2)	4.211	2+(8)	4.906	2	0.00261259
7/2+(2)	4.211	1+(8)	5.021	2	0.00339362
7/2+(2)	4.211	5+(2)	5.245	2	0.00854586
7/2+(2)	4.211	1+(9)	5.456	2	0.00224646
7/2+(2)	4.211	3+(8)	5.775	0	0.00870197
7/2+(2)	4.211	3+(8)	5.775	2	0.0269446
7/2+(2)	4.211	3+(9)	5.966	0	0.0960609
7/2+(2)	4.211	3+(9)	5.966	2	0.0298086
7/2+(2)	4.211	1+(10)	6.039	2	0.00188067
7/2+(2)	4.211	2+(9)	6.063	2	0.00840934
7/2+(2)	4.211	2+(10)	6.065	2	0.00166529
7/2+(2)	4.211	3+(10)	6.169	0	0.000171616
7/2+(2)	4.211	3+(10)	6.169	2	0.0401871
7/2+(2)	4.211	4+(5)	6.315	0	0.0104727
7/2+(2)	4.211	4+(5)	6.315	2	0.0403782
5/2+(3)	4.605	3+(1)	0	0	0.010121
5/2+(3)	4.605	3+(1)	0	2	0.268057
5/2+(3)	4.605	0+(1)	0.024	2	8.98057e-05
5/2+(3)	4.605	1+(1)	0.35	2	0.122703
5/2+(3)	4.605	1+(2)	0.536	2	0.125604
5/2+(3)	4.605	2+(1)	1.092	0	0.000122982
5/2+(3)	4.605	2+(1)	1.092	2	0.0500074
5/2+(3)	4.605	2+(2)	1.727	0	0.00341431
5/2+(3)	4.605	2+(2)	1.727	2	0.00223482
5/2+(3)	4.605	3+(2)	2.062	0	0.173176
5/2+(3)	4.605	3+(2)	2.062	2	0.265677
5/2+(3)	4.605	2+(3)	2.156	0	0.00020381
5/2+(3)	4.605	2+(3)	2.156	2	0.00949568
5/2+(3)	4.605	4+(1)	2.287	2	0.186494
5/2+(3)	4.605	1+(3)	2.397	2	0.0600468
5/2+(3)	4.605	3+(3)	2.447	0	0.000598809
5/2+(3)	4.605	3+(3)	2.447	2	0.0007413
5/2+(3)	4.605	1+(4)	3.057	2	0.0461158
5/2+(3)	4.605	2+(4)	3.148	0	0.00512866
5/2+(3)	4.605	2+(4)	3.148	2	0.109901
5/2+(3)	4.605	3+(4)	3.296	0	0.00117506
5/2+(3)	4.605	3+(4)	3.296	2	0.00104186
5/2+(3)	4.605	5+(1)	3.668	2	0.17887
5/2+(3)	4.605	3+(5)	3.711	0	0.0171017
5/2+(3)	4.605	3+(5)	3.711	2	0.199242
5/2+(3)	4.605	1+(5)	3.728	2	0.0320366
5/2+(3)	4.605	0+(2)	3.78	2	0.000934631
5/2+(3)	4.605	1+(6)	3.805	2	0.0110847
5/2+(3)	4.605	4+(2)	3.986	2	0.0203842
5/2+(3)	4.605	2+(5)	4.129	0	0.00098163
5/2+(3)	4.605	2+(5)	4.129	2	0.00232057
5/2+(3)	4.605	2+(6)	4.15	0	0.00066184
5/2+(3)	4.605	2+(6)	4.15	2	0.308801
5/2+(3)	4.605	2+(7)	4.624	0	0.0011405
5/2+(3)	4.605	2+(7)	4.624	2	0.00806314
5/2+(3)	4.605	3+(6)	4.728	0	0.0170316
5/2+(3)	4.605	3+(6)	4.728	2	0.0119137
5/2+(3)	4.605	4+(3)	4.738	2	0.00244055
5/2+(3)	4.605	3+(7)	4.845	0	0.0528827
5/2+(3)	4.605	3+(7)	4.845	2	0.0230011
5/2+(3)	4.605	4+(4)	4.861	2	0.0158976
5/2+(3)	4.605	1+(7)	4.886	2	0.0989875
5/2+(3)	4.605	2+(8)	4.906	0	3.50189e-05
5/2+(3)	4.605	2+(8)	4.906	2	0.000297698
5/2+(3)	4.605	1+(8)	5.021	2	0.0406892
5/2+(3)	4.605	0+(3)	5.199	2	0.000138491
5/2+(3)	4.605	5+(2)	5.245	2	0.0309726
5/2+(3)	4.605	1+(9)	5.456	2	0.00132547
5/2+(3)	4.605	3+(8)	5.775	0	0.00435082
5/2+(3)	4.605	3+(8)	5.775	2	0.00134847
5/2+(3)	4.605	3+(9)	5.966	0	0.00221504
5/2+(3)	4.605	3+(9)	5.966	2	0.00347774
5/2+(3)	4.605	1+(10)	6.039	2	0.00280288
5/2+(3)	4.605	2+(9)	6.063	0	0.0884631
5/2+(3)	4.605	2+(9)	6.063	2	0.013876
5/2+(3)	4.605	2+(10)	6.065	0	0.0227735
5/2+(3)	4.605	2+(10)	6.065	2	0.000415105
5/2+(3)	4.605	3+(10)	6.169	0	0.00563118
5/2+(3)	4.605	3+(10)	6.169	2	0.0174152
5/2+(3)	4.605	4+(5)	6.315	2	0.062181
3/2+(4)	4.765	3+(1)	0	2	9.57195e-07
3/2+(4)	4.765	0+(1)	0.024	2	0.00111988
3/2+(4)	4.765	1+(1)	0.35	0	0.0187154
3/2+(4)	4.765	1+(1)	0.35	2	0.122183
3/2+(4)	4.765	1+(2)	0.536	0	0.000293487
3/2+(4)	4.765	1+(2)	0.536	2	0.0688647
3/2+(4)	4.765	2+(1)	1.092	0	0.00422452
3/2+(4)	4.765	2+(1)	1.092	2	0.213286
3/2+(4)	4.765	2+(2)	1.727	0	0.126693
3/2+(4)	4.765	2+(2)	1.727	2	0.0086983
3/2+(4)	4.765	3+(2)	2.062	2	0.0382921
3/2+(4)	4.765	2+(3)	2.156	0	2.6005e-06
3/2+(4)	4.765	2+(3)	2.156	2	0.00514825
3/2+(4)	4.765	4+(1)	2.287	2	0.000567795
3/2+(4)	4.765	1+(3)	2.397	0	3.95342e-05
3/2+(4)	4.765	1+(3)	2.397	2	0.0223973
3/2+(4)	4.765	3+(3)	2.447	2	0.191022
3/2+(4)	4.765	1+(4)	3.057	0	0.0145795
3/2+(4)	4.765	1+(4)	3.057	2	0.0122641
3/2+(4)	4.765	2+(4)	3.148	0	0.00183669
3/2+(4)	4.765	2+(4)	3.148	2	0.000161221
3/2+(4)	4.765	3+(4)	3.296	2	0.0425277
3/2+(4)	4.765	3+(5)	3.711	2	0.146736
3/2+(4)	4.765	1+(5)	3.728	0	0.0874434
3/2+(4)	4.765	1+(5)	3.728	2	0.0179136
3/2+(4)	4.765	0+(2)	3.78	2	0.0495497
3/2+(4)	4.765	1+(6)	3.805	0	0.0150467
3/2+(4)	4.765	1+(6)	3.805	2	0.118047
3/2+(4)	4.765	4+(2)	3.986	2	0.0962487
3/2+(4)	4.765	2+(5)	4.129	0	0.00151361
3/2+(4)	4.765	2+(5)	4.129	2	0.0171863
3/2+(4)	4.765	2+(6)	4.15	0	0.0119169
3/2+(4)	4.765	2+(6)	4.15	2	0.0104847
3/2+(4)	4.765	2+(7)	4.624	0	0.0498385
3/2+(4)	4.765	2+(7)	4.624	2	0.127296
3/2+(4)	4.765	3+(6)	4.728	2	0.00400671
3/2+(4)	4.765	4+(3)	4.738	2	0.00983523
3/2+(4)	4.765	3+(7)	4.845	2	0.0302168
3/2+(4)	4.765	4+(4)	4.861	2	0.00465708
3/2+(4)	4.765	1+(7)	4.886	0	0.0616063
3/2+(4)	4.765	1+(7)	4.886	2	0.266628
3/2+(4)	4.765	2+(8)	4.906	0	0.000333542
3/2+(4)	4.765	2+(8)	4.906	2	0.00761089
3/2+(4)	4.765	1+(8)	5.021	0	0.0233005
3/2+(4)	4.765	1+(8)	5.021	2	0.0931778
3/2+(4)	4.765	0+(3)	5.199	2	0.00231077
3/2+(4)	4.765	1+(9)	5.456	0	0.00570672
3/2+(4)	4.765	1+(9)	5.456	2	0.0833853
3/2+(4)	4.765	3+(8)	5.775	2	0.00274085
3/2+(4)	4.765	3+(9)	5.966	2	0.0486105
3/2+(4)	4.765	1+(10)	6.039	0	0.280712
3/2+(4)	4.765	1+(10)	6.039	2	0.0280225
3/2+(4)	4.765	2+(9)	6.063	0	0.0692196
3/2+(4)	4.765	2+(9)	6.063	2	0.0191665
3/2+(4)	4.765	2+(10)	6.065	0	0.000141027
3/2+(4)	4.765	2+(10)	6.065	2	0.0343641
3/2+(4)	4.765	3+(10)	6.169	2	0.130167
3/2+(4)	4.765	4+(5)	6.315	2	0.0483844
1/2+(3)	4.93	3+(1)	0	2	0.000524809
1/2+(3)	4.93	0+(1)	0.024	0	0.00057424
1/2+(3)	4.93	1+(1)	0.35	0	0.180567
1/2+(3)	4.93	1+(1)	0.35	2	0.0025021
1/2+(3)	4.93	1+(2)	0.536	0	0.00150888
1/2+(3)	4.93	1+(2)	0.536	2	0.439186
1/2+(3)	4.93	2+(1)	1.092	2	0.272953
1/2+(3)	4.93	2+(2)	1.727	2	0.289081
1/2+(3)	4.93	3+(2)	2.062	2	0.124139
1/2+(3)	4.93	2+(3)	2.156	2	0.00404357
1/2+(3)	4.93	1+(3)	2.397	0	0.00680821
1/2+(3)	4.93	1+(3)	2.397	2	0.0163824
1/2+(3)	4.93	3+(3)	2.447	2	0.000298725
1/2+(3)	4.93	1+(4)	3.057	0	0.0233471
1/2+(3)	4.93	1+(4)	3.057	2	0.00121193
1/2+(3)	4.93	2+(4)	3.148	2	0.00285539
1/2+(3)	4.93	3+(4)	3.296	2	0.00566318
1/2+(3)	4.93	3+(5)	3.711	2	0.0323952
1/2+(3)	4.93	1+(5)	3.728	0	0.00280723
1/2+(3)	4.93	1+(5)	3.728	2	0.232231
1/2+(3)	4.93	0+(2)	3.78	0	0.00317028
1/2+(3)	4.93	1+(6)	3.805	0	0.000548188
1/2+(3)	4.93	1+(6)	3.805	2	0.0045217
1/2+(3)	4.93	2+(5)	4.129	2	0.0604717
1/2+(3)	4.93	2+(6)	4.15	2	0.114966
1/2+(3)	4.93	2+(7)	4.624	2	0.0036474
1/2+(3)	4.93	3+(6)	4.728	2	0.000155593
1/2+(3)	4.93	3+(7)	4.845	2	0.0538607
1/2+(3)	4.93	1+(7)	4.886	0	0.10167
1/2+(3)	4.93	1+(7)	4.886	2	0.0495857
1/2+(3)	4.93	2+(8)	4.906	2	0.0187859
1/2+(3)	4.93	1+(8)	5.021	0	0.0384184
1/2+(3)	4.93	1+(8)	5.021	2	0.043664
1/2+(3)	4.93	0+(3)	5.199	0	0.000699075
1/2+(3)	4.93	1+(9)	5.456	0	0.0791604
1/2+(3)	4.93	1+(9)	5.456	2	0.173314
1/2+(3)	4.93	3+(8)	5.775	2	0.0618122
1/2+(3)	4.93	3+(9)	5.966	2	0.032813
1/2+(3)	4.93	1+(10)	6.039	0	3.79049e-05
1/2+(3)	4.93	1+(10)	6.039	2	0.0704383
1/2+(3)	4.93	2+(9)	6.063	2	0.0746233
1/2+(3)	4.93	2+(10)	6.065	2	0.0715099
1/2+(3)	4.93	3+(10)	6.169	2	0.00142566
7/2+(3)	5.189	3+(1)	0	0	1.75336e-05
7/2+(3)	5.189	3+(1)	0	2	0.00281138
7/2+(3)	5.189	1+(1)	0.35	2	0.00567532
7/2+(3)	5.189	1+(2)	0.536	2	0.000290767
7/2+(3)	5.189	2+(1)	1.092	2	0.00935692
7/2+(3)	5.189	2+(2)	1.727	2	0.00891115
7/2+(3)	5.189	3+(2)	2.062	0	0.049664
7/2+(3)	5.189	3+(2)	2.062	2	0.00886789
7/2+(3)	5.189	2+(3)	2.156	2	0.00914648
7/2+(3)	5.189	4+(1)	2.287	0	0.00105405
7/2+(3)	5.189	4+(1)	2.287	2	0.000598408
7/2+(3)	5.189	1+(3)	2.397	2	0.000180611
7/2+(3)	5.189	3+(3)	2.447	0	0.0252026
7/2+(3)	5.189	3+(3)	2.447	2	0.0594486
7/2+(3)	5.189	1+(4)	3.057	2	0.0152555
7/2+(3)	5.189	2+(4)	3.148	2	0.0114576
7/2+(3)	5.189	3+(4)	3.296	0	3.89681e-06
7/2+(3)	5.189	3+(4)	3.296	2	0.0789363
7/2+(3)	5.189	5+(1)	3.668	2	0.0103379
7/2+(3)	5.189	3+(5)	3.711	0	0.037521
7/2+(3)	5.189	3+(5)	3.711	2	0.00758284
7/2+(3)	5.189	1+(5)	3.728	2	0.00620381
7/2+(3)	5.189	1+(6)	3.805	2	0.00247489
7/2+(3)	5.189	4+(2)	3.986	0	0.0602138
7/2+(3)	5.189	4+(2)	3.986	2	0.561997
7/2+(3)	5.189	2+(5)	4.129	2	0.16927
7/2+(3)	5.189	2+(6)	4.15	2	0.00162317
7/2+(3)	5.189	2+(7)	4.624	2	0.0132688
7/2+(3)	5.189	3+(6)	4.728	0	0.0088551
7/2+(3)	5.189	3+(6)	4.728	2	0.0350235
7/2+(3)	5.189	4+(3)	4.738	0	0.00752966
7/2+(3)	5.189	4+(3)	4.738	2	0.00534824
7/2+(3)	5.189	3+(7)	4.845	0	0.00215835
7/2+(3)	5.189	3+(7)	4.845	2	0.150735
7/2+(3)	5.189	4+(4)	4.861	0	0.0104881
7/2+(3)	5.189	4+(4)	4.861	2	0.104257
7/2+(3)	5.189	1+(7)	4.886	2	6.94539e-05
7/2+(3)	5.189	2+(8)	4.906	2	0.000768975
7/2+(3)	5.189	1+(8)	5.021	2	0.00401981
7/2+(3)	5.189	5+(2)	5.245	2	0.110816
7/2+(3)	5.189	1+(9)	5.456	2	0.000365636
7/2+(3)	5.189	3+(8)	5.775	0	0.310592
7/2+(3)	5.189	3+(8)	5.775	2	0.137204
7/2+(3)	5.189	3+(9)	5.966	0	0.0429769
7/2+(3)	5.189	3+(9)	5.966	2	0.0370793
7/2+(3)	5.189	1+(10)	6.039	2	0.000558888
7/2+(3)	5.189	2+(9)	6.063	2	0.00871624
7/2+(3)	5.189	2+(10)	6.065	2	0.202108
7/2+(3)	5.189	3+(10)	6.169	0	0.0187905
7/2+(3)	5.189	3+(10)	6.169	2	0.192574
7/2+(3)	5.189	4+(5)	6.315	0	0.00131899
7/2+(3)	5.189	4+(5)	6.315	2	0.00518513
5/2+(4)	5.713	3+(1)	0	0	0.00165495
5/2+(4)	5.713	3+(1)	0	2	0.00649661
5/2+(4)	5.713	0+(1)	0.024	2	0.00143185
5/2+(4)	5.713	1+(1)	0.35	2	0.0401058
5/2+(4)	5.713	1+(2)	0.536	2	0.00303565
5/2+(4)	5.713	2+(1)	1.092	0	0.0226066
5/2+(4)	5.713	2+(1)	1.092	2	0.199992
5/2+(4)	5.713	2+(2)	1.727	0	0.00306731
5/2+(4)	5.713	2+(2)	1.727	2	0.0628714
5/2+(4)	5.713	3+(2)	2.062	0	0.00451574
5/2+(4)	5.713	3+(2)	2.062	2	0.0487361
5/2+(4)	5.713	2+(3)	2.156	0	0.00408107
5/2+(4)	5.713	2+(3)	2.156	2	0.00396643
5/2+(4)	5.713	4+(1)	2.287	2	0.000846794
5/2+(4)	5.713	1+(3)	2.397	2	0.0635035
5/2+(4)	5.713	3+(3)	2.447	0	0.129042
5/2+(4)	5.713	3+(3)	2.447	2	0.138359
5/2+(4)	5.713	1+(4)	3.057	2	0.00439693
5/2+(4)	5.713	2+(4)	3.148	0	0.00190337
5/2+(4)	5.713	2+(4)	3.148	2	0.0340233
5/2+(4)	5.713	3+(4)	3.296	0	0.0495948
5/2+(4)	5.713	3+(4)	3.296	2	0.0577243
5/2+(4)	5.713	5+(1)	3.668	2	0.0109231
5/2+(4)	5.713	3+(5)	3.711	0	0.0358926
5/2+(4)	5.713	3+(5)	3.711	2	0.00352802
5/2+(4)	5.713	1+(5)	3.728	2	0.0256611
5/2+(4)	5.713	0+(2)	3.78	2	0.000481647
5/2+(4)	5.713	1+(6)	3.805	2	0.00247903
5/2+(4)	5.713	4+(2)	3.986	2	0.025944
5/2+(4)	5.713	2+(5)	4.129	0	0.000597103
5/2+(4)	5.713	2+(5)	4.129	2	0.00378427
5/2+(4)	5.713	2+(6)	4.15	0	0.0252012
5/2+(4)	5.713	2+(6)	4.15	2	0.0292241
5/2+(4)	5.713	2+(7)	4.624	0	0.000905319
5/2+(4)	5.713	2+(7)	4.624	2	0.00266122
5/2+(4)	5.713	3+(6)	4.728	0	0.00897627
5/2+(4)	5.713	3+(6)	4.728	2	0.0505002
5/2+(4)	5.713	4+(3)	4.738	2	0.0846889
5/2+(4)	5.713	3+(7)	4.845	0	0.000114577
5/2+(4)	5.713	3+(7)	4.845	2	0.00294536
5/2+(4)	5.713	4+(4)	4.861	2	0.00207909
5/2+(4)	5.713	1+(7)	4.886	2	0.0164471
5/2+(4)	5.713	2+(8)	4.906	0	0.0143005
5/2+(4)	5.713	2+(8)	4.906	2	0.214986
5/2+(4)	5.713	1+(8)	5.021	2	0.00192771
5/2+(4)	5.713	0+(3)	5.199	2	0.000332024
5/2+(4)	5.713	5+(2)	5.245	2	0.0037823
5/2+(4)	5.713	1+(9)	5.456	2	0.00363223
5/2+(4)	5.713	3+(8)	5.775	0	0.00318114
5/2+(4)	5.713	3+(8)	5.775	2	0.0020937
5/2+(4)	5.713	3+(9)	5.966	0	0.0222304
5/2+(4)	5.713	3+(9)	5.966	2	0.0382037
5/2+(4)	5.713	1+(10)	6.039	2	0.00023224
5/2+(4)	5.713	2+(9)	6.063	0	0.00336637
5/2+(4)	5.713	2+(9)	6.063	2	0.016151
5/2+(4)	5.713	2+(10)	6.065	0	0.00189673
5/2+(4)	5.713	2+(10)	6.065	2	0.00842862
5/2+(4)	5.713	3+(10)	6.169	0	0.00030132
5/2+(4)	5.713	3+(10)	6.169	2	0.00309773
5/2+(4)	5.713	4+(5)	6.315	2	0.0164388
3/2+(5)	5.798	3+(1)	0	2	0.000619772
3/2+(5)	5.798	0+(1)	0.024	2	0.00341054
3/2+(5)	5.798	1+(1)	0.35	0	0.0913225
3/2+(5)	5.798	1+(1)	0.35	2	0.00581851
3/2+(5)	5.798	1+(2)	0.536	0	0.00381673
3/2+(5)	5.798	1+(2)	0.536	2	0.0231962
3/2+(5)	5.798	2+(1)	1.092	0	0.00239713
3/2+(5)	5.798	2+(1)	1.092	2	0.0442987
3/2+(5)	5.798	2+(2)	1.727	0	0.00726917
3/2+(5)	5.798	2+(2)	1.727	2	0.100323
3/2+(5)	5.798	3+(2)	2.062	2	0.441377
3/2+(5)	5.798	2+(3)	2.156	0	0.0125475
3/2+(5)	5.798	2+(3)	2.156	2	0.0192892
3/2+(5)	5.798	4+(1)	2.287	2	0.00262096
3/2+(5)	5.798	1+(3)	2.397	0	0.0052246
3/2+(5)	5.798	1+(3)	2.397	2	0.0919587
3/2+(5)	5.798	3+(3)	2.447	2	0.0341647
3/2+(5)	5.798	1+(4)	3.057	0	0.00628657
3/2+(5)	5.798	1+(4)	3.057	2	0.0136208
3/2+(5)	5.798	2+(4)	3.148	0	0.0136437
3/2+(5)	5.798	2+(4)	3.148	2	0.000348969
3/2+(5)	5.798	3+(4)	3.296	2	0.00671139
3/2+(5)	5.798	3+(5)	3.711	2	0.103889
3/2+(5)	5.798	1+(5)	3.728	0	0.0131194
3/2+(5)	5.798	1+(5)	3.728	2	0.299377
3/2+(5)	5.798	0+(2)	3.78	2	0.00767782
3/2+(5)	5.798	1+(6)	3.805	0	3.56942e-05
3/2+(5)	5.798	1+(6)	3.805	2	0.00146496
3/2+(5)	5.798	4+(2)	3.986	2	0.00748066
3/2+(5)	5.798	2+(5)	4.129	0	0.0015591
3/2+(5)	5.798	2+(5)	4.129	2	0.0107426
3/2+(5)	5.798	2+(6)	4.15	0	0.0165477
3/2+(5)	5.798	2+(6)	4.15	2	0.0814415
3/2+(5)	5.798	2+(7)	4.624	0	3.40765e-05
3/2+(5)	5.798	2+(7)	4.624	2	0.00161593
3/2+(5)	5.798	3+(6)	4.728	2	0.0250357
3/2+(5)	5.798	4+(3)	4.738	2	0.000582276
3/2+(5)	5.798	3+(7)	4.845	2	0.0705693
3/2+(5)	5.798	4+(4)	4.861	2	0.00355579
3/2+(5)	5.798	1+(7)	4.886	0	0.0429354
3/2+(5)	5.798	1+(7)	4.886	2	0.0222041
3/2+(5)	5.798	2+(8)	4.906	0	0.00077815
3/2+(5)	5.798	2+(8)	4.906	2	0.00265201
3/2+(5)	5.798	1+(8)	5.021	0	0.0128447
3/2+(5)	5.798	1+(8)	5.021	2	0.07603
3/2+(5)	5.798	0+(3)	5.199	2	0.156946
3/2+(5)	5.798	1+(9)	5.456	0	0.0113841
3/2+(5)	5.798	1+(9)	5.456	2	0.010053
3/2+(5)	5.798	3+(8)	5.775	2	0.11029
3/2+(5)	5.798	3+(9)	5.966	2	0.0345185
3/2+(5)	5.798	1+(10)	6.039	0	0.000790018
3/2+(5)	5.798	1+(10)	6.039	2	0.112324
3/2+(5)	5.798	2+(9)	6.063	0	0.000386742
3/2+(5)	5.798	2+(9)	6.063	2	0.0624755
3/2+(5)	5.798	2+(10)	6.065	0	0.000839378
3/2+(5)	5.798	2+(10)	6.065	2	0.0716281
3/2+(5)	5.798	3+(10)	6.169	2	0.00180495
3/2+(5)	5.798	4+(5)	6.315	2	0.0119767
3/2+(6)	5.814	3+(1)	0	2	5.01693e-21
3/2+(6)	5.814	0+(1)	0.024	2	0.251815
3/2+(6)	5.814	1+(1)	0.35	0	2.16402e-22
3/2+(6)	5.814	1+(1)	0.35	2	9.74724e-22
3/2+(6)	5.814	1+(2)	0.536	0	2.29984e-24
3/2+(6)	5.814	1+(2)	0.536	2	4.09157e-23
3/2+(6)	5.814	2+(1)	1.092	0	2.78781e-22
3/2+(6)	5.814	2+(1)	1.092	2	5.19826e-21
3/2+(6)	5.814	2+(2)	1.727	0	6.2016e-21
3/2+(6)	5.814	2+(2)	1.727	2	1.38478e-20
3/2+(6)	5.814	3+(2)	2.062	2	2.26563e-21
3/2+(6)	5.814	2+(3)	2.156	0	0.122583
3/2+(6)	5.814	2+(3)	2.156	2	0.743182
3/2+(6)	5.814	4+(1)	2.287	2	8.80343e-22
3/2+(6)	5.814	1+(3)	2.397	0	9.85643e-22
3/2+(6)	5.814	1+(3)	2.397	2	3.87127e-21
3/2+(6)	5.814	3+(3)	2.447	2	6.55605e-21
3/2+(6)	5.814	1+(4)	3.057	0	5.88029e-22
3/2+(6)	5.814	1+(4)	3.057	2	1.4446e-20
3/2+(6)	5.814	2+(4)	3.148	0	0.0208901
3/2+(6)	5.814	2+(4)	3.148	2	0.16825
3/2+(6)	5.814	3+(4)	3.296	2	1.37358e-20
3/2+(6)	5.814	3+(5)	3.711	2	5.05944e-20
3/2+(6)	5.814	1+(5)	3.728	0	9.56131e-22
3/2+(6)	5.814	1+(5)	3.728	2	2.89455e-21
3/2+(6)	5.814	0+(2)	3.78	2	0.0170238
3/2+(6)	5.814	1+(6)	3.805	0	0.00056086
3/2+(6)	5.814	1+(6)	3.805	2	0.00265811
3/2+(6)	5.814	4+(2)	3.986	2	3.55453e-21
3/2+(6)	5.814	2+(5)	4.129	0	3.3591e-22
3/2+(6)	5.814	2+(5)	4.129	2	2.0669e-19
3/2+(6)	5.814	2+(6)	4.15	0	0.2615
3/2+(6)	5.814	2+(6)	4.15	2	0.566947
3/2+(6)	5.814	2+(7)	4.624	0	0.00023327
3/2+(6)	5.814	2+(7)	4.624	2	0.013282
3/2+(6)	5.814	3+(6)	4.728	2	0.0161462
3/2+(6)	5.814	4+(3)	4.738	2	7.9857e-20
3/2+(6)	5.814	3+(7)	4.845	2	3.17204e-20
3/2+(6)	5.814	4+(4)	4.861	2	0.308515
3/2+(6)	5.814	1+(7)	4.886	0	3.91848e-22
3/2+(6)	5.814	1+(7)	4.886	2	3.2596e-21
3/2+(6)	5.814	2+(8)	4.906	0	5.22995e-22
3/2+(6)	5.814	2+(8)	4.906	2	1.19746e-20
3/2+(6)	5.814	1+(8)	5.021	0	1.77899e-21
3/2+(6)	5.814	1+(8)	5.021	2	8.77946e-22
3/2+(6)	5.814	0+(3)	5.199	2	0.026285
3/2+(6)	5.814	1+(9)	5.456	0	0.254534
3/2+(6)	5.814	1+(9)	5.456	2	0.00155696
3/2+(6)	5.814	3+(8)	5.775	2	3.06123e-21
3/2+(6)	5.814	3+(9)	5.966	2	8.83224e-20
3/2+(6)	5.814	1+(10)	6.039	0	8.17338e-22
3/2+(6)	5.814	1+(10)	6.039	2	3.31615e-21
3/2+(6)	5.814	2+(9)	6.063	0	4.41589e-21
3/2+(6)	5.814	2+(9)	6.063	2	4.53762e-20
3/2+(6)	5.814	2+(10)	6.065	0	0.0308473
3/2+(6)	5.814	2+(10)	6.065	2	0.00727475
3/2+(6)	5.814	3+(10)	6.169	2	0.0217324
3/2+(6)	5.814	4+(5)	6.315	2	7.78186e-17
5/2+(5)	5.836	3+(1)	0	0	0.062913
5/2+(5)	5.836	3+(1)	0	2	0.0498202
5/2+(5)	5.836	0+(1)	0.024	2	0.000608529
5/2+(5)	5.836	1+(1)	0.35	2	0.0498265
5/2+(5)	5.836	1+(2)	0.536	2	0.00178052
5/2+(5)	5.836	2+(1)	1.092	0	0.000884372
5/2+(5)	5.836	2+(1)	1.092	2	0.0872924
5/2+(5)	5.836	2+(2)	1.727	0	0.0273404
5/2+(5)	5.836	2+(2)	1.727	2	0.13936
5/2+(5)	5.836	3+(2)	2.062	0	0.0298818
5/2+(5)	5.836	3+(2)	2.062	2	0.237337
5/2+(5)	5.836	2+(3)	2.156	0	0.000277583
5/2+(5)	5.836	2+(3)	2.156	2	0.00142377
5/2+(5)	5.836	4+(1)	2.287	2	0.312853
5/2+(5)	5.836	1+(3)	2.397	2	0.0198065
5/2+(5)	5.836	3+(3)	2.447	0	0.0720305
5/2+(5)	5.836	3+(3)	2.447	2	0.0890596
5/2+(5)	5.836	1+(4)	3.057	2	0.0153692
5/2+(5)	5.836	2+(4)	3.148	0	0.00564992
5/2+(5)	5.836	2+(4)	3.148	2	0.00416947
5/2+(5)	5.836	3+(4)	3.296	0	0.0119639
5/2+(5)	5.836	3+(4)	3.296	2	0.00817495
5/2+(5)	5.836	5+(1)	3.668	2	0.0133785
5/2+(5)	5.836	3+(5)	3.711	0	0.126962
5/2+(5)	5.836	3+(5)	3.711	2	0.0724053
5/2+(5)	5.836	1+(5)	3.728	2	0.0385478
5/2+(5)	5.836	0+(2)	3.78	2	3.56289e-06
5/2+(5)	5.836	1+(6)	3.805	2	0.00529509
5/2+(5)	5.836	4+(2)	3.986	2	0.087155
5/2+(5)	5.836	2+(5)	4.129	0	0.0115594
5/2+(5)	5.836	2+(5)	4.129	2	0.0160514
5/2+(5)	5.836	2+(6)	4.15	0	3.77965e-05
5/2+(5)	5.836	2+(6)	4.15	2	0.00878337
5/2+(5)	5.836	2+(7)	4.624	0	2.67596e-05
5/2+(5)	5.836	2+(7)	4.624	2	0.00159544
5/2+(5)	5.836	3+(6)	4.728	0	8.72157e-06
5/2+(5)	5.836	3+(6)	4.728	2	0.0268318
5/2+(5)	5.836	4+(3)	4.738	2	0.00231396
5/2+(5)	5.836	3+(7)	4.845	0	0.0336455
5/2+(5)	5.836	3+(7)	4.845	2	0.0298155
5/2+(5)	5.836	4+(4)	4.861	2	0.00899021
5/2+(5)	5.836	1+(7)	4.886	2	0.00440035
5/2+(5)	5.836	2+(8)	4.906	0	0.0027738
5/2+(5)	5.836	2+(8)	4.906	2	0.00170974
5/2+(5)	5.836	1+(8)	5.021	2	0.000433134
5/2+(5)	5.836	0+(3)	5.199	2	0.000324088
5/2+(5)	5.836	5+(2)	5.245	2	0.00296395
5/2+(5)	5.836	1+(9)	5.456	2	0.288349
5/2+(5)	5.836	3+(8)	5.775	0	0.0223484
5/2+(5)	5.836	3+(8)	5.775	2	0.0252296
5/2+(5)	5.836	3+(9)	5.966	0	0.00212821
5/2+(5)	5.836	3+(9)	5.966	2	0.136034
5/2+(5)	5.836	1+(10)	6.039	2	0.000139672
5/2+(5)	5.836	2+(9)	6.063	0	0.000532535
5/2+(5)	5.836	2+(9)	6.063	2	0.0726612
5/2+(5)	5.836	2+(10)	6.065	0	0.00184014
5/2+(5)	5.836	2+(10)	6.065	2	0.0040833
5/2+(5)	5.836	3+(10)	6.169	0	0.00504641
5/2+(5)	5.836	3+(10)	6.169	2	0.0319496
5/2+(5)	5.836	4+(5)	6.315	2	0.00946286
7/2+(4)	6.377	3+(1)	0	0	0.0247559
7/2+(4)	6.377	3+(1)	0	2	0.0293096
7/2+(4)	6.377	1+(1)	0.35	2	0.00694966
7/2+(4)	6.377	1+(2)	0.536	2	0.00193118
7/2+(4)	6.377	2+(1)	1.092	2	0.0317814
7/2+(4)	6.377	2+(2)	1.727	2	0.0225837
7/2+(4)	6.377	3+(2)	2.062	0	0.0423592
7/2+(4)	6.377	3+(2)	2.062	2	0.00755224
7/2+(4)	6.377	2+(3)	2.156	2	0.00805541
7/2+(4)	6.377	4+(1)	2.287	0	0.00496933
7/2+(4)	6.377	4+(1)	2.287	2	0.167967
7/2+(4)	6.377	1+(3)	2.397	2	0.000774573
7/2+(4)	6.377	3+(3)	2.447	0	0.0019554
7/2+(4)	6.377	3+(3)	2.447	2	0.0427215
7/2+(4)	6.377	1+(4)	3.057	2	0.000308572
7/2+(4)	6.377	2+(4)	3.148	2	0.00094924
7/2+(4)	6.377	3+(4)	3.296	0	0.00138291
7/2+(4)	6.377	3+(4)	3.296	2	0.0067823
7/2+(4)	6.377	5+(1)	3.668	2	0.374609
7/2+(4)	6.377	3+(5)	3.711	0	0.00995248
7/2+(4)	6.377	3+(5)	3.711	2	0.197032
7/2+(4)	6.377	1+(5)	3.728	2	0.00377885
7/2+(4)	6.377	1+(6)	3.805	2	1.05421e-05
7/2+(4)	6.377	4+(2)	3.986	0	0.05311
7/2+(4)	6.377	4+(2)	3.986	2	0.0733923
7/2+(4)	6.377	2+(5)	4.129	2	0.000853582
7/2+(4)	6.377	2+(6)	4.15	2	0.00334499
7/2+(4)	6.377	2+(7)	4.624	2	0.00858034
7/2+(4)	6.377	3+(6)	4.728	0	0.00141786
7/2+(4)	6.377	3+(6)	4.728	2	0.0175801
7/2+(4)	6.377	4+(3)	4.738	0	0.00732238
7/2+(4)	6.377	4+(3)	4.738	2	0.0110879
7/2+(4)	6.377	3+(7)	4.845	0	0.0348134
7/2+(4)	6.377	3+(7)	4.845	2	0.0484743
7/2+(4)	6.377	4+(4)	4.861	0	0.0209734
7/2+(4)	6.377	4+(4)	4.861	2	0.0424899
7/2+(4)	6.377	1+(7)	4.886	2	0.00207027
7/2+(4)	6.377	2+(8)	4.906	2	0.00788274
7/2+(4)	6.377	1+(8)	5.021	2	0.0018304
7/2+(4)	6.377	5+(2)	5.245	2	0.00415113
7/2+(4)	6.377	1+(9)	5.456	2	0.000120416
7/2+(4)	6.377	3+(8)	5.775	0	0.0633569
7/2+(4)	6.377	3+(8)	5.775	2	0.00083255
7/2+(4)	6.377	3+(9)	5.966	0	0.0536996
7/2+(4)	6.377	3+(9)	5.966	2	0.0188098
7/2+(4)	6.377	1+(10)	6.039	2	0.000721043
7/2+(4)	6.377	2+(9)	6.063	2	0.0878634
7/2+(4)	6.377	2+(10)	6.065	2	0.0441032
7/2+(4)	6.377	3+(10)	6.169	0	0.00177835
7/2+(4)	6.377	3+(10)	6.169	2	0.107429
7/2+(4)	6.377	4+(5)	6.315	0	0.0055987
7/2+(4)	6.377	4+(5)	6.315	2	0.097527
5/2+(6)	6.415	3+(1)	0	0	0.000373189
5/2+(6)	6.415	3+(1)	0	2	0.00204361
5/2+(6)	6.415	0+(1)	0.024	2	0.00228128
5/2+(6)	6.415	1+(1)	0.35	2	0.0341171
5/2+(6)	6.415	1+(2)	0.536	2	0.0190046
5/2+(6)	6.415	2+(1)	1.092	0	0.0193621
5/2+(6)	6.415	2+(1)	1.092	2	0.000340298
5/2+(6)	6.415	2+(2)	1.727	0	0.00122115
5/2+(6)	6.415	2+(2)	1.727	2	0.135818
5/2+(6)	6.415	3+(2)	2.062	0	0.00611803
5/2+(6)	6.415	3+(2)	2.062	2	0.00979797
5/2+(6)	6.415	2+(3)	2.156	0	0.00158526
5/2+(6)	6.415	2+(3)	2.156	2	1.90974e-05
5/2+(6)	6.415	4+(1)	2.287	2	0.00334326
5/2+(6)	6.415	1+(3)	2.397	2	0.0861386
5/2+(6)	6.415	3+(3)	2.447	0	0.0309457
5/2+(6)	6.415	3+(3)	2.447	2	0.0205736
5/2+(6)	6.415	1+(4)	3.057	2	0.00610714
5/2+(6)	6.415	2+(4)	3.148	0	0.00972456
5/2+(6)	6.415	2+(4)	3.148	2	0.00435915
5/2+(6)	6.415	3+(4)	3.296	0	0.108551
5/2+(6)	6.415	3+(4)	3.296	2	0.0743671
5/2+(6)	6.415	5+(1)	3.668	2	8.24887e-05
5/2+(6)	6.415	3+(5)	3.711	0	0.0463222
5/2+(6)	6.415	3+(5)	3.711	2	0.0028525
5/2+(6)	6.415	1+(5)	3.728	2	0.00908301
5/2+(6)	6.415	0+(2)	3.78	2	0.000513412
5/2+(6)	6.415	1+(6)	3.805	2	0.000437061
5/2+(6)	6.415	4+(2)	3.986	2	0.169471
5/2+(6)	6.415	2+(5)	4.129	0	0.00298148
5/2+(6)	6.415	2+(5)	4.129	2	0.00447164
5/2+(6)	6.415	2+(6)	4.15	0	0.0061602
5/2+(6)	6.415	2+(6)	4.15	2	0.000819082
5/2+(6)	6.415	2+(7)	4.624	0	0.00141209
5/2+(6)	6.415	2+(7)	4.624	2	0.00056032
5/2+(6)	6.415	3+(6)	4.728	0	0.000154102
5/2+(6)	6.415	3+(6)	4.728	2	0.0389778
5/2+(6)	6.415	4+(3)	4.738	2	0.0803553
5/2+(6)	6.415	3+(7)	4.845	0	0.000132963
5/2+(6)	6.415	3+(7)	4.845	2	0.0829613
5/2+(6)	6.415	4+(4)	4.861	2	0.0294919
5/2+(6)	6.415	1+(7)	4.886	2	0.00151943
5/2+(6)	6.415	2+(8)	4.906	0	0.00481235
5/2+(6)	6.415	2+(8)	4.906	2	0.0287885
5/2+(6)	6.415	1+(8)	5.021	2	0.0436486
5/2+(6)	6.415	0+(3)	5.199	2	0.00145367
5/2+(6)	6.415	5+(2)	5.245	2	0.0168015
5/2+(6)	6.415	1+(9)	5.456	2	0.0156022
5/2+(6)	6.415	3+(8)	5.775	0	0.0287713
5/2+(6)	6.415	3+(8)	5.775	2	0.0449033
5/2+(6)	6.415	3+(9)	5.966	0	0.0232509
5/2+(6)	6.415	3+(9)	5.966	2	0.260293
5/2+(6)	6.415	1+(10)	6.039	2	0.00235384
5/2+(6)	6.415	2+(9)	6.063	0	0.00346471
5/2+(6)	6.415	2+(9)	6.063	2	0.0487368
5/2+(6)	6.415	2+(10)	6.065	0	0.000238893
5/2+(6)	6.415	2+(10)	6.065	2	0.00149364
5/2+(6)	6.415	3+(10)	6.169	0	0.000284546
5/2+(6)	6.415	3+(10)	6.169	2	0.00788402
5/2+(6)	6.415	4+(5)	6.315	2	0.000785011
9/2+(2)	6.688	3+(1)	0	2	0.0120295
9/2+(2)	6.688	2+(1)	1.092	2	0.00081772
9/2+(2)	6.688	2+(2)	1.727	2	0.000231643
9/2+(2)	6.688	3+(2)	2.062	2	0.0109894
9/2+(2)	6.688	2+(3)	2.156	2	0.00262442
9/2+(2)	6.688	4+(1)	2.287	0	0.0102049
9/2+(2)	6.688	4+(1)	2.287	2	0.119037
9/2+(2)	6.688	3+(3)	2.447	2	0.073342
9/2+(2)	6.688	2+(4)	3.148	2	0.00286853
9/2+(2)	6.688	3+(4)	3.296	2	0.3113
9/2+(2)	6.688	5+(1)	3.668	0	0.071592
9/2+(2)	6.688	5+(1)	3.668	2	0.0965606
9/2+(2)	6.688	3+(5)	3.711	2	0.0236054
9/2+(2)	6.688	4+(2)	3.986	0	0.00722249
9/2+(2)	6.688	4+(2)	3.986	2	0.00394017
9/2+(2)	6.688	2+(5)	4.129	2	0.0106407
9/2+(2)	6.688	2+(6)	4.15	2	0.00103131
9/2+(2)	6.688	2+(7)	4.624	2	0.00112851
9/2+(2)	6.688	3+(6)	4.728	2	0.0176816
9/2+(2)	6.688	4+(3)	4.738	0	0.00340634
9/2+(2)	6.688	4+(3)	4.738	2	0.31692
9/2+(2)	6.688	3+(7)	4.845	2	0.0248126
9/2+(2)	6.688	4+(4)	4.861	0	0.00545468
9/2+(2)	6.688	4+(4)	4.861	2	0.00750855
9/2+(2)	6.688	2+(8)	4.906	2	0.00280673
9/2+(2)	6.688	5+(2)	5.245	0	0.0631509
9/2+(2)	6.688	5+(2)	5.245	2	0.170042
9/2+(2)	6.688	3+(8)	5.775	2	0.00765837
9/2+(2)	6.688	3+(9)	5.966	2	0.0139538
9/2+(2)	6.688	2+(9)	6.063	2	0.00082817
9/2+(2)	6.688	2+(10)	6.065	2	0.00280286
9/2+(2)	6.688	3+(10)	6.169	2	0.00203032
9/2+(2)	6.688	4+(5)	6.315	0	0.0098282
9/2+(2)	6.688	4+(5)	6.315	2	0.0709862
3/2+(7)	6.859	3+(1)	0	2	0.000648722
3/2+(7)	6.859	0+(1)	0.024	2	0.000249535
3/2+(7)	6.859	1+(1)	0.35	0	0.00725531
3/2+(7)	6.859	1+(1)	0.35	2	0.00331444
3/2+(7)	6.859	1+(2)	0.536	0	0.0124225
3/2+(7)	6.859	1+(2)	0.536	2	0.0230283
3/2+(7)	6.859	2+(1)	1.092	0	0.0150355
3/2+(7)	6.859	2+(1)	1.092	2	0.104469
3/2+(7)	6.859	2+(2)	1.727	0	0.0448609
3/2+(7)	6.859	2+(2)	1.727	2	0.0535673
3/2+(7)	6.859	3+(2)	2.062	2	0.0752522
3/2+(7)	6.859	2+(3)	2.156	0	0.000571066
3/2+(7)	6.859	2+(3)	2.156	2	0.00326711
3/2+(7)	6.859	4+(1)	2.287	2	0.000971983
3/2+(7)	6.859	1+(3)	2.397	0	0.000374957
3/2+(7)	6.859	1+(3)	2.397	2	0.00216229
3/2+(7)	6.859	3+(3)	2.447	2	0.150525
3/2+(7)	6.859	1+(4)	3.057	0	5.43281e-07
3/2+(7)	6.859	1+(4)	3.057	2	0.010934
3/2+(7)	6.859	2+(4)	3.148	0	0.00401366
3/2+(7)	6.859	2+(4)	3.148	2	0.0287096
3/2+(7)	6.859	3+(4)	3.296	2	0.0412349
3/2+(7)	6.859	3+(5)	3.711	2	0.00145006
3/2+(7)	6.859	1+(5)	3.728	0	0.000268345
3/2+(7)	6.859	1+(5)	3.728	2	0.00803529
3/2+(7)	6.859	0+(2)	3.78	2	0.00851556
3/2+(7)	6.859	1+(6)	3.805	0	0.00379732
3/2+(7)	6.859	1+(6)	3.805	2	0.0591566
3/2+(7)	6.859	4+(2)	3.986	2	0.0181575
3/2+(7)	6.859	2+(5)	4.129	0	0.0179702
3/2+(7)	6.859	2+(5)	4.129	2	0.0161928
3/2+(7)	6.859	2+(6)	4.15	0	0.000180027
3/2+(7)	6.859	2+(6)	4.15	2	0.0106789
3/2+(7)	6.859	2+(7)	4.624	0	0.0475592
3/2+(7)	6.859	2+(7)	4.624	2	0.0528854
3/2+(7)	6.859	3+(6)	4.728	2	0.0311395
3/2+(7)	6.859	4+(3)	4.738	2	0.00138842
3/2+(7)	6.859	3+(7)	4.845	2	0.128385
3/2+(7)	6.859	4+(4)	4.861	2	0.0017442
3/2+(7)	6.859	1+(7)	4.886	0	0.00770954
3/2+(7)	6.859	1+(7)	4.886	2	0.0209238
3/2+(7)	6.859	2+(8)	4.906	0	0.00223856
3/2+(7)	6.859	2+(8)	4.906	2	0.00063334
3/2+(7)	6.859	1+(8)	5.021	0	0.0190876
3/2+(7)	6.859	1+(8)	5.021	2	0.000445331
3/2+(7)	6.859	0+(3)	5.199	2	0.0144517
3/2+(7)	6.859	1+(9)	5.456	0	0.000458952
3/2+(7)	6.859	1+(9)	5.456	2	0.0774688
3/2+(7)	6.859	3+(8)	5.775	2	0.095834
3/2+(7)	6.859	3+(9)	5.966	2	0.222919
3/2+(7)	6.859	1+(10)	6.039	0	0.189572
3/2+(7)	6.859	1+(10)	6.039	2	0.00520846
3/2+(7)	6.859	2+(9)	6.063	0	0.00170936
3/2+(7)	6.859	2+(9)	6.063	2	0.0958545
3/2+(7)	6.859	2+(10)	6.065	0	0.00217547
3/2+(7)	6.859	2+(10)	6.065	2	0.000840892
3/2+(7)	6.859	3+(10)	6.169	2	0.0273266
3/2+(7)	6.859	4+(5)	6.315	2	0.00362373
5/2+(7)	6.972	3+(1)	0	0	0.00010558
5/2+(7)	6.972	3+(1)	0	2	0.0033128
5/2+(7)	6.972	0+(1)	0.024	2	2.42426e-05
5/2+(7)	6.972	1+(1)	0.35	2	0.0164905
5/2+(7)	6.972	1+(2)	0.536	2	0.01655
5/2+(7)	6.972	2+(1)	1.092	0	0.000122998
5/2+(7)	6.972	2+(1)	1.092	2	0.0358907
5/2+(7)	6.972	2+(2)	1.727	0	0.0863662
5/2+(7)	6.972	2+(2)	1.727	2	0.00865506
5/2+(7)	6.972	3+(2)	2.062	0	0.0684539
5/2+(7)	6.972	3+(2)	2.062	2	0.0356545
5/2+(7)	6.972	2+(3)	2.156	0	0.000455889
5/2+(7)	6.972	2+(3)	2.156	2	0.000654827
5/2+(7)	6.972	4+(1)	2.287	2	0.00232039
5/2+(7)	6.972	1+(3)	2.397	2	0.075935
5/2+(7)	6.972	3+(3)	2.447	0	0.010376
5/2+(7)	6.972	3+(3)	2.447	2	0.101396
5/2+(7)	6.972	1+(4)	3.057	2	0.0106335
5/2+(7)	6.972	2+(4)	3.148	0	0.000102988
5/2+(7)	6.972	2+(4)	3.148	2	0.00536917
5/2+(7)	6.972	3+(4)	3.296	0	0.0117684
5/2+(7)	6.972	3+(4)	3.296	2	0.0521228
5/2+(7)	6.972	5+(1)	3.668	2	0.00606584
5/2+(7)	6.972	3+(5)	3.711	0	0.00584286
5/2+(7)	6.972	3+(5)	3.711	2	0.0922655
5/2+(7)	6.972	1+(5)	3.728	2	0.00234322
5/2+(7)	6.972	0+(2)	3.78	2	0.000468529
5/2+(7)	6.972	1+(6)	3.805	2	0.00199906
5/2+(7)	6.972	4+(2)	3.986	2	0.411791
5/2+(7)	6.972	2+(5)	4.129	0	0.00403474
5/2+(7)	6.972	2+(5)	4.129	2	0.00453508
5/2+(7)	6.972	2+(6)	4.15	0	0.00744046
5/2+(7)	6.972	2+(6)	4.15	2	0.000828254
5/2+(7)	6.972	2+(7)	4.624	0	0.00335232
5/2+(7)	6.972	2+(7)	4.624	2	0.00029512
5/2+(7)	6.972	3+(6)	4.728	0	0.0129695
5/2+(7)	6.972	3+(6)	4.728	2	0.000825077
5/2+(7)	6.972	4+(3)	4.738	2	0.00126762
5/2+(7)	6.972	3+(7)	4.845	0	0.00615592
5/2+(7)	6.972	3+(7)	4.845	2	0.0173429
5/2+(7)	6.972	4+(4)	4.861	2	0.0022601
5/2+(7)	6.972	1+(7)	4.886	2	0.00125068
5/2+(7)	6.972	2+(8)	4.906	0	8.9528e-05
5/2+(7)	6.972	2+(8)	4.906	2	0.00349221
5/2+(7)	6.972	1+(8)	5.021	2	0.000663079
5/2+(7)	6.972	0+(3)	5.199	2	0.00184045
5/2+(7)	6.972	5+(2)	5.245	2	0.0264915
5/2+(7)	6.972	1+(9)	5.456	2	0.00950112
5/2+(7)	6.972	3+(8)	5.775	0	0.0136364
5/2+(7)	6.972	3+(8)	5.775	2	0.027984
5/2+(7)	6.972	3+(9)	5.966	0	0.00022304
5/2+(7)	6.972	3+(9)	5.966	2	0.0143942
5/2+(7)	6.972	1+(10)	6.039	2	0.0281831
5/2+(7)	6.972	2+(9)	6.063	0	0.000104008
5/2+(7)	6.972	2+(9)	6.063	2	0.000996906
5/2+(7)	6.972	2+(10)	6.065	0	5.30683e-05
5/2+(7)	6.972	2+(10)	6.065	2	0.000143248
5/2+(7)	6.972	3+(10)	6.169	0	0.00563822
5/2+(7)	6.972	3+(10)	6.169	2	0.00243994
5/2+(7)	6.972	4+(5)	6.315	2	0.00438929
1/2+(4)	7.112	3+(1)	0	2	0.000418416
1/2+(4)	7.112	0+(1)	0.024	0	0.000278541
1/2+(4)	7.112	1+(1)	0.35	0	0.0141779
1/2+(4)	7.112	1+(1)	0.35	2	0.00379005
1/2+(4)	7.112	1+(2)	0.536	0	0.0109787
1/2+(4)	7.112	1+(2)	0.536	2	0.0458689
1/2+(4)	7.112	2+(1)	1.092	2	0.0483041
1/2+(4)	7.112	2+(2)	1.727	2	0.00244546
1/2+(4)	7.112	3+(2)	2.062	2	0.0420067
1/2+(4)	7.112	2+(3)	2.156	2	0.00544948
1/2+(4)	7.112	1+(3)	2.397	0	0.0890119
1/2+(4)	7.112	1+(3)	2.397	2	0.115545
1/2+(4)	7.112	3+(3)	2.447	2	0.00597213
1/2+(4)	7.112	1+(4)	3.057	0	0.00327218
1/2+(4)	7.112	1+(4)	3.057	2	0.197911
1/2+(4)	7.112	2+(4)	3.148	2	0.0028104
1/2+(4)	7.112	3+(4)	3.296	2	0.000239774
1/2+(4)	7.112	3+(5)	3.711	2	0.00958371
1/2+(4)	7.112	1+(5)	3.728	0	0.0567584
1/2+(4)	7.112	1+(5)	3.728	2	0.0512865
1/2+(4)	7.112	0+(2)	3.78	0	0.000640576
1/2+(4)	7.112	1+(6)	3.805	0	6.04285e-05
1/2+(4)	7.112	1+(6)	3.805	2	0.00269993
1/2+(4)	7.112	2+(5)	4.129	2	0.236373
1/2+(4)	7.112	2+(6)	4.15	2	0.00247932
1/2+(4)	7.112	2+(7)	4.624	2	0.00337906
1/2+(4)	7.112	3+(6)	4.728	2	7.51791e-05
1/2+(4)	7.112	3+(7)	4.845	2	0.0207059
1/2+(4)	7.112	1+(7)	4.886	0	0.0297847
1/2+(4)	7.112	1+(7)	4.886	2	0.316002
1/2+(4)	7.112	2+(8)	4.906	2	0.0888558
1/2+(4)	7.112	1+(8)	5.021	0	0.00643639
1/2+(4)	7.112	1+(8)	5.021	2	0.0207313
1/2+(4)	7.112	0+(3)	5.199	0	0.0537812
1/2+(4)	7.112	1+(9)	5.456	0	0.00840109
1/2+(4)	7.112	1+(9)	5.456	2	0.0525876
1/2+(4)	7.112	3+(8)	5.775	2	0.00147697
1/2+(4)	7.112	3+(9)	5.966	2	0.0248359
1/2+(4)	7.112	1+(10)	6.039	0	0.000134788
1/2+(4)	7.112	1+(10)	6.039	2	1.03725e-05
1/2+(4)	7.112	2+(9)	6.063	2	0.0207592
1/2+(4)	7.112	2+(10)	6.065	2	0.149452
1/2+(4)	7.112	3+(10)	6.169	2	0.00129745
7/2+(5)	7.196	3+(1)	0	0	0.0031305
7/2+(5)	7.196	3+(1)	0	2	0.00703251
7/2+(5)	7.196	1+(1)	0.35	2	2.38773e-06
7/2+(5)	7.196	1+(2)	0.536	2	0.000301783
7/2+(5)	7.196	2+(1)	1.092	2	0.00631889
7/2+(5)	7.196	2+(2)	1.727	2	0.112106
7/2+(5)	7.196	3+(2)	2.062	0	0.000284944
7/2+(5)	7.196	3+(2)	2.062	2	0.00429232
7/2+(5)	7.196	2+(3)	2.156	2	0.00419231
7/2+(5)	7.196	4+(1)	2.287	0	0.0303228
7/2+(5)	7.196	4+(1)	2.287	2	0.0352206
7/2+(5)	7.196	1+(3)	2.397	2	0.000675585
7/2+(5)	7.196	3+(3)	2.447	0	0.0148748
7/2+(5)	7.196	3+(3)	2.447	2	0.151262
7/2+(5)	7.196	1+(4)	3.057	2	0.000228872
7/2+(5)	7.196	2+(4)	3.148	2	0.000531281
7/2+(5)	7.196	3+(4)	3.296	0	0.00246005
7/2+(5)	7.196	3+(4)	3.296	2	0.00912643
7/2+(5)	7.196	5+(1)	3.668	2	0.0130203
7/2+(5)	7.196	3+(5)	3.711	0	0.00216583
7/2+(5)	7.196	3+(5)	3.711	2	0.0386629
7/2+(5)	7.196	1+(5)	3.728	2	1.06096e-07
7/2+(5)	7.196	1+(6)	3.805	2	0.000503477
7/2+(5)	7.196	4+(2)	3.986	0	0.22344
7/2+(5)	7.196	4+(2)	3.986	2	0.131398
7/2+(5)	7.196	2+(5)	4.129	2	0.000474774
7/2+(5)	7.196	2+(6)	4.15	2	0.0183631
7/2+(5)	7.196	2+(7)	4.624	2	6.15912e-05
7/2+(5)	7.196	3+(6)	4.728	0	0.000331253
7/2+(5)	7.196	3+(6)	4.728	2	0.00705721
7/2+(5)	7.196	4+(3)	4.738	0	0.00762997
7/2+(5)	7.196	4+(3)	4.738	2	0.0381003
7/2+(5)	7.196	3+(7)	4.845	0	0.000115484
7/2+(5)	7.196	3+(7)	4.845	2	0.000565874
7/2+(5)	7.196	4+(4)	4.861	0	0.0155454
7/2+(5)	7.196	4+(4)	4.861	2	0.0107108
7/2+(5)	7.196	1+(7)	4.886	2	0.000295671
7/2+(5)	7.196	2+(8)	4.906	2	0.000346829
7/2+(5)	7.196	1+(8)	5.021	2	0.000109978
7/2+(5)	7.196	5+(2)	5.245	2	0.00625203
7/2+(5)	7.196	1+(9)	5.456	2	0.000887283
7/2+(5)	7.196	3+(8)	5.775	0	0.0196216
7/2+(5)	7.196	3+(8)	5.775	2	0.0731602
7/2+(5)	7.196	3+(9)	5.966	0	9.97996e-05
7/2+(5)	7.196	3+(9)	5.966	2	0.1089
7/2+(5)	7.196	1+(10)	6.039	2	0.000888673
7/2+(5)	7.196	2+(9)	6.063	2	0.00206204
7/2+(5)	7.196	2+(10)	6.065	2	0.00923022
7/2+(5)	7.196	3+(10)	6.169	0	0.000152475
7/2+(5)	7.196	3+(10)	6.169	2	0.0546449
7/2+(5)	7.196	4+(5)	6.315	0	0.000139269
7/2+(5)	7.196	4+(5)	6.315	2	0.280821
1/2+(5)	7.305	3+(1)	0	2	0.00119737
1/2+(5)	7.305	0+(1)	0.024	0	0.00224194
1/2+(5)	7.305	1+(1)	0.35	0	0.000293676
1/2+(5)	7.305	1+(1)	0.35	2	0.0372968
1/2+(5)	7.305	1+(2)	0.536	0	0.0164254
1/2+(5)	7.305	1+(2)	0.536	2	0.000526495
1/2+(5)	7.305	2+(1)	1.092	2	0.0147018
1/2+(5)	7.305	2+(2)	1.727	2	0.0178796
1/2+(5)	7.305	3+(2)	2.062	2	0.00482406
1/2+(5)	7.305	2+(3)	2.156	2	0.00601166
1/2+(5)	7.305	1+(3)	2.397	0	0.00459421
1/2+(5)	7.305	1+(3)	2.397	2	0.0221908
1/2+(5)	7.305	3+(3)	2.447	2	0.000785152
1/2+(5)	7.305	1+(4)	3.057	0	0.00250139
1/2+(5)	7.305	1+(4)	3.057	2	0.031289
1/2+(5)	7.305	2+(4)	3.148	2	0.00732322
1/2+(5)	7.305	3+(4)	3.296	2	0.0192611
1/2+(5)	7.305	3+(5)	3.711	2	0.000102363
1/2+(5)	7.305	1+(5)	3.728	0	0.000399441
1/2+(5)	7.305	1+(5)	3.728	2	0.00138898
1/2+(5)	7.305	0+(2)	3.78	0	0.001807
1/2+(5)	7.305	1+(6)	3.805	0	0.0062256
1/2+(5)	7.305	1+(6)	3.805	2	0.00193444
1/2+(5)	7.305	2+(5)	4.129	2	0.122379
1/2+(5)	7.305	2+(6)	4.15	2	0.0119798
1/2+(5)	7.305	2+(7)	4.624	2	0.0174994
1/2+(5)	7.305	3+(6)	4.728	2	0.00470998
1/2+(5)	7.305	3+(7)	4.845	2	0.000578947
1/2+(5)	7.305	1+(7)	4.886	0	0.0364494
1/2+(5)	7.305	1+(7)	4.886	2	0.00239806
1/2+(5)	7.305	2+(8)	4.906	2	0.24273
1/2+(5)	7.305	1+(8)	5.021	0	0.162375
1/2+(5)	7.305	1+(8)	5.021	2	0.0140595
1/2+(5)	7.305	0+(3)	5.199	0	0.0100926
1/2+(5)	7.305	1+(9)	5.456	0	0.00147532
1/2+(5)	7.305	1+(9)	5.456	2	0.0100418
1/2+(5)	7.305	3+(8)	5.775	2	0.0250735
1/2+(5)	7.305	3+(9)	5.966	2	0.00291633
1/2+(5)	7.305	1+(10)	6.039	0	0.00467311
1/2+(5)	7.305	1+(10)	6.039	2	0.160241
1/2+(5)	7.305	2+(9)	6.063	2	0.118802
1/2+(5)	7.305	2+(10)	6.065	2	0.00676915
1/2+(5)	7.305	3+(10)	6.169	2	0.0023189
9/2+(3)	7.312	3+(1)	0	2	0.00857407
9/2+(3)	7.312	2+(1)	1.092	2	0.000441722
9/2+(3)	7.312	2+(2)	1.727	2	3.83216e-05
9/2+(3)	7.312	3+(2)	2.062	2	0.088867
9/2+(3)	7.312	2+(3)	2.156	2	0.0042819
9/2+(3)	7.312	4+(1)	2.287	0	0.0125378
9/2+(3)	7.312	4+(1)	2.287	2	0.125904
9/2+(3)	7.312	3+(3)	2.447	2	0.00480466
9/2+(3)	7.312	2+(4)	3.148	2	0.0021453
9/2+(3)	7.312	3+(4)	3.296	2	0.163459
9/2+(3)	7.312	5+(1)	3.668	0	0.120613
9/2+(3)	7.312	5+(1)	3.668	2	0.0836209
9/2+(3)	7.312	3+(5)	3.711	2	0.000250747
9/2+(3)	7.312	4+(2)	3.986	0	0.00279316
9/2+(3)	7.312	4+(2)	3.986	2	0.00189334
9/2+(3)	7.312	2+(5)	4.129	2	0.008913
9/2+(3)	7.312	2+(6)	4.15	2	0.00106414
9/2+(3)	7.312	2+(7)	4.624	2	0.000674821
9/2+(3)	7.312	3+(6)	4.728	2	0.00619925
9/2+(3)	7.312	4+(3)	4.738	0	9.75894e-05
9/2+(3)	7.312	4+(3)	4.738	2	0.199981
9/2+(3)	7.312	3+(7)	4.845	2	0.00705886
9/2+(3)	7.312	4+(4)	4.861	0	0.000849387
9/2+(3)	7.312	4+(4)	4.861	2	0.00699466
9/2+(3)	7.312	2+(8)	4.906	2	0.000965706
9/2+(3)	7.312	5+(2)	5.245	0	0.000645729
9/2+(3)	7.312	5+(2)	5.245	2	0.0189206
9/2+(3)	7.312	3+(8)	5.775	2	0.0196872
9/2+(3)	7.312	3+(9)	5.966	2	0.00364688
9/2+(3)	7.312	2+(9)	6.063	2	0.000759357
9/2+(3)	7.312	2+(10)	6.065	2	0.00302127
9/2+(3)	7.312	3+(10)	6.169	2	0.00312731
9/2+(3)	7.312	4+(5)	6.315	0	0.02383
9/2+(3)	7.312	4+(5)	6.315	2	0.145689
3/2+(8)	7.375	3+(1)	0	2	0.00465016
3/2+(8)	7.375	0+(1)	0.024	2	0.00101979
3/2+(8)	7.375	1+(1)	0.35	0	0.00137582
3/2+(8)	7.375	1+(1)	0.35	2	0.00487647
3/2+(8)	7.375	1+(2)	0.536	0	0.000627494
3/2+(8)	7.375	1+(2)	0.536	2	0.00589347
3/2+(8)	7.375	2+(1)	1.092	0	0.0363062
3/2+(8)	7.375	2+(1)	1.092	2	0.000747295
3/2+(8)	7.375	2+(2)	1.727	0	0.0256356
3/2+(8)	7.375	2+(2)	1.727	2	0.0265096
3/2+(8)	7.375	3+(2)	2.062	2	0.0137396
3/2+(8)	7.375	2+(3)	2.156	0	0.000793234
3/2+(8)	7.375	2+(3)	2.156	2	0.0116582
3/2+(8)	7.375	4+(1)	2.287	2	0.00480916
3/2+(8)	7.375	1+(3)	2.397	0	1.23494e-05
3/2+(8)	7.375	1+(3)	2.397	2	0.115838
3/2+(8)	7.375	3+(3)	2.447	2	0.155782
3/2+(8)	7.375	1+(4)	3.057	0	0.00530446
3/2+(8)	7.375	1+(4)	3.057	2	0.174823
3/2+(8)	7.375	2+(4)	3.148	0	0.0111834
3/2+(8)	7.375	2+(4)	3.148	2	0.00571273
3/2+(8)	7.375	3+(4)	3.296	2	0.0143129
3/2+(8)	7.375	3+(5)	3.711	2	0.0154744
3/2+(8)	7.375	1+(5)	3.728	0	0.000917257
3/2+(8)	7.375	1+(5)	3.728	2	0.00372003
3/2+(8)	7.375	0+(2)	3.78	2	0.00324805
3/2+(8)	7.375	1+(6)	3.805	0	6.0403e-05
3/2+(8)	7.375	1+(6)	3.805	2	0.000660485
3/2+(8)	7.375	4+(2)	3.986	2	0.00286046
3/2+(8)	7.375	2+(5)	4.129	0	0.177817
3/2+(8)	7.375	2+(5)	4.129	2	0.212889
3/2+(8)	7.375	2+(6)	4.15	0	0.000124092
3/2+(8)	7.375	2+(6)	4.15	2	0.000573182
3/2+(8)	7.375	2+(7)	4.624	0	1.12235e-07
3/2+(8)	7.375	2+(7)	4.624	2	0.00680871
3/2+(8)	7.375	3+(6)	4.728	2	0.0200802
3/2+(8)	7.375	4+(3)	4.738	2	0.0459131
3/2+(8)	7.375	3+(7)	4.845	2	0.019152
3/2+(8)	7.375	4+(4)	4.861	2	0.00148537
3/2+(8)	7.375	1+(7)	4.886	0	0.00954492
3/2+(8)	7.375	1+(7)	4.886	2	0.00340959
3/2+(8)	7.375	2+(8)	4.906	0	0.0141381
3/2+(8)	7.375	2+(8)	4.906	2	0.0769798
3/2+(8)	7.375	1+(8)	5.021	0	0.00689786
3/2+(8)	7.375	1+(8)	5.021	2	0.00800425
3/2+(8)	7.375	0+(3)	5.199	2	0.0239326
3/2+(8)	7.375	1+(9)	5.456	0	0.0424534
3/2+(8)	7.375	1+(9)	5.456	2	0.00705747
3/2+(8)	7.375	3+(8)	5.775	2	0.0296011
3/2+(8)	7.375	3+(9)	5.966	2	0.0953802
3/2+(8)	7.375	1+(10)	6.039	0	0.00428995
3/2+(8)	7.375	1+(10)	6.039	2	0.036585
3/2+(8)	7.375	2+(9)	6.063	0	0.0711361
3/2+(8)	7.375	2+(9)	6.063	2	0.00580679
3/2+(8)	7.375	2+(10)	6.065	0	0.00431387
3/2+(8)	7.375	2+(10)	6.065	2	0.00339213
3/2+(8)	7.375	3+(10)	6.169	2	0.00187536
3/2+(8)	7.375	4+(5)	6.315	2	9.0459e-05
1/2+(6)	7.491	3+(1)	0	2	3.00113e-21
1/2+(6)	7.491	0+(1)	0.024	0	0.0674697
1/2+(6)	7.491	1+(1)	0.35	0	3.75178e-21
1/2+(6)	7.491	1+(1)	0.35	2	2.28783e-24
1/2+(6)	7.491	1+(2)	0.536	0	9.96933e-22
1/2+(6)	7.491	1+(2)	0.536	2	4.37427e-21
1/2+(6)	7.491	2+(1)	1.092	2	3.81224e-21
1/2+(6)	7.491	2+(2)	1.727	2	1.74268e-20
1/2+(6)	7.491	3+(2)	2.062	2	4.32169e-21
1/2+(6)	7.491	2+(3)	2.156	2	0.423335
1/2+(6)	7.491	1+(3)	2.397	0	3.46778e-20
1/2+(6)	7.491	1+(3)	2.397	2	1.18504e-20
1/2+(6)	7.491	3+(3)	2.447	2	4.69919e-22
1/2+(6)	7.491	1+(4)	3.057	0	1.06748e-20
1/2+(6)	7.491	1+(4)	3.057	2	4.33535e-20
1/2+(6)	7.491	2+(4)	3.148	2	0.0473862
1/2+(6)	7.491	3+(4)	3.296	2	5.00743e-22
1/2+(6)	7.491	3+(5)	3.711	2	1.14059e-21
1/2+(6)	7.491	1+(5)	3.728	0	2.74537e-20
1/2+(6)	7.491	1+(5)	3.728	2	7.08051e-24
1/2+(6)	7.491	0+(2)	3.78	0	0.0442704
1/2+(6)	7.491	1+(6)	3.805	0	5.7288e-05
1/2+(6)	7.491	1+(6)	3.805	2	0.00961588
1/2+(6)	7.491	2+(5)	4.129	2	3.4738e-20
1/2+(6)	7.491	2+(6)	4.15	2	0.818242
1/2+(6)	7.491	2+(7)	4.624	2	0.00224256
1/2+(6)	7.491	3+(6)	4.728	2	0.00804264
1/2+(6)	7.491	3+(7)	4.845	2	3.20724e-20
1/2+(6)	7.491	1+(7)	4.886	0	1.88176e-21
1/2+(6)	7.491	1+(7)	4.886	2	9.70025e-21
1/2+(6)	7.491	2+(8)	4.906	2	1.73389e-20
1/2+(6)	7.491	1+(8)	5.021	0	4.81041e-20
1/2+(6)	7.491	1+(8)	5.021	2	4.68231e-21
1/2+(6)	7.491	0+(3)	5.199	0	0.301362
1/2+(6)	7.491	1+(9)	5.456	0	1.22714e-05
1/2+(6)	7.491	1+(9)	5.456	2	0.655648
1/2+(6)	7.491	3+(8)	5.775	2	5.02794e-21
1/2+(6)	7.491	3+(9)	5.966	2	2.69897e-20
1/2+(6)	7.491	1+(10)	6.039	0	6.5729e-22
1/2+(6)	7.491	1+(10)	6.039	2	2.54083e-21
1/2+(6)	7.491	2+(9)	6.063	2	1.52132e-19
1/2+(6)	7.491	2+(10)	6.065	2	0.0854513
1/2+(6)	7.491	3+(10)	6.169	2	0.000376789
1/2+(7)	7.83	3+(1)	0	2	0.00035311
1/2+(7)	7.83	0+(1)	0.024	0	0.00162005
1/2+(7)	7.83	1+(1)	0.35	0	0.000620372
1/2+(7)	7.83	1+(1)	0.35	2	0.00258829
1/2+(7)	7.83	1+(2)	0.536	0	5.05902e-06
1/2+(7)	7.83	1+(2)	0.536	2	9.49407e-06
1/2+(7)	7.83	2+(1)	1.092	2	0.00736627
1/2+(7)	7.83	2+(2)	1.727	2	5.72776e-05
1/2+(7)	7.83	3+(2)	2.062	2	2.71385e-06
1/2+(7)	7.83	2+(3)	2.156	2	0.0147309
1/2+(7)	7.83	1+(3)	2.397	0	0.0162496
1/2+(7)	7.83	1+(3)	2.397	2	0.177547
1/2+(7)	7.83	3+(3)	2.447	2	0.000943891
1/2+(7)	7.83	1+(4)	3.057	0	0.156061
1/2+(7)	7.83	1+(4)	3.057	2	0.0579834
1/2+(7)	7.83	2+(4)	3.148	2	0.00606848
1/2+(7)	7.83	3+(4)	3.296	2	0.0206508
1/2+(7)	7.83	3+(5)	3.711	2	0.0217718
1/2+(7)	7.83	1+(5)	3.728	0	0.0320895
1/2+(7)	7.83	1+(5)	3.728	2	0.139656
1/2+(7)	7.83	0+(2)	3.78	0	8.42751e-05
1/2+(7)	7.83	1+(6)	3.805	0	0.00665657
1/2+(7)	7.83	1+(6)	3.805	2	0.00647211
1/2+(7)	7.83	2+(5)	4.129	2	0.0855891
1/2+(7)	7.83	2+(6)	4.15	2	0.0237052
1/2+(7)	7.83	2+(7)	4.624	2	0.0113677
1/2+(7)	7.83	3+(6)	4.728	2	1.70607e-05
1/2+(7)	7.83	3+(7)	4.845	2	0.0173416
1/2+(7)	7.83	1+(7)	4.886	0	0.00527879
1/2+(7)	7.83	1+(7)	4.886	2	0.019322
1/2+(7)	7.83	2+(8)	4.906	2	0.0857134
1/2+(7)	7.83	1+(8)	5.021	0	0.0241121
1/2+(7)	7.83	1+(8)	5.021	2	0.0308702
1/2+(7)	7.83	0+(3)	5.199	0	0.00587535
1/2+(7)	7.83	1+(9)	5.456	0	0.00125693
1/2+(7)	7.83	1+(9)	5.456	2	0.0265518
1/2+(7)	7.83	3+(8)	5.775	2	0.0940636
1/2+(7)	7.83	3+(9)	5.966	2	0.0177564
1/2+(7)	7.83	1+(10)	6.039	0	0.0884813
1/2+(7)	7.83	1+(10)	6.039	2	0.296665
1/2+(7)	7.83	2+(9)	6.063	2	0.140349
1/2+(7)	7.83	2+(10)	6.065	2	0.00959033
1/2+(7)	7.83	3+(10)	6.169	2	0.00475972
3/2+(9)	7.848	3+(1)	0	2	0.000231313
3/2+(9)	7.848	0+(1)	0.024	2	0.00152848
3/2+(9)	7.848	1+(1)	0.35	0	0.00114312
3/2+(9)	7.848	1+(1)	0.35	2	0.0128083
3/2+(9)	7.848	1+(2)	0.536	0	0.0204974
3/2+(9)	7.848	1+(2)	0.536	2	0.00721196
3/2+(9)	7.848	2+(1)	1.092	0	0.000214503
3/2+(9)	7.848	2+(1)	1.092	2	0.0198687
3/2+(9)	7.848	2+(2)	1.727	0	0.000183478
3/2+(9)	7.848	2+(2)	1.727	2	0.00335004
3/2+(9)	7.848	3+(2)	2.062	2	0.024845
3/2+(9)	7.848	2+(3)	2.156	0	0.00516437
3/2+(9)	7.848	2+(3)	2.156	2	0.000689268
3/2+(9)	7.848	4+(1)	2.287	2	0.000775194
3/2+(9)	7.848	1+(3)	2.397	0	3.91934e-05
3/2+(9)	7.848	1+(3)	2.397	2	0.0275453
3/2+(9)	7.848	3+(3)	2.447	2	0.0413959
3/2+(9)	7.848	1+(4)	3.057	0	0.0402486
3/2+(9)	7.848	1+(4)	3.057	2	0.00929182
3/2+(9)	7.848	2+(4)	3.148	0	0.000772583
3/2+(9)	7.848	2+(4)	3.148	2	0.00924305
3/2+(9)	7.848	3+(4)	3.296	2	0.229866
3/2+(9)	7.848	3+(5)	3.711	2	0.00615554
3/2+(9)	7.848	1+(5)	3.728	0	0.0237361
3/2+(9)	7.848	1+(5)	3.728	2	8.9144e-05
3/2+(9)	7.848	0+(2)	3.78	2	0.000320675
3/2+(9)	7.848	1+(6)	3.805	0	0.00412286
3/2+(9)	7.848	1+(6)	3.805	2	0.00101405
3/2+(9)	7.848	4+(2)	3.986	2	0.00179662
3/2+(9)	7.848	2+(5)	4.129	0	0.0169217
3/2+(9)	7.848	2+(5)	4.129	2	0.0329275
3/2+(9)	7.848	2+(6)	4.15	0	0.00396534
3/2+(9)	7.848	2+(6)	4.15	2	0.00592988
3/2+(9)	7.848	2+(7)	4.624	0	0.000924676
3/2+(9)	7.848	2+(7)	4.624	2	0.0100843
3/2+(9)	7.848	3+(6)	4.728	2	0.0301848
3/2+(9)	7.848	4+(3)	4.738	2	0.00240692
3/2+(9)	7.848	3+(7)	4.845	2	0.208695
3/2+(9)	7.848	4+(4)	4.861	2	0.00749916
3/2+(9)	7.848	1+(7)	4.886	0	0.00464992
3/2+(9)	7.848	1+(7)	4.886	2	0.0221512
3/2+(9)	7.848	2+(8)	4.906	0	0.00230462
3/2+(9)	7.848	2+(8)	4.906	2	0.000776387
3/2+(9)	7.848	1+(8)	5.021	0	0.0332021
3/2+(9)	7.848	1+(8)	5.021	2	0.0246
3/2+(9)	7.848	0+(3)	5.199	2	0.000810023
3/2+(9)	7.848	1+(9)	5.456	0	0.00672616
3/2+(9)	7.848	1+(9)	5.456	2	0.00319737
3/2+(9)	7.848	3+(8)	5.775	2	0.00688273
3/2+(9)	7.848	3+(9)	5.966	2	0.101932
3/2+(9)	7.848	1+(10)	6.039	0	0.00743927
3/2+(9)	7.848	1+(10)	6.039	2	0.0140885
3/2+(9)	7.848	2+(9)	6.063	0	0.00110257
3/2+(9)	7.848	2+(9)	6.063	2	0.21797
3/2+(9)	7.848	2+(10)	6.065	0	0.000398571
3/2+(9)	7.848	2+(10)	6.065	2	0.00495012
3/2+(9)	7.848	3+(10)	6.169	2	0.0307021
3/2+(9)	7.848	4+(5)	6.315	2	0.000965912
9/2+(4)	8.007	3+(1)	0	2	0.00447113
9/2+(4)	8.007	2+(1)	1.092	2	0.000476042
9/2+(4)	8.007	2+(2)	1.727	2	0.000169402
9/2+(4)	8.007	3+(2)	2.062	2	0.0126623
9/2+(4)	8.007	2+(3)	2.156	2	0.00124648
9/2+(4)	8.007	4+(1)	2.287	0	0.0180391
9/2+(4)	8.007	4+(1)	2.287	2	0.0375979
9/2+(4)	8.007	3+(3)	2.447	2	0.0468988
9/2+(4)	8.007	2+(4)	3.148	2	0.000163684
9/2+(4)	8.007	3+(4)	3.296	2	0.0017346
9/2+(4)	8.007	5+(1)	3.668	0	0.0262797
9/2+(4)	8.007	5+(1)	3.668	2	0.0432265
9/2+(4)	8.007	3+(5)	3.711	2	0.00373503
9/2+(4)	8.007	4+(2)	3.986	0	0.0069446
9/2+(4)	8.007	4+(2)	3.986	2	0.011691
9/2+(4)	8.007	2+(5)	4.129	2	0.000591144
9/2+(4)	8.007	2+(6)	4.15	2	0.000220558
9/2+(4)	8.007	2+(7)	4.624	2	1.59959e-05
9/2+(4)	8.007	3+(6)	4.728	2	0.000844017
9/2+(4)	8.007	4+(3)	4.738	0	4.24027e-06
9/2+(4)	8.007	4+(3)	4.738	2	0.0199667
9/2+(4)	8.007	3+(7)	4.845	2	0.0102706
9/2+(4)	8.007	4+(4)	4.861	0	0.000750848
9/2+(4)	8.007	4+(4)	4.861	2	0.000679901
9/2+(4)	8.007	2+(8)	4.906	2	0.00111102
9/2+(4)	8.007	5+(2)	5.245	0	0.205364
9/2+(4)	8.007	5+(2)	5.245	2	0.181041
9/2+(4)	8.007	3+(8)	5.775	2	0.0108755
9/2+(4)	8.007	3+(9)	5.966	2	0.00513227
9/2+(4)	8.007	2+(9)	6.063	2	0.00123045
9/2+(4)	8.007	2+(10)	6.065	2	0.00147857
9/2+(4)	8.007	3+(10)	6.169	2	0.000116111
9/2+(4)	8.007	4+(5)	6.315	0	0.000101409
9/2+(4)	8.007	4+(5)	6.315	2	0.0137224
5/2+(8)	8.056	3+(1)	0	0	0.000840635
5/2+(8)	8.056	3+(1)	0	2	0.000606944
5/2+(8)	8.056	0+(1)	0.024	2	0.00149155
5/2+(8)	8.056	1+(1)	0.35	2	0.0120046
5/2+(8)	8.056	1+(2)	0.536	2	0.00287031
5/2+(8)	8.056	2+(1)	1.092	0	0.0011458
5/2+(8)	8.056	2+(1)	1.092	2	0.00139696
5/2+(8)	8.056	2+(2)	1.727	0	0.000284081
5/2+(8)	8.056	2+(2)	1.727	2	0.0136726
5/2+(8)	8.056	3+(2)	2.062	0	0.0192669
5/2+(8)	8.056	3+(2)	2.062	2	0.0103862
5/2+(8)	8.056	2+(3)	2.156	0	0.00682624
5/2+(8)	8.056	2+(3)	2.156	2	0.00474875
5/2+(8)	8.056	4+(1)	2.287	2	0.000505328
5/2+(8)	8.056	1+(3)	2.397	2	0.0262695
5/2+(8)	8.056	3+(3)	2.447	0	0.00127137
5/2+(8)	8.056	3+(3)	2.447	2	0.00357658
5/2+(8)	8.056	1+(4)	3.057	2	0.0102961
5/2+(8)	8.056	2+(4)	3.148	0	0.000972044
5/2+(8)	8.056	2+(4)	3.148	2	0.0070895
5/2+(8)	8.056	3+(4)	3.296	0	0.0117478
5/2+(8)	8.056	3+(4)	3.296	2	0.0206572
5/2+(8)	8.056	5+(1)	3.668	2	0.00318434
5/2+(8)	8.056	3+(5)	3.711	0	0.0235107
5/2+(8)	8.056	3+(5)	3.711	2	0.0429271
5/2+(8)	8.056	1+(5)	3.728	2	0.0469856
5/2+(8)	8.056	0+(2)	3.78	2	0.000239793
5/2+(8)	8.056	1+(6)	3.805	2	0.00941948
5/2+(8)	8.056	4+(2)	3.986	2	0.0121783
5/2+(8)	8.056	2+(5)	4.129	0	0.0119536
5/2+(8)	8.056	2+(5)	4.129	2	0.030926
5/2+(8)	8.056	2+(6)	4.15	0	0.00425576
5/2+(8)	8.056	2+(6)	4.15	2	0.000494331
5/2+(8)	8.056	2+(7)	4.624	0	0.00673889
5/2+(8)	8.056	2+(7)	4.624	2	0.00329614
5/2+(8)	8.056	3+(6)	4.728	0	0.000792578
5/2+(8)	8.056	3+(6)	4.728	2	0.021978
5/2+(8)	8.056	4+(3)	4.738	2	0.0071158
5/2+(8)	8.056	3+(7)	4.845	0	0.0642589
5/2+(8)	8.056	3+(7)	4.845	2	0.141748
5/2+(8)	8.056	4+(4)	4.861	2	0.0765387
5/2+(8)	8.056	1+(7)	4.886	2	0.000640548
5/2+(8)	8.056	2+(8)	4.906	0	2.5478e-05
5/2+(8)	8.056	2+(8)	4.906	2	0.0206493
5/2+(8)	8.056	1+(8)	5.021	2	0.00929796
5/2+(8)	8.056	0+(3)	5.199	2	1.85193e-05
5/2+(8)	8.056	5+(2)	5.245	2	0.000917792
5/2+(8)	8.056	1+(9)	5.456	2	0.00253847
5/2+(8)	8.056	3+(8)	5.775	0	0.000216609
5/2+(8)	8.056	3+(8)	5.775	2	0.000454049
5/2+(8)	8.056	3+(9)	5.966	0	0.0134975
5/2+(8)	8.056	3+(9)	5.966	2	0.0103425
5/2+(8)	8.056	1+(10)	6.039	2	0.0138094
5/2+(8)	8.056	2+(9)	6.063	0	0.00994398
5/2+(8)	8.056	2+(9)	6.063	2	0.00525573
5/2+(8)	8.056	2+(10)	6.065	0	9.11023e-05
5/2+(8)	8.056	2+(10)	6.065	2	0.0022988
5/2+(8)	8.056	3+(10)	6.169	0	0.0227538
5/2+(8)	8.056	3+(10)	6.169	2	0.0146406
5/2+(8)	8.056	4+(5)	6.315	2	0.0793639
11/2+(1)	8.082	3+(1)	0	2	0.00375083
11/2+(1)	8.082	3+(2)	2.062	2	0.00756741
11/2+(1)	8.082	4+(1)	2.287	2	0.0128609
11/2+(1)	8.082	3+(3)	2.447	2	0.00146919
11/2+(1)	8.082	3+(4)	3.296	2	3.28856e-06
11/2+(1)	8.082	5+(1)	3.668	0	0.00425753
11/2+(1)	8.082	5+(1)	3.668	2	0.00399817
11/2+(1)	8.082	3+(5)	3.711	2	0.000172696
11/2+(1)	8.082	4+(2)	3.986	2	0.00165949
11/2+(1)	8.082	3+(6)	4.728	2	0.00100208
11/2+(1)	8.082	4+(3)	4.738	2	0.221873
11/2+(1)	8.082	3+(7)	4.845	2	1.21887e-06
11/2+(1)	8.082	4+(4)	4.861	2	0.0426863
11/2+(1)	8.082	5+(2)	5.245	0	0.00818957
11/2+(1)	8.082	5+(2)	5.245	2	0.0178469
11/2+(1)	8.082	3+(8)	5.775	2	0.00395687
11/2+(1)	8.082	3+(9)	5.966	2	0.00169885
11/2+(1)	8.082	3+(10)	6.169	2	0.00312175
11/2+(1)	8.082	4+(5)	6.315	2	0.00900129
3/2+(10)	8.169	3+(1)	0	2	0.000412162
3/2+(10)	8.169	0+(1)	0.024	2	8.53915e-05
3/2+(10)	8.169	1+(1)	0.35	0	0.00468831
3/2+(10)	8.169	1+(1)	0.35	2	0.00148385
3/2+(10)	8.169	1+(2)	0.536	0	0.00107746
3/2+(10)	8.169	1+(2)	0.536	2	2.22632e-05
3/2+(10)	8.169	2+(1)	1.092	0	0.00139474
3/2+(10)	8.169	2+(1)	1.092	2	0.00397286
3/2+(10)	8.169	2+(2)	1.727	0	0.0114661
3/2+(10)	8.169	2+(2)	1.727	2	0.0109349
3/2+(10)	8.169	3+(2)	2.062	2	0.0130283
3/2+(10)	8.169	2+(3)	2.156	0	0.000166093
3/2+(10)	8.169	2+(3)	2.156	2	0.00045438
3/2+(10)	8.169	4+(1)	2.287	2	1.70946e-05
3/2+(10)	8.169	1+(3)	2.397	0	0.0054779
3/2+(10)	8.169	1+(3)	2.397	2	0.0241752
3/2+(10)	8.169	3+(3)	2.447	2	0.00403392
3/2+(10)	8.169	1+(4)	3.057	0	0.00748486
3/2+(10)	8.169	1+(4)	3.057	2	0.00587605
3/2+(10)	8.169	2+(4)	3.148	0	0.0015155
3/2+(10)	8.169	2+(4)	3.148	2	0.00192452
3/2+(10)	8.169	3+(4)	3.296	2	0.00504652
3/2+(10)	8.169	3+(5)	3.711	2	0.0493682
3/2+(10)	8.169	1+(5)	3.728	0	0.0189288
3/2+(10)	8.169	1+(5)	3.728	2	0.0312475
3/2+(10)	8.169	0+(2)	3.78	2	0.00829466
3/2+(10)	8.169	1+(6)	3.805	0	0.00973659
3/2+(10)	8.169	1+(6)	3.805	2	0.00319402
3/2+(10)	8.169	4+(2)	3.986	2	0.00379266
3/2+(10)	8.169	2+(5)	4.129	0	0.00357788
3/2+(10)	8.169	2+(5)	4.129	2	7.17323e-05
3/2+(10)	8.169	2+(6)	4.15	0	0.00148508
3/2+(10)	8.169	2+(6)	4.15	2	0.000955009
3/2+(10)	8.169	2+(7)	4.624	0	0.00450793
3/2+(10)	8.169	2+(7)	4.624	2	0.0120823
3/2+(10)	8.169	3+(6)	4.728	2	0.0105081
3/2+(10)	8.169	4+(3)	4.738	2	0.000327877
3/2+(10)	8.169	3+(7)	4.845	2	0.133687
3/2+(10)	8.169	4+(4)	4.861	2	8.36001e-05
3/2+(10)	8.169	1+(7)	4.886	0	0.00188868
3/2+(10)	8.169	1+(7)	4.886	2	0.0079762
3/2+(10)	8.169	2+(8)	4.906	0	2.08729e-05
3/2+(10)	8.169	2+(8)	4.906	2	1.55921e-05
3/2+(10)	8.169	1+(8)	5.021	0	0.00280946
3/2+(10)	8.169	1+(8)	5.021	2	0.00654053
3/2+(10)	8.169	0+(3)	5.199	2	0.000169416
3/2+(10)	8.169	1+(9)	5.456	0	0.000108623
3/2+(10)	8.169	1+(9)	5.456	2	0.00423671
3/2+(10)	8.169	3+(8)	5.775	2	0.106182
3/2+(10)	8.169	3+(9)	5.966	2	0.0043732
3/2+(10)	8.169	1+(10)	6.039	0	0.000496679
3/2+(10)	8.169	1+(10)	6.039	2	0.243026
3/2+(10)	8.169	2+(9)	6.063	0	0.00296688
3/2+(10)	8.169	2+(9)	6.063	2	0.0155565
3/2+(10)	8.169	2+(10)	6.065	0	0.0248899
3/2+(10)	8.169	2+(10)	6.065	2	0.0836525
3/2+(10)	8.169	3+(10)	6.169	2	0.0419584
3/2+(10)	8.169	4+(5)	6.315	2	0.00843599
7/2+(6)	8.195	3+(1)	0	0	0.00384144
7/2+(6)	8.195	3+(1)	0	2	0.00878267
7/2+(6)	8.195	1+(1)	0.35	2	2.27713e-06
7/2+(6)	8.195	1+(2)	0.536	2	0.00078554
7/2+(6)	8.195	2+(1)	1.092	2	0.00291779
7/2+(6)	8.195	2+(2)	1.727	2	0.0124754
7/2+(6)	8.195	3+(2)	2.062	0	0.0133484
7/2+(6)	8.195	3+(2)	2.062	2	0.00139898
7/2+(6)	8.195	2+(3)	2.156	2	0.00288606
7/2+(6)	8.195	4+(1)	2.287	0	0.00108067
7/2+(6)	8.195	4+(1)	2.287	2	0.0201924
7/2+(6)	8.195	1+(3)	2.397	2	0.00094828
7/2+(6)	8.195	3+(3)	2.447	0	0.00772494
7/2+(6)	8.195	3+(3)	2.447	2	0.00109239
7/2+(6)	8.195	1+(4)	3.057	2	0.0011035
7/2+(6)	8.195	2+(4)	3.148	2	0.00765266
7/2+(6)	8.195	3+(4)	3.296	0	0.000112081
7/2+(6)	8.195	3+(4)	3.296	2	0.00232414
7/2+(6)	8.195	5+(1)	3.668	2	0.0391451
7/2+(6)	8.195	3+(5)	3.711	0	0.021434
7/2+(6)	8.195	3+(5)	3.711	2	0.0701125
7/2+(6)	8.195	1+(5)	3.728	2	0.000270236
7/2+(6)	8.195	1+(6)	3.805	2	4.84443e-06
7/2+(6)	8.195	4+(2)	3.986	0	0.0195703
7/2+(6)	8.195	4+(2)	3.986	2	0.00928627
7/2+(6)	8.195	2+(5)	4.129	2	0.00489841
7/2+(6)	8.195	2+(6)	4.15	2	0.00430272
7/2+(6)	8.195	2+(7)	4.624	2	0.000687221
7/2+(6)	8.195	3+(6)	4.728	0	0.00299799
7/2+(6)	8.195	3+(6)	4.728	2	0.0258079
7/2+(6)	8.195	4+(3)	4.738	0	0.00100419
7/2+(6)	8.195	4+(3)	4.738	2	0.000882607
7/2+(6)	8.195	3+(7)	4.845	0	0.00753176
7/2+(6)	8.195	3+(7)	4.845	2	0.00230341
7/2+(6)	8.195	4+(4)	4.861	0	0.000383249
7/2+(6)	8.195	4+(4)	4.861	2	0.00509657
7/2+(6)	8.195	1+(7)	4.886	2	0.00127074
7/2+(6)	8.195	2+(8)	4.906	2	0.120703
7/2+(6)	8.195	1+(8)	5.021	2	0.000383882
7/2+(6)	8.195	5+(2)	5.245	2	0.00374072
7/2+(6)	8.195	1+(9)	5.456	2	1.58528e-05
7/2+(6)	8.195	3+(8)	5.775	0	0.0015958
7/2+(6)	8.195	3+(8)	5.775	2	0.0372001
7/2+(6)	8.195	3+(9)	5.966	0	0.0013375
7/2+(6)	8.195	3+(9)	5.966	2	0.00173285
7/2+(6)	8.195	1+(10)	6.039	2	0.00339941
7/2+(6)	8.195	2+(9)	6.063	2	0.0662766
7/2+(6)	8.195	2+(10)	6.065	2	0.000321505
7/2+(6)	8.195	3+(10)	6.169	0	3.18136e-05
7/2+(6)	8.195	3+(10)	6.169	2	0.000280714
7/2+(6)	8.195	4+(5)	6.315	0	0.0136846
7/2+(6)	8.195	4+(5)	6.315	2	0.37156
7/2+(7)	8.248	3+(1)	0	0	0.00409915
7/2+(7)	8.248	3+(1)	0	2	0.00710648
7/2+(7)	8.248	1+(1)	0.35	2	4.97071e-06
7/2+(7)	8.248	1+(2)	0.536	2	0.00057591
7/2+(7)	8.248	2+(1)	1.092	2	0.0402251
7/2+(7)	8.248	2+(2)	1.727	2	0.0252994
7/2+(7)	8.248	3+(2)	2.062	0	0.00080365
7/2+(7)	8.248	3+(2)	2.062	2	0.00109358
7/2+(7)	8.248	2+(3)	2.156	2	0.00565622
7/2+(7)	8.248	4+(1)	2.287	0	0.000110237
7/2+(7)	8.248	4+(1)	2.287	2	0.00732917
7/2+(7)	8.248	1+(3)	2.397	2	1.83903e-06
7/2+(7)	8.248	3+(3)	2.447	0	0.000860482
7/2+(7)	8.248	3+(3)	2.447	2	0.0279854
7/2+(7)	8.248	1+(4)	3.057	2	1.5609e-05
7/2+(7)	8.248	2+(4)	3.148	2	0.00151076
7/2+(7)	8.248	3+(4)	3.296	0	0.00864068
7/2+(7)	8.248	3+(4)	3.296	2	0.0487643
7/2+(7)	8.248	5+(1)	3.668	2	0.0156704
7/2+(7)	8.248	3+(5)	3.711	0	0.00937273
7/2+(7)	8.248	3+(5)	3.711	2	0.031137
7/2+(7)	8.248	1+(5)	3.728	2	0.000461606
7/2+(7)	8.248	1+(6)	3.805	2	9.39496e-06
7/2+(7)	8.248	4+(2)	3.986	0	0.0105574
7/2+(7)	8.248	4+(2)	3.986	2	0.0214549
7/2+(7)	8.248	2+(5)	4.129	2	0.0134535
7/2+(7)	8.248	2+(6)	4.15	2	0.00719152
7/2+(7)	8.248	2+(7)	4.624	2	0.000817195
7/2+(7)	8.248	3+(6)	4.728	0	0.000709808
7/2+(7)	8.248	3+(6)	4.728	2	0.000594832
7/2+(7)	8.248	4+(3)	4.738	0	0.0911159
7/2+(7)	8.248	4+(3)	4.738	2	0.222751
7/2+(7)	8.248	3+(7)	4.845	0	0.0022245
7/2+(7)	8.248	3+(7)	4.845	2	0.0123978
7/2+(7)	8.248	4+(4)	4.861	0	0.00227946
7/2+(7)	8.248	4+(4)	4.861	2	0.0021483
7/2+(7)	8.248	1+(7)	4.886	2	4.19286e-05
7/2+(7)	8.248	2+(8)	4.906	2	0.235417
7/2+(7)	8.248	1+(8)	5.021	2	0.000372132
7/2+(7)	8.248	5+(2)	5.245	2	0.0010451
7/2+(7)	8.248	1+(9)	5.456	2	0.0007303
7/2+(7)	8.248	3+(8)	5.775	0	1.5269e-06
7/2+(7)	8.248	3+(8)	5.775	2	0.00746287
7/2+(7)	8.248	3+(9)	5.966	0	0.0168244
7/2+(7)	8.248	3+(9)	5.966	2	0.0304612
7/2+(7)	8.248	1+(10)	6.039	2	0.00110353
7/2+(7)	8.248	2+(9)	6.063	2	0.0271782
7/2+(7)	8.248	2+(10)	6.065	2	0.00264365
7/2+(7)	8.248	3+(10)	6.169	0	0.0020172
7/2+(7)	8.248	3+(10)	6.169	2	0.0003676
7/2+(7)	8.248	4+(5)	6.315	0	0.0203719
7/2+(7)	8.248	4+(5)	6.315	2	0.00607298
5/2+(9)	8.253	3+(1)	0	0	0.00247596
5/2+(9)	8.253	3+(1)	0	2	0.000673789
5/2+(9)	8.253	0+(1)	0.024	2	5.98831e-05
5/2+(9)	8.253	1+(1)	0.35	2	0.00486557
5/2+(9)	8.253	1+(2)	0.536	2	0.000827228
5/2+(9)	8.253	2+(1)	1.092	0	0.0034897
5/2+(9)	8.253	2+(1)	1.092	2	0.00819352
5/2+(9)	8.253	2+(2)	1.727	0	0.0319558
5/2+(9)	8.253	2+(2)	1.727	2	0.00464325
5/2+(9)	8.253	3+(2)	2.062	0	0.0166516
5/2+(9)	8.253	3+(2)	2.062	2	0.0020428
5/2+(9)	8.253	2+(3)	2.156	0	0.000181087
5/2+(9)	8.253	2+(3)	2.156	2	0.0025793
5/2+(9)	8.253	4+(1)	2.287	2	0.0320769
5/2+(9)	8.253	1+(3)	2.397	2	0.0271303
5/2+(9)	8.253	3+(3)	2.447	0	0.00387967
5/2+(9)	8.253	3+(3)	2.447	2	0.076766
5/2+(9)	8.253	1+(4)	3.057	2	0.0299824
5/2+(9)	8.253	2+(4)	3.148	0	0.00360825
5/2+(9)	8.253	2+(4)	3.148	2	0.00157274
5/2+(9)	8.253	3+(4)	3.296	0	0.00643515
5/2+(9)	8.253	3+(4)	3.296	2	0.00638451
5/2+(9)	8.253	5+(1)	3.668	2	0.000697389
5/2+(9)	8.253	3+(5)	3.711	0	0.00948502
5/2+(9)	8.253	3+(5)	3.711	2	0.118137
5/2+(9)	8.253	1+(5)	3.728	2	0.0673998
5/2+(9)	8.253	0+(2)	3.78	2	0.000310832
5/2+(9)	8.253	1+(6)	3.805	2	0.00689438
5/2+(9)	8.253	4+(2)	3.986	2	0.0895205
5/2+(9)	8.253	2+(5)	4.129	0	0.000415888
5/2+(9)	8.253	2+(5)	4.129	2	0.034644
5/2+(9)	8.253	2+(6)	4.15	0	7.45081e-05
5/2+(9)	8.253	2+(6)	4.15	2	0.000619896
5/2+(9)	8.253	2+(7)	4.624	0	0.00300135
5/2+(9)	8.253	2+(7)	4.624	2	0.00350963
5/2+(9)	8.253	3+(6)	4.728	0	0.000695734
5/2+(9)	8.253	3+(6)	4.728	2	0.00616598
5/2+(9)	8.253	4+(3)	4.738	2	0.0717271
5/2+(9)	8.253	3+(7)	4.845	0	0.0901702
5/2+(9)	8.253	3+(7)	4.845	2	0.0382995
5/2+(9)	8.253	4+(4)	4.861	2	0.00477244
5/2+(9)	8.253	1+(7)	4.886	2	0.00535341
5/2+(9)	8.253	2+(8)	4.906	0	0.000521168
5/2+(9)	8.253	2+(8)	4.906	2	0.0393894
5/2+(9)	8.253	1+(8)	5.021	2	0.0603881
5/2+(9)	8.253	0+(3)	5.199	2	1.10016e-05
5/2+(9)	8.253	5+(2)	5.245	2	0.0366728
5/2+(9)	8.253	1+(9)	5.456	2	0.000976025
5/2+(9)	8.253	3+(8)	5.775	0	0.0538235
5/2+(9)	8.253	3+(8)	5.775	2	0.00418174
5/2+(9)	8.253	3+(9)	5.966	0	0.00199204
5/2+(9)	8.253	3+(9)	5.966	2	0.0461326
5/2+(9)	8.253	1+(10)	6.039	2	0.0344841
5/2+(9)	8.253	2+(9)	6.063	0	0.00518584
5/2+(9)	8.253	2+(9)	6.063	2	0.0112841
5/2+(9)	8.253	2+(10)	6.065	0	5.80097e-06
5/2+(9)	8.253	2+(10)	6.065	2	0.0300306
5/2+(9)	8.253	3+(10)	6.169	0	0.0128498
5/2+(9)	8.253	3+(10)	6.169	2	0.0302547
5/2+(9)	8.253	4+(5)	6.315	2	0.0342478
5/2+(10)	8.519	3+(1)	0	0	1.26362e-19
5/2+(10)	8.519	3+(1)	0	2	6.21193e-19
5/2+(10)	8.519	0+(1)	0.024	2	0.00579055
5/2+(10)	8.519	1+(1)	0.35	2	6.64713e-20
5/2+(10)	8.519	1+(2)	0.536	2	1.06457e-18
5/2+(10)	8.519	2+(1)	1.092	0	1.17398e-19
5/2+(10)	8.519	2+(1)	1.092	2	1.02162e-19
5/2+(10)	8.519	2+(2)	1.727	0	5.72771e-20
5/2+(10)	8.519	2+(2)	1.727	2	6.28221e-19
5/2+(10)	8.519	3+(2)	2.062	0	8.82069e-20
5/2+(10)	8.519	3+(2)	2.062	2	4.75566e-20
5/2+(10)	8.519	2+(3)	2.156	0	0.0186313
5/2+(10)	8.519	2+(3)	2.156	2	0.0774442
5/2+(10)	8.519	4+(1)	2.287	2	1.11239e-19
5/2+(10)	8.519	1+(3)	2.397	2	4.32904e-20
5/2+(10)	8.519	3+(3)	2.447	0	4.7847e-20
5/2+(10)	8.519	3+(3)	2.447	2	9.86178e-20
5/2+(10)	8.519	1+(4)	3.057	2	2.67601e-18
5/2+(10)	8.519	2+(4)	3.148	0	0.0118704
5/2+(10)	8.519	2+(4)	3.148	2	0.303591
5/2+(10)	8.519	3+(4)	3.296	0	3.93499e-19
5/2+(10)	8.519	3+(4)	3.296	2	1.12148e-18
5/2+(10)	8.519	5+(1)	3.668	2	3.61605e-22
5/2+(10)	8.519	3+(5)	3.711	0	6.34882e-19
5/2+(10)	8.519	3+(5)	3.711	2	1.73657e-19
5/2+(10)	8.519	1+(5)	3.728	2	2.19458e-20
5/2+(10)	8.519	0+(2)	3.78	2	8.68659e-05
5/2+(10)	8.519	1+(6)	3.805	2	0.00698868
5/2+(10)	8.519	4+(2)	3.986	2	7.51881e-19
5/2+(10)	8.519	2+(5)	4.129	0	2.91232e-24
5/2+(10)	8.519	2+(5)	4.129	2	2.38802e-18
5/2+(10)	8.519	2+(6)	4.15	0	0.000390213
5/2+(10)	8.519	2+(6)	4.15	2	0.0428334
5/2+(10)	8.519	2+(7)	4.624	0	0.0106206
5/2+(10)	8.519	2+(7)	4.624	2	0.00140242
5/2+(10)	8.519	3+(6)	4.728	0	0.214105
5/2+(10)	8.519	3+(6)	4.728	2	0.0115206
5/2+(10)	8.519	4+(3)	4.738	2	9.91006e-19
5/2+(10)	8.519	3+(7)	4.845	0	4.70386e-20
5/2+(10)	8.519	3+(7)	4.845	2	3.29889e-19
5/2+(10)	8.519	4+(4)	4.861	2	0.34341
5/2+(10)	8.519	1+(7)	4.886	2	9.51588e-19
5/2+(10)	8.519	2+(8)	4.906	0	1.76694e-19
5/2+(10)	8.519	2+(8)	4.906	2	4.92525e-19
5/2+(10)	8.519	1+(8)	5.021	2	2.97801e-19
5/2+(10)	8.519	0+(3)	5.199	2	7.05528e-05
5/2+(10)	8.519	5+(2)	5.245	2	3.4819e-19
5/2+(10)	8.519	1+(9)	5.456	2	0.0596661
5/2+(10)	8.519	3+(8)	5.775	0	4.89289e-19
5/2+(10)	8.519	3+(8)	5.775	2	1.13287e-18
5/2+(10)	8.519	3+(9)	5.966	0	3.173e-20
5/2+(10)	8.519	3+(9)	5.966	2	3.86036e-19
5/2+(10)	8.519	1+(10)	6.039	2	1.03054e-18
5/2+(10)	8.519	2+(9)	6.063	0	2.53946e-19
5/2+(10)	8.519	2+(9)	6.063	2	1.91408e-19
5/2+(10)	8.519	2+(10)	6.065	0	0.00212375
5/2+(10)	8.519	2+(10)	6.065	2	0.0399427
5/2+(10)	8.519	3+(10)	6.169	0	0.00179678
5/2+(10)	8.519	3+(10)	6.169	2	0.0812263
5/2+(10)	8.519	4+(5)	6.315	2	7.10612e-15
3/2+(11)	8.617	3+(1)	0	2	8.35692e-18
3/2+(11)	8.617	0+(1)	0.024	2	2.74798e-05
3/2+(11)	8.617	1+(1)	0.35	0	2.54355e-17
3/2+(11)	8.617	1+(1)	0.35	2	1.91332e-17
3/2+(11)	8.617	1+(2)	0.536	0	2.83845e-17
3/2+(11)	8.617	1+(2)	0.536	2	2.4509e-17
3/2+(11)	8.617	2+(1)	1.092	0	1.18314e-17
3/2+(11)	8.617	2+(1)	1.092	2	6.23207e-17
3/2+(11)	8.617	2+(2)	1.727	0	1.77391e-17
3/2+(11)	8.617	2+(2)	1.727	2	1.85825e-17
3/2+(11)	8.617	3+(2)	2.062	2	2.81629e-19
3/2+(11)	8.617	2+(3)	2.156	0	0.000236855
3/2+(11)	8.617	2+(3)	2.156	2	0.016622
3/2+(11)	8.617	4+(1)	2.287	2	1.07276e-19
3/2+(11)	8.617	1+(3)	2.397	0	4.06211e-17
3/2+(11)	8.617	1+(3)	2.397	2	3.57315e-17
3/2+(11)	8.617	3+(3)	2.447	2	3.14748e-17
3/2+(11)	8.617	1+(4)	3.057	0	1.70271e-16
3/2+(11)	8.617	1+(4)	3.057	2	5.73645e-18
3/2+(11)	8.617	2+(4)	3.148	0	0.0595234
3/2+(11)	8.617	2+(4)	3.148	2	0.200158
3/2+(11)	8.617	3+(4)	3.296	2	1.62035e-15
3/2+(11)	8.617	3+(5)	3.711	2	9.20688e-17
3/2+(11)	8.617	1+(5)	3.728	0	3.35569e-18
3/2+(11)	8.617	1+(5)	3.728	2	8.44352e-17
3/2+(11)	8.617	0+(2)	3.78	2	0.00270779
3/2+(11)	8.617	1+(6)	3.805	0	0.0138188
3/2+(11)	8.617	1+(6)	3.805	2	0.189659
3/2+(11)	8.617	4+(2)	3.986	2	2.26885e-17
3/2+(11)	8.617	2+(5)	4.129	0	2.57383e-17
3/2+(11)	8.617	2+(5)	4.129	2	1.06455e-16
3/2+(11)	8.617	2+(6)	4.15	0	0.00198282
3/2+(11)	8.617	2+(6)	4.15	2	0.00752657
3/2+(11)	8.617	2+(7)	4.624	0	0.0720173
3/2+(11)	8.617	2+(7)	4.624	2	0.0574064
3/2+(11)	8.617	3+(6)	4.728	2	0.24548
3/2+(11)	8.617	4+(3)	4.738	2	4.8927e-17
3/2+(11)	8.617	3+(7)	4.845	2	9.91721e-17
3/2+(11)	8.617	4+(4)	4.861	2	0.00367243
3/2+(11)	8.617	1+(7)	4.886	0	8.32439e-17
3/2+(11)	8.617	1+(7)	4.886	2	1.06015e-16
3/2+(11)	8.617	2+(8)	4.906	0	5.12574e-18
3/2+(11)	8.617	2+(8)	4.906	2	2.22445e-16
3/2+(11)	8.617	1+(8)	5.021	0	2.39421e-18
3/2+(11)	8.617	1+(8)	5.021	2	7.17325e-17
3/2+(11)	8.617	0+(3)	5.199	2	0.0268352
3/2+(11)	8.617	1+(9)	5.456	0	0.0400203
3/2+(11)	8.617	1+(9)	5.456	2	0.0994682
3/2+(11)	8.617	3+(8)	5.775	2	2.57166e-17
3/2+(11)	8.617	3+(9)	5.966	2	5.67618e-17
3/2+(11)	8.617	1+(10)	6.039	0	2.45074e-17
3/2+(11)	8.617	1+(10)	6.039	2	5.70391e-17
3/2+(11)	8.617	2+(9)	6.063	0	4.08623e-17
3/2+(11)	8.617	2+(9)	6.063	2	8.14343e-17
3/2+(11)	8.617	2+(10)	6.065	0	0.13012
3/2+(11)	8.617	2+(10)	6.065	2	0.00589826
3/2+(11)	8.617	3+(10)	6.169	2	0.240762
3/2+(11)	8.617	4+(5)	6.315	2	4.09933e-16
