#Spectroscopic factors for transition between 35Cl_fsu9_M1T1- and 34Cl_fsu9_M0T0+
#File: 35Cl_fsu9-.xml Final(daugter) system file: 34Cl_fsu9+.xml
#parent Ex(p) daugther Ex(d) L SF=|A|^2 
7/2-(1)	0	3+(1)	0	1	0.00379775
7/2-(1)	0	3+(1)	0	3	0.0378285
7/2-(1)	0	0+(1)	0.024	3	0.221132
7/2-(1)	0	1+(1)	0.35	3	0.00818018
7/2-(1)	0	1+(2)	0.536	3	0.00602464
7/2-(1)	0	2+(1)	1.092	1	0.000598528
7/2-(1)	0	2+(1)	1.092	3	0.00375273
7/2-(1)	0	2+(2)	1.727	1	0.000227612
7/2-(1)	0	2+(2)	1.727	3	0.0027338
7/2-(1)	0	3+(2)	2.062	1	1.35811e-05
7/2-(1)	0	3+(2)	2.062	3	0.00313591
7/2-(1)	0	2+(3)	2.156	1	0.00338446
7/2-(1)	0	2+(3)	2.156	3	0.0247493
7/2-(1)	0	4+(1)	2.287	1	2.95897e-05
7/2-(1)	0	4+(1)	2.287	3	6.90116e-06
7/2-(1)	0	1+(3)	2.397	3	0.00426739
7/2-(1)	0	3+(3)	2.447	1	0.000472832
7/2-(1)	0	3+(3)	2.447	3	0.0024739
7/2-(1)	0	1+(4)	3.057	3	0.0115459
7/2-(1)	0	2+(4)	3.148	1	6.28508e-05
7/2-(1)	0	2+(4)	3.148	3	0.0134272
7/2-(1)	0	3+(4)	3.296	1	0.000441353
7/2-(1)	0	3+(4)	3.296	3	0.00296835
7/2-(1)	0	5+(1)	3.668	1	1.02325e-08
7/2-(1)	0	5+(1)	3.668	3	1.52495e-05
7/2-(1)	0	3+(5)	3.711	1	9.36328e-06
7/2-(1)	0	3+(5)	3.711	3	2.04389e-05
7/2-(1)	0	1+(5)	3.728	3	0.000120909
7/2-(1)	0	0+(2)	3.78	3	0.000107019
7/2-(1)	0	1+(6)	3.805	3	0.00533092
7/2-(1)	0	4+(2)	3.986	1	1.03209e-05
7/2-(1)	0	4+(2)	3.986	3	8.46791e-05
7/2-(1)	0	2+(5)	4.129	1	7.59976e-05
7/2-(1)	0	2+(5)	4.129	3	0.000754503
7/2-(1)	0	2+(6)	4.15	1	1.52752e-05
7/2-(1)	0	2+(6)	4.15	3	6.18465e-05
7/2-(1)	0	2+(7)	4.624	1	0.000136934
7/2-(1)	0	2+(7)	4.624	3	0.00153394
7/2-(1)	0	3+(6)	4.728	1	8.25929e-05
7/2-(1)	0	3+(6)	4.728	3	0.000541352
7/2-(1)	0	4+(3)	4.738	1	0.000157821
7/2-(1)	0	4+(3)	4.738	3	0.00261469
7/2-(1)	0	3+(7)	4.845	1	1.13867e-05
7/2-(1)	0	3+(7)	4.845	3	0.000107975
7/2-(1)	0	4+(4)	4.861	1	6.2908e-05
7/2-(1)	0	4+(4)	4.861	3	0.000817609
7/2-(1)	0	1+(7)	4.886	3	0.002937
7/2-(1)	0	2+(8)	4.906	1	2.83744e-06
7/2-(1)	0	2+(8)	4.906	3	0.00284148
7/2-(1)	0	1+(8)	5.021	3	0.00498468
7/2-(1)	0	0+(3)	5.199	3	0.000309971
7/2-(1)	0	5+(2)	5.245	1	8.36085e-06
7/2-(1)	0	5+(2)	5.245	3	1.76311e-05
7/2-(1)	0	1+(9)	5.456	3	0.000330431
7/2-(1)	0	3+(8)	5.775	1	4.57704e-05
7/2-(1)	0	3+(8)	5.775	3	0.000494546
7/2-(1)	0	3+(9)	5.966	1	0.000130266
7/2-(1)	0	3+(9)	5.966	3	6.18098e-05
7/2-(1)	0	1+(10)	6.039	3	0.000175899
7/2-(1)	0	2+(9)	6.063	1	9.22978e-05
7/2-(1)	0	2+(9)	6.063	3	8.00412e-06
7/2-(1)	0	2+(10)	6.065	1	2.70475e-06
7/2-(1)	0	2+(10)	6.065	3	0.000178481
7/2-(1)	0	3+(10)	6.169	1	0.000153337
7/2-(1)	0	3+(10)	6.169	3	0.0010273
7/2-(1)	0	4+(5)	6.315	1	1.29807e-05
7/2-(1)	0	4+(5)	6.315	3	0.000255759
3/2-(1)	0.59	3+(1)	0	1	0.00281372
3/2-(1)	0.59	3+(1)	0	3	0.0354636
3/2-(1)	0.59	0+(1)	0.024	1	0.076164
3/2-(1)	0.59	1+(1)	0.35	1	0.00350414
3/2-(1)	0.59	1+(1)	0.35	3	0.0178769
3/2-(1)	0.59	1+(2)	0.536	1	0.00960504
3/2-(1)	0.59	1+(2)	0.536	3	4.01052e-05
3/2-(1)	0.59	2+(1)	1.092	1	0.000369553
3/2-(1)	0.59	2+(1)	1.092	3	0.0620426
3/2-(1)	0.59	2+(2)	1.727	1	0.000643397
3/2-(1)	0.59	2+(2)	1.727	3	0.0244867
3/2-(1)	0.59	3+(2)	2.062	1	2.97178e-06
3/2-(1)	0.59	3+(2)	2.062	3	0.00059091
3/2-(1)	0.59	2+(3)	2.156	1	0.00560256
3/2-(1)	0.59	2+(3)	2.156	3	0.00325199
3/2-(1)	0.59	4+(1)	2.287	3	0.000526587
3/2-(1)	0.59	1+(3)	2.397	1	0.000886803
3/2-(1)	0.59	1+(3)	2.397	3	0.00138277
3/2-(1)	0.59	3+(3)	2.447	1	0.0020908
3/2-(1)	0.59	3+(3)	2.447	3	0.000584288
3/2-(1)	0.59	1+(4)	3.057	1	0.00799147
3/2-(1)	0.59	1+(4)	3.057	3	0.000657553
3/2-(1)	0.59	2+(4)	3.148	1	0.00112296
3/2-(1)	0.59	2+(4)	3.148	3	0.0966414
3/2-(1)	0.59	3+(4)	3.296	1	0.000644815
3/2-(1)	0.59	3+(4)	3.296	3	0.00448908
3/2-(1)	0.59	5+(1)	3.668	3	1.77371e-05
3/2-(1)	0.59	3+(5)	3.711	1	6.90553e-05
3/2-(1)	0.59	3+(5)	3.711	3	0.000358463
3/2-(1)	0.59	1+(5)	3.728	1	0.000641658
3/2-(1)	0.59	1+(5)	3.728	3	0.000175467
3/2-(1)	0.59	0+(2)	3.78	1	0.0033603
3/2-(1)	0.59	1+(6)	3.805	1	0.000912129
3/2-(1)	0.59	1+(6)	3.805	3	0.00835629
3/2-(1)	0.59	4+(2)	3.986	3	3.17211e-05
3/2-(1)	0.59	2+(5)	4.129	1	8.83295e-05
3/2-(1)	0.59	2+(5)	4.129	3	0.00104771
3/2-(1)	0.59	2+(6)	4.15	1	0.000958378
3/2-(1)	0.59	2+(6)	4.15	3	0.0013905
3/2-(1)	0.59	2+(7)	4.624	1	0.00012866
3/2-(1)	0.59	2+(7)	4.624	3	0.00457072
3/2-(1)	0.59	3+(6)	4.728	1	0.00048726
3/2-(1)	0.59	3+(6)	4.728	3	0.000409244
3/2-(1)	0.59	4+(3)	4.738	3	0.00153196
3/2-(1)	0.59	3+(7)	4.845	1	1.68627e-06
3/2-(1)	0.59	3+(7)	4.845	3	0.000293732
3/2-(1)	0.59	4+(4)	4.861	3	3.10537e-06
3/2-(1)	0.59	1+(7)	4.886	1	0.00319221
3/2-(1)	0.59	1+(7)	4.886	3	0.000678132
3/2-(1)	0.59	2+(8)	4.906	1	0.0018854
3/2-(1)	0.59	2+(8)	4.906	3	0.014501
3/2-(1)	0.59	1+(8)	5.021	1	0.00215113
3/2-(1)	0.59	1+(8)	5.021	3	0.000715
3/2-(1)	0.59	0+(3)	5.199	1	8.25989e-06
3/2-(1)	0.59	5+(2)	5.245	3	0.000180213
3/2-(1)	0.59	1+(9)	5.456	1	0.000231812
3/2-(1)	0.59	1+(9)	5.456	3	3.03065e-05
3/2-(1)	0.59	3+(8)	5.775	1	8.9887e-05
3/2-(1)	0.59	3+(8)	5.775	3	0.00021607
3/2-(1)	0.59	3+(9)	5.966	1	0.00029137
3/2-(1)	0.59	3+(9)	5.966	3	0.00261139
3/2-(1)	0.59	1+(10)	6.039	1	3.71517e-05
3/2-(1)	0.59	1+(10)	6.039	3	2.81076e-05
3/2-(1)	0.59	2+(9)	6.063	1	0.00038174
3/2-(1)	0.59	2+(9)	6.063	3	0.000782058
3/2-(1)	0.59	2+(10)	6.065	1	7.26967e-06
3/2-(1)	0.59	2+(10)	6.065	3	0.000157974
3/2-(1)	0.59	3+(10)	6.169	1	0.000482007
3/2-(1)	0.59	3+(10)	6.169	3	0.00168632
3/2-(1)	0.59	4+(5)	6.315	3	0.000667484
5/2-(1)	0.914	3+(1)	0	1	0.00471575
5/2-(1)	0.914	3+(1)	0	3	0.0603743
5/2-(1)	0.914	0+(1)	0.024	3	0.00290878
5/2-(1)	0.914	1+(1)	0.35	1	0.00383289
5/2-(1)	0.914	1+(1)	0.35	3	0.00720702
5/2-(1)	0.914	1+(2)	0.536	1	0.0171204
5/2-(1)	0.914	1+(2)	0.536	3	0.0131899
5/2-(1)	0.914	2+(1)	1.092	1	0.000185847
5/2-(1)	0.914	2+(1)	1.092	3	0.0190645
5/2-(1)	0.914	2+(2)	1.727	1	3.30007e-05
5/2-(1)	0.914	2+(2)	1.727	3	0.0130865
5/2-(1)	0.914	3+(2)	2.062	1	3.79086e-05
5/2-(1)	0.914	3+(2)	2.062	3	0.00197308
5/2-(1)	0.914	2+(3)	2.156	1	0.00245727
5/2-(1)	0.914	2+(3)	2.156	3	0.0466718
5/2-(1)	0.914	4+(1)	2.287	1	3.63714e-05
5/2-(1)	0.914	4+(1)	2.287	3	0.00397722
5/2-(1)	0.914	1+(3)	2.397	1	0.0019291
5/2-(1)	0.914	1+(3)	2.397	3	0.0108443
5/2-(1)	0.914	3+(3)	2.447	1	0.000427731
5/2-(1)	0.914	3+(3)	2.447	3	0.00139132
5/2-(1)	0.914	1+(4)	3.057	1	0.000608932
5/2-(1)	0.914	1+(4)	3.057	3	0.000982446
5/2-(1)	0.914	2+(4)	3.148	1	0.00108101
5/2-(1)	0.914	2+(4)	3.148	3	0.121551
5/2-(1)	0.914	3+(4)	3.296	1	0.000853402
5/2-(1)	0.914	3+(4)	3.296	3	0.00603576
5/2-(1)	0.914	5+(1)	3.668	3	0.000127319
5/2-(1)	0.914	3+(5)	3.711	1	8.68082e-05
5/2-(1)	0.914	3+(5)	3.711	3	1.90642e-05
5/2-(1)	0.914	1+(5)	3.728	1	0.00076613
5/2-(1)	0.914	1+(5)	3.728	3	0.00144191
5/2-(1)	0.914	0+(2)	3.78	3	0.00102012
5/2-(1)	0.914	1+(6)	3.805	1	0.00155748
5/2-(1)	0.914	1+(6)	3.805	3	0.0223508
5/2-(1)	0.914	4+(2)	3.986	1	2.72099e-08
5/2-(1)	0.914	4+(2)	3.986	3	6.83529e-06
5/2-(1)	0.914	2+(5)	4.129	1	0.000130483
5/2-(1)	0.914	2+(5)	4.129	3	0.0012738
5/2-(1)	0.914	2+(6)	4.15	1	3.81074e-06
5/2-(1)	0.914	2+(6)	4.15	3	0.00044178
5/2-(1)	0.914	2+(7)	4.624	1	0.00346864
5/2-(1)	0.914	2+(7)	4.624	3	0.00367453
5/2-(1)	0.914	3+(6)	4.728	1	4.3687e-05
5/2-(1)	0.914	3+(6)	4.728	3	0.006038
5/2-(1)	0.914	4+(3)	4.738	1	0.00073091
5/2-(1)	0.914	4+(3)	4.738	3	0.00529121
5/2-(1)	0.914	3+(7)	4.845	1	5.18043e-05
5/2-(1)	0.914	3+(7)	4.845	3	0.00246678
5/2-(1)	0.914	4+(4)	4.861	1	4.91727e-07
5/2-(1)	0.914	4+(4)	4.861	3	1.77908e-05
5/2-(1)	0.914	1+(7)	4.886	1	8.59085e-07
5/2-(1)	0.914	1+(7)	4.886	3	0.00371559
5/2-(1)	0.914	2+(8)	4.906	1	0.00242326
5/2-(1)	0.914	2+(8)	4.906	3	0.00260669
5/2-(1)	0.914	1+(8)	5.021	1	0.000398644
5/2-(1)	0.914	1+(8)	5.021	3	0.000149638
5/2-(1)	0.914	0+(3)	5.199	3	2.77026e-05
5/2-(1)	0.914	5+(2)	5.245	3	0.000243872
5/2-(1)	0.914	1+(9)	5.456	1	1.92597e-05
5/2-(1)	0.914	1+(9)	5.456	3	0.000224909
5/2-(1)	0.914	3+(8)	5.775	1	2.03268e-06
5/2-(1)	0.914	3+(8)	5.775	3	0.000263283
5/2-(1)	0.914	3+(9)	5.966	1	0.000136019
5/2-(1)	0.914	3+(9)	5.966	3	0.00384787
5/2-(1)	0.914	1+(10)	6.039	1	2.98045e-05
5/2-(1)	0.914	1+(10)	6.039	3	6.83048e-05
5/2-(1)	0.914	2+(9)	6.063	1	0.000752606
5/2-(1)	0.914	2+(9)	6.063	3	0.00192808
5/2-(1)	0.914	2+(10)	6.065	1	0.000416119
5/2-(1)	0.914	2+(10)	6.065	3	0.000133647
5/2-(1)	0.914	3+(10)	6.169	1	0.00047312
5/2-(1)	0.914	3+(10)	6.169	3	0.00107345
5/2-(1)	0.914	4+(5)	6.315	1	6.08176e-05
5/2-(1)	0.914	4+(5)	6.315	3	0.000985225
9/2-(1)	1.074	3+(1)	0	1	0.0472289
9/2-(1)	1.074	3+(1)	0	3	0.044211
9/2-(1)	1.074	1+(1)	0.35	3	0.0355497
9/2-(1)	1.074	1+(2)	0.536	3	2.37845e-06
9/2-(1)	1.074	2+(1)	1.092	3	0.022043
9/2-(1)	1.074	2+(2)	1.727	3	0.00406307
9/2-(1)	1.074	3+(2)	2.062	1	6.35856e-06
9/2-(1)	1.074	3+(2)	2.062	3	0.000484764
9/2-(1)	1.074	2+(3)	2.156	3	0.0831563
9/2-(1)	1.074	4+(1)	2.287	1	7.82463e-05
9/2-(1)	1.074	4+(1)	2.287	3	0.000559029
9/2-(1)	1.074	1+(3)	2.397	3	0.000172
9/2-(1)	1.074	3+(3)	2.447	1	0.000642495
9/2-(1)	1.074	3+(3)	2.447	3	0.00139524
9/2-(1)	1.074	1+(4)	3.057	3	0.00315932
9/2-(1)	1.074	2+(4)	3.148	3	0.0125228
9/2-(1)	1.074	3+(4)	3.296	1	2.45355e-07
9/2-(1)	1.074	3+(4)	3.296	3	0.00369544
9/2-(1)	1.074	5+(1)	3.668	1	2.52466e-05
9/2-(1)	1.074	5+(1)	3.668	3	0.000171355
9/2-(1)	1.074	3+(5)	3.711	1	5.5835e-05
9/2-(1)	1.074	3+(5)	3.711	3	0.000119636
9/2-(1)	1.074	1+(5)	3.728	3	5.65735e-05
9/2-(1)	1.074	1+(6)	3.805	3	0.0979551
9/2-(1)	1.074	4+(2)	3.986	1	0.000117868
9/2-(1)	1.074	4+(2)	3.986	3	0.000472285
9/2-(1)	1.074	2+(5)	4.129	3	0.00134221
9/2-(1)	1.074	2+(6)	4.15	3	0.00138823
9/2-(1)	1.074	2+(7)	4.624	3	0.0200971
9/2-(1)	1.074	3+(6)	4.728	1	0.00081299
9/2-(1)	1.074	3+(6)	4.728	3	0.000492556
9/2-(1)	1.074	4+(3)	4.738	1	0.00324329
9/2-(1)	1.074	4+(3)	4.738	3	0.00277297
9/2-(1)	1.074	3+(7)	4.845	1	1.74573e-06
9/2-(1)	1.074	3+(7)	4.845	3	0.000278098
9/2-(1)	1.074	4+(4)	4.861	1	0.000396058
9/2-(1)	1.074	4+(4)	4.861	3	0.000501948
9/2-(1)	1.074	1+(7)	4.886	3	0.00113387
9/2-(1)	1.074	2+(8)	4.906	3	0.0034492
9/2-(1)	1.074	1+(8)	5.021	3	0.000561766
9/2-(1)	1.074	5+(2)	5.245	1	4.9703e-06
9/2-(1)	1.074	5+(2)	5.245	3	7.2474e-05
9/2-(1)	1.074	1+(9)	5.456	3	2.95343e-05
9/2-(1)	1.074	3+(8)	5.775	1	1.05211e-06
9/2-(1)	1.074	3+(8)	5.775	3	0.000444436
9/2-(1)	1.074	3+(9)	5.966	1	0.000219399
9/2-(1)	1.074	3+(9)	5.966	3	0.00198998
9/2-(1)	1.074	1+(10)	6.039	3	1.83974e-07
9/2-(1)	1.074	2+(9)	6.063	3	0.000880032
9/2-(1)	1.074	2+(10)	6.065	3	0.000159191
9/2-(1)	1.074	3+(10)	6.169	1	9.77163e-05
9/2-(1)	1.074	3+(10)	6.169	3	0.00109604
9/2-(1)	1.074	4+(5)	6.315	1	2.0236e-05
9/2-(1)	1.074	4+(5)	6.315	3	0.000571938
7/2-(2)	1.468	3+(1)	0	1	0.0027698
7/2-(2)	1.468	3+(1)	0	3	0.0716553
7/2-(2)	1.468	0+(1)	0.024	3	0.000106361
7/2-(2)	1.468	1+(1)	0.35	3	0.000622508
7/2-(2)	1.468	1+(2)	0.536	3	0.0792643
7/2-(2)	1.468	2+(1)	1.092	1	0.000267161
7/2-(2)	1.468	2+(1)	1.092	3	0.0195079
7/2-(2)	1.468	2+(2)	1.727	1	0.000291182
7/2-(2)	1.468	2+(2)	1.727	3	0.0243959
7/2-(2)	1.468	3+(2)	2.062	1	2.86844e-05
7/2-(2)	1.468	3+(2)	2.062	3	0.00751261
7/2-(2)	1.468	2+(3)	2.156	1	0.00776576
7/2-(2)	1.468	2+(3)	2.156	3	0.130358
7/2-(2)	1.468	4+(1)	2.287	1	0.000519742
7/2-(2)	1.468	4+(1)	2.287	3	0.011877
7/2-(2)	1.468	1+(3)	2.397	3	0.00432978
7/2-(2)	1.468	3+(3)	2.447	1	0.000885935
7/2-(2)	1.468	3+(3)	2.447	3	0.0112427
7/2-(2)	1.468	1+(4)	3.057	3	6.72174e-05
7/2-(2)	1.468	2+(4)	3.148	1	0.00347869
7/2-(2)	1.468	2+(4)	3.148	3	0.0299092
7/2-(2)	1.468	3+(4)	3.296	1	0.00406071
7/2-(2)	1.468	3+(4)	3.296	3	0.000551964
7/2-(2)	1.468	5+(1)	3.668	1	7.76453e-06
7/2-(2)	1.468	5+(1)	3.668	3	0.000152083
7/2-(2)	1.468	3+(5)	3.711	1	8.85238e-05
7/2-(2)	1.468	3+(5)	3.711	3	0.00056433
7/2-(2)	1.468	1+(5)	3.728	3	0.000296793
7/2-(2)	1.468	0+(2)	3.78	3	0.00371251
7/2-(2)	1.468	1+(6)	3.805	3	0.00573444
7/2-(2)	1.468	4+(2)	3.986	1	3.19725e-05
7/2-(2)	1.468	4+(2)	3.986	3	0.000277836
7/2-(2)	1.468	2+(5)	4.129	1	0.000114115
7/2-(2)	1.468	2+(5)	4.129	3	0.000931614
7/2-(2)	1.468	2+(6)	4.15	1	0.000357398
7/2-(2)	1.468	2+(6)	4.15	3	0.000885916
7/2-(2)	1.468	2+(7)	4.624	1	0.00357483
7/2-(2)	1.468	2+(7)	4.624	3	0.00173477
7/2-(2)	1.468	3+(6)	4.728	1	0.000245465
7/2-(2)	1.468	3+(6)	4.728	3	0.00857307
7/2-(2)	1.468	4+(3)	4.738	1	0.000536656
7/2-(2)	1.468	4+(3)	4.738	3	0.00257247
7/2-(2)	1.468	3+(7)	4.845	1	0.000122921
7/2-(2)	1.468	3+(7)	4.845	3	0.00150963
7/2-(2)	1.468	4+(4)	4.861	1	0.000153524
7/2-(2)	1.468	4+(4)	4.861	3	0.00039499
7/2-(2)	1.468	1+(7)	4.886	3	0.00185452
7/2-(2)	1.468	2+(8)	4.906	1	8.45838e-05
7/2-(2)	1.468	2+(8)	4.906	3	0.000493084
7/2-(2)	1.468	1+(8)	5.021	3	0.000256691
7/2-(2)	1.468	0+(3)	5.199	3	0.000361914
7/2-(2)	1.468	5+(2)	5.245	1	3.95685e-05
7/2-(2)	1.468	5+(2)	5.245	3	2.90028e-05
7/2-(2)	1.468	1+(9)	5.456	3	7.42541e-05
7/2-(2)	1.468	3+(8)	5.775	1	0.000157502
7/2-(2)	1.468	3+(8)	5.775	3	0.000571516
7/2-(2)	1.468	3+(9)	5.966	1	0.000316194
7/2-(2)	1.468	3+(9)	5.966	3	0.00325257
7/2-(2)	1.468	1+(10)	6.039	3	5.54269e-05
7/2-(2)	1.468	2+(9)	6.063	1	0.000292989
7/2-(2)	1.468	2+(9)	6.063	3	0.00277925
7/2-(2)	1.468	2+(10)	6.065	1	6.78143e-05
7/2-(2)	1.468	2+(10)	6.065	3	0.000870925
7/2-(2)	1.468	3+(10)	6.169	1	0.000737181
7/2-(2)	1.468	3+(10)	6.169	3	0.00080932
7/2-(2)	1.468	4+(5)	6.315	1	0.00017182
7/2-(2)	1.468	4+(5)	6.315	3	8.97017e-05
3/2-(2)	1.569	3+(1)	0	1	0.0245697
3/2-(2)	1.569	3+(1)	0	3	0.0427983
3/2-(2)	1.569	0+(1)	0.024	1	0.0821713
3/2-(2)	1.569	1+(1)	0.35	1	0.00827729
3/2-(2)	1.569	1+(1)	0.35	3	0.00390686
3/2-(2)	1.569	1+(2)	0.536	1	0.0020757
3/2-(2)	1.569	1+(2)	0.536	3	0.000133139
3/2-(2)	1.569	2+(1)	1.092	1	0.0030088
3/2-(2)	1.569	2+(1)	1.092	3	0.00321189
3/2-(2)	1.569	2+(2)	1.727	1	0.000323237
3/2-(2)	1.569	2+(2)	1.727	3	0.00121591
3/2-(2)	1.569	3+(2)	2.062	1	0.000216396
3/2-(2)	1.569	3+(2)	2.062	3	0.00347029
3/2-(2)	1.569	2+(3)	2.156	1	0.00200794
3/2-(2)	1.569	2+(3)	2.156	3	0.0731137
3/2-(2)	1.569	4+(1)	2.287	3	0.00160191
3/2-(2)	1.569	1+(3)	2.397	1	0.00244396
3/2-(2)	1.569	1+(3)	2.397	3	0.00228958
3/2-(2)	1.569	3+(3)	2.447	1	0.00750718
3/2-(2)	1.569	3+(3)	2.447	3	0.0156624
3/2-(2)	1.569	1+(4)	3.057	1	0.00487188
3/2-(2)	1.569	1+(4)	3.057	3	0.000796276
3/2-(2)	1.569	2+(4)	3.148	1	0.0038279
3/2-(2)	1.569	2+(4)	3.148	3	0.0333384
3/2-(2)	1.569	3+(4)	3.296	1	0.00083832
3/2-(2)	1.569	3+(4)	3.296	3	0.00292709
3/2-(2)	1.569	5+(1)	3.668	3	2.17589e-06
3/2-(2)	1.569	3+(5)	3.711	1	0.000230107
3/2-(2)	1.569	3+(5)	3.711	3	0.00138444
3/2-(2)	1.569	1+(5)	3.728	1	0.000400021
3/2-(2)	1.569	1+(5)	3.728	3	0.00051629
3/2-(2)	1.569	0+(2)	3.78	1	1.52335e-05
3/2-(2)	1.569	1+(6)	3.805	1	0.00187611
3/2-(2)	1.569	1+(6)	3.805	3	0.00161576
3/2-(2)	1.569	4+(2)	3.986	3	0.000106732
3/2-(2)	1.569	2+(5)	4.129	1	0.000176578
3/2-(2)	1.569	2+(5)	4.129	3	0.000591537
3/2-(2)	1.569	2+(6)	4.15	1	0.00163816
3/2-(2)	1.569	2+(6)	4.15	3	0.00211262
3/2-(2)	1.569	2+(7)	4.624	1	0.00271875
3/2-(2)	1.569	2+(7)	4.624	3	0.0108803
3/2-(2)	1.569	3+(6)	4.728	1	0.000682366
3/2-(2)	1.569	3+(6)	4.728	3	0.0190186
3/2-(2)	1.569	4+(3)	4.738	3	0.00537189
3/2-(2)	1.569	3+(7)	4.845	1	3.60833e-05
3/2-(2)	1.569	3+(7)	4.845	3	0.00118742
3/2-(2)	1.569	4+(4)	4.861	3	6.14316e-05
3/2-(2)	1.569	1+(7)	4.886	1	0.00148059
3/2-(2)	1.569	1+(7)	4.886	3	5.5033e-05
3/2-(2)	1.569	2+(8)	4.906	1	6.96371e-05
3/2-(2)	1.569	2+(8)	4.906	3	0.0100075
3/2-(2)	1.569	1+(8)	5.021	1	0.00305941
3/2-(2)	1.569	1+(8)	5.021	3	0.000730978
3/2-(2)	1.569	0+(3)	5.199	1	0.00016413
3/2-(2)	1.569	5+(2)	5.245	3	0.000173289
3/2-(2)	1.569	1+(9)	5.456	1	4.5217e-05
3/2-(2)	1.569	1+(9)	5.456	3	1.63488e-06
3/2-(2)	1.569	3+(8)	5.775	1	5.705e-06
3/2-(2)	1.569	3+(8)	5.775	3	3.30123e-05
3/2-(2)	1.569	3+(9)	5.966	1	0.000787239
3/2-(2)	1.569	3+(9)	5.966	3	7.86388e-05
3/2-(2)	1.569	1+(10)	6.039	1	0.000168906
3/2-(2)	1.569	1+(10)	6.039	3	3.43354e-06
3/2-(2)	1.569	2+(9)	6.063	1	0.000321313
3/2-(2)	1.569	2+(9)	6.063	3	0.00177595
3/2-(2)	1.569	2+(10)	6.065	1	0.000197412
3/2-(2)	1.569	2+(10)	6.065	3	0.00122342
3/2-(2)	1.569	3+(10)	6.169	1	0.000474126
3/2-(2)	1.569	3+(10)	6.169	3	0.000168949
3/2-(2)	1.569	4+(5)	6.315	3	0.000278259
5/2-(2)	1.703	3+(1)	0	1	0.0120942
5/2-(2)	1.703	3+(1)	0	3	0.177996
5/2-(2)	1.703	0+(1)	0.024	3	0.00220482
5/2-(2)	1.703	1+(1)	0.35	1	3.80356e-05
5/2-(2)	1.703	1+(1)	0.35	3	0.0443728
5/2-(2)	1.703	1+(2)	0.536	1	0.000130905
5/2-(2)	1.703	1+(2)	0.536	3	0.00412897
5/2-(2)	1.703	2+(1)	1.092	1	0.00296499
5/2-(2)	1.703	2+(1)	1.092	3	0.0110288
5/2-(2)	1.703	2+(2)	1.727	1	9.94448e-05
5/2-(2)	1.703	2+(2)	1.727	3	0.00291941
5/2-(2)	1.703	3+(2)	2.062	1	0.00131448
5/2-(2)	1.703	3+(2)	2.062	3	0.0037029
5/2-(2)	1.703	2+(3)	2.156	1	0.0134228
5/2-(2)	1.703	2+(3)	2.156	3	0.136847
5/2-(2)	1.703	4+(1)	2.287	1	0.000423576
5/2-(2)	1.703	4+(1)	2.287	3	0.00321807
5/2-(2)	1.703	1+(3)	2.397	1	0.000135216
5/2-(2)	1.703	1+(3)	2.397	3	0.0009881
5/2-(2)	1.703	3+(3)	2.447	1	4.42288e-05
5/2-(2)	1.703	3+(3)	2.447	3	0.0140292
5/2-(2)	1.703	1+(4)	3.057	1	0.000192892
5/2-(2)	1.703	1+(4)	3.057	3	0.00287319
5/2-(2)	1.703	2+(4)	3.148	1	0.000249502
5/2-(2)	1.703	2+(4)	3.148	3	0.0195791
5/2-(2)	1.703	3+(4)	3.296	1	0.000883402
5/2-(2)	1.703	3+(4)	3.296	3	0.00212737
5/2-(2)	1.703	5+(1)	3.668	3	0.00147869
5/2-(2)	1.703	3+(5)	3.711	1	0.000387309
5/2-(2)	1.703	3+(5)	3.711	3	5.12453e-05
5/2-(2)	1.703	1+(5)	3.728	1	1.09328e-06
5/2-(2)	1.703	1+(5)	3.728	3	0.00165557
5/2-(2)	1.703	0+(2)	3.78	3	1.0813e-05
5/2-(2)	1.703	1+(6)	3.805	1	0.00179199
5/2-(2)	1.703	1+(6)	3.805	3	0.000114063
5/2-(2)	1.703	4+(2)	3.986	1	0.000313399
5/2-(2)	1.703	4+(2)	3.986	3	1.50119e-05
5/2-(2)	1.703	2+(5)	4.129	1	0.000160256
5/2-(2)	1.703	2+(5)	4.129	3	0.00340242
5/2-(2)	1.703	2+(6)	4.15	1	0.000312613
5/2-(2)	1.703	2+(6)	4.15	3	0.000425329
5/2-(2)	1.703	2+(7)	4.624	1	6.37554e-05
5/2-(2)	1.703	2+(7)	4.624	3	0.00468003
5/2-(2)	1.703	3+(6)	4.728	1	0.000262972
5/2-(2)	1.703	3+(6)	4.728	3	0.00627853
5/2-(2)	1.703	4+(3)	4.738	1	0.000580388
5/2-(2)	1.703	4+(3)	4.738	3	0.000289708
5/2-(2)	1.703	3+(7)	4.845	1	0.000244706
5/2-(2)	1.703	3+(7)	4.845	3	2.75463e-05
5/2-(2)	1.703	4+(4)	4.861	1	1.33469e-05
5/2-(2)	1.703	4+(4)	4.861	3	0.0054922
5/2-(2)	1.703	1+(7)	4.886	1	1.33881e-05
5/2-(2)	1.703	1+(7)	4.886	3	0.000528774
5/2-(2)	1.703	2+(8)	4.906	1	0.000592528
5/2-(2)	1.703	2+(8)	4.906	3	0.00232281
5/2-(2)	1.703	1+(8)	5.021	1	0.000190662
5/2-(2)	1.703	1+(8)	5.021	3	0.000360962
5/2-(2)	1.703	0+(3)	5.199	3	7.07397e-06
5/2-(2)	1.703	5+(2)	5.245	3	7.71034e-05
5/2-(2)	1.703	1+(9)	5.456	1	0.000225509
5/2-(2)	1.703	1+(9)	5.456	3	0.000326467
5/2-(2)	1.703	3+(8)	5.775	1	0.00034623
5/2-(2)	1.703	3+(8)	5.775	3	0.000436166
5/2-(2)	1.703	3+(9)	5.966	1	0.000229436
5/2-(2)	1.703	3+(9)	5.966	3	0.000896393
5/2-(2)	1.703	1+(10)	6.039	1	3.36508e-06
5/2-(2)	1.703	1+(10)	6.039	3	0.000104726
5/2-(2)	1.703	2+(9)	6.063	1	0.00027967
5/2-(2)	1.703	2+(9)	6.063	3	0.00181655
5/2-(2)	1.703	2+(10)	6.065	1	0.000481437
5/2-(2)	1.703	2+(10)	6.065	3	0.000436008
5/2-(2)	1.703	3+(10)	6.169	1	3.55318e-05
5/2-(2)	1.703	3+(10)	6.169	3	0.00022273
5/2-(2)	1.703	4+(5)	6.315	1	1.03019e-05
5/2-(2)	1.703	4+(5)	6.315	3	0.000416677
7/2-(3)	1.988	3+(1)	0	1	0.0028055
7/2-(3)	1.988	3+(1)	0	3	0.0179585
7/2-(3)	1.988	0+(1)	0.024	3	0.00205589
7/2-(3)	1.988	1+(1)	0.35	3	0.00248605
7/2-(3)	1.988	1+(2)	0.536	3	0.00539342
7/2-(3)	1.988	2+(1)	1.092	1	0.0182416
7/2-(3)	1.988	2+(1)	1.092	3	0.0257569
7/2-(3)	1.988	2+(2)	1.727	1	0.00610792
7/2-(3)	1.988	2+(2)	1.727	3	0.022219
7/2-(3)	1.988	3+(2)	2.062	1	9.39589e-05
7/2-(3)	1.988	3+(2)	2.062	3	0.00258596
7/2-(3)	1.988	2+(3)	2.156	1	0.00299629
7/2-(3)	1.988	2+(3)	2.156	3	0.010121
7/2-(3)	1.988	4+(1)	2.287	1	0.00164953
7/2-(3)	1.988	4+(1)	2.287	3	0.000360017
7/2-(3)	1.988	1+(3)	2.397	3	0.0937336
7/2-(3)	1.988	3+(3)	2.447	1	0.000124077
7/2-(3)	1.988	3+(3)	2.447	3	0.000945733
7/2-(3)	1.988	1+(4)	3.057	3	0.0072649
7/2-(3)	1.988	2+(4)	3.148	1	0.00843824
7/2-(3)	1.988	2+(4)	3.148	3	0.0153717
7/2-(3)	1.988	3+(4)	3.296	1	0.000884331
7/2-(3)	1.988	3+(4)	3.296	3	0.00280487
7/2-(3)	1.988	5+(1)	3.668	1	5.7964e-05
7/2-(3)	1.988	5+(1)	3.668	3	4.11669e-05
7/2-(3)	1.988	3+(5)	3.711	1	0.000748541
7/2-(3)	1.988	3+(5)	3.711	3	0.000793405
7/2-(3)	1.988	1+(5)	3.728	3	0.00810168
7/2-(3)	1.988	0+(2)	3.78	3	0.0955012
7/2-(3)	1.988	1+(6)	3.805	3	0.035102
7/2-(3)	1.988	4+(2)	3.986	1	1.32554e-05
7/2-(3)	1.988	4+(2)	3.986	3	1.09839e-05
7/2-(3)	1.988	2+(5)	4.129	1	0.00116679
7/2-(3)	1.988	2+(5)	4.129	3	0.00426208
7/2-(3)	1.988	2+(6)	4.15	1	0.00114102
7/2-(3)	1.988	2+(6)	4.15	3	0.00389624
7/2-(3)	1.988	2+(7)	4.624	1	0.00218495
7/2-(3)	1.988	2+(7)	4.624	3	0.00609109
7/2-(3)	1.988	3+(6)	4.728	1	0.000529662
7/2-(3)	1.988	3+(6)	4.728	3	0.0040971
7/2-(3)	1.988	4+(3)	4.738	1	5.22961e-05
7/2-(3)	1.988	4+(3)	4.738	3	0.000120635
7/2-(3)	1.988	3+(7)	4.845	1	0.000336214
7/2-(3)	1.988	3+(7)	4.845	3	0.000420995
7/2-(3)	1.988	4+(4)	4.861	1	0.000312841
7/2-(3)	1.988	4+(4)	4.861	3	0.0014308
7/2-(3)	1.988	1+(7)	4.886	3	0.000182394
7/2-(3)	1.988	2+(8)	4.906	1	2.57136e-05
7/2-(3)	1.988	2+(8)	4.906	3	4.97868e-05
7/2-(3)	1.988	1+(8)	5.021	3	0.000872694
7/2-(3)	1.988	0+(3)	5.199	3	0.0046037
7/2-(3)	1.988	5+(2)	5.245	1	0.000137289
7/2-(3)	1.988	5+(2)	5.245	3	9.44534e-05
7/2-(3)	1.988	1+(9)	5.456	3	0.000112675
7/2-(3)	1.988	3+(8)	5.775	1	0.000114147
7/2-(3)	1.988	3+(8)	5.775	3	0.000213351
7/2-(3)	1.988	3+(9)	5.966	1	0.000272105
7/2-(3)	1.988	3+(9)	5.966	3	0.000255841
7/2-(3)	1.988	1+(10)	6.039	3	0.000503698
7/2-(3)	1.988	2+(9)	6.063	1	0.000332531
7/2-(3)	1.988	2+(9)	6.063	3	0.000381326
7/2-(3)	1.988	2+(10)	6.065	1	0.000150868
7/2-(3)	1.988	2+(10)	6.065	3	0.00485115
7/2-(3)	1.988	3+(10)	6.169	1	0.000160131
7/2-(3)	1.988	3+(10)	6.169	3	0.00120442
7/2-(3)	1.988	4+(5)	6.315	1	1.09586e-06
7/2-(3)	1.988	4+(5)	6.315	3	0.000187134
1/2-(1)	2.062	3+(1)	0	3	0.30858
1/2-(1)	2.062	0+(1)	0.024	1	0.00363048
1/2-(1)	2.062	1+(1)	0.35	1	0.0232171
1/2-(1)	2.062	1+(2)	0.536	1	0.0015491
1/2-(1)	2.062	2+(1)	1.092	1	0.000433919
1/2-(1)	2.062	2+(1)	1.092	3	0.00364429
1/2-(1)	2.062	2+(2)	1.727	1	0.000459307
1/2-(1)	2.062	2+(2)	1.727	3	7.12196e-07
1/2-(1)	2.062	3+(2)	2.062	3	0.0247998
1/2-(1)	2.062	2+(3)	2.156	1	0.0172128
1/2-(1)	2.062	2+(3)	2.156	3	0.00237329
1/2-(1)	2.062	4+(1)	2.287	3	0.0103275
1/2-(1)	2.062	1+(3)	2.397	1	0.000346314
1/2-(1)	2.062	3+(3)	2.447	3	0.0525624
1/2-(1)	2.062	1+(4)	3.057	1	9.08809e-05
1/2-(1)	2.062	2+(4)	3.148	1	0.000730357
1/2-(1)	2.062	2+(4)	3.148	3	0.00220895
1/2-(1)	2.062	3+(4)	3.296	3	0.000869459
1/2-(1)	2.062	3+(5)	3.711	3	0.0161859
1/2-(1)	2.062	1+(5)	3.728	1	0.00328709
1/2-(1)	2.062	0+(2)	3.78	1	0.000324928
1/2-(1)	2.062	1+(6)	3.805	1	0.0169091
1/2-(1)	2.062	4+(2)	3.986	3	0.000885016
1/2-(1)	2.062	2+(5)	4.129	1	0.000457319
1/2-(1)	2.062	2+(5)	4.129	3	0.00125522
1/2-(1)	2.062	2+(6)	4.15	1	0.00281043
1/2-(1)	2.062	2+(6)	4.15	3	0.000113621
1/2-(1)	2.062	2+(7)	4.624	1	8.63191e-06
1/2-(1)	2.062	2+(7)	4.624	3	0.00328883
1/2-(1)	2.062	3+(6)	4.728	3	0.0719554
1/2-(1)	2.062	4+(3)	4.738	3	0.00206245
1/2-(1)	2.062	3+(7)	4.845	3	0.000389238
1/2-(1)	2.062	4+(4)	4.861	3	0.000108418
1/2-(1)	2.062	1+(7)	4.886	1	0.000683632
1/2-(1)	2.062	2+(8)	4.906	1	0.000213179
1/2-(1)	2.062	2+(8)	4.906	3	5.26027e-06
1/2-(1)	2.062	1+(8)	5.021	1	0.00180492
1/2-(1)	2.062	0+(3)	5.199	1	2.65465e-06
1/2-(1)	2.062	1+(9)	5.456	1	0.000275628
1/2-(1)	2.062	3+(8)	5.775	3	0.00056332
1/2-(1)	2.062	3+(9)	5.966	3	0.00208696
1/2-(1)	2.062	1+(10)	6.039	1	9.78445e-06
1/2-(1)	2.062	2+(9)	6.063	1	0.000890032
1/2-(1)	2.062	2+(9)	6.063	3	0.000907356
1/2-(1)	2.062	2+(10)	6.065	1	0.0016707
1/2-(1)	2.062	2+(10)	6.065	3	4.77467e-05
1/2-(1)	2.062	3+(10)	6.169	3	0.00102942
1/2-(1)	2.062	4+(5)	6.315	3	0.00111348
9/2-(2)	2.201	3+(1)	0	1	0.0105976
9/2-(2)	2.201	3+(1)	0	3	0.0271448
9/2-(2)	2.201	1+(1)	0.35	3	0.00499389
9/2-(2)	2.201	1+(2)	0.536	3	0.00627433
9/2-(2)	2.201	2+(1)	1.092	3	0.000602056
9/2-(2)	2.201	2+(2)	1.727	3	0.00601471
9/2-(2)	2.201	3+(2)	2.062	1	0.000323221
9/2-(2)	2.201	3+(2)	2.062	3	0.0337202
9/2-(2)	2.201	2+(3)	2.156	3	0.110268
9/2-(2)	2.201	4+(1)	2.287	1	0.00543456
9/2-(2)	2.201	4+(1)	2.287	3	0.0116383
9/2-(2)	2.201	1+(3)	2.397	3	0.00226597
9/2-(2)	2.201	3+(3)	2.447	1	0.000240321
9/2-(2)	2.201	3+(3)	2.447	3	0.00906967
9/2-(2)	2.201	1+(4)	3.057	3	0.00762661
9/2-(2)	2.201	2+(4)	3.148	3	0.00361173
9/2-(2)	2.201	3+(4)	3.296	1	4.40565e-06
9/2-(2)	2.201	3+(4)	3.296	3	0.0070595
9/2-(2)	2.201	5+(1)	3.668	1	6.83962e-05
9/2-(2)	2.201	5+(1)	3.668	3	0.00204792
9/2-(2)	2.201	3+(5)	3.711	1	7.61458e-05
9/2-(2)	2.201	3+(5)	3.711	3	0.00167241
9/2-(2)	2.201	1+(5)	3.728	3	0.000243964
9/2-(2)	2.201	1+(6)	3.805	3	0.0144435
9/2-(2)	2.201	4+(2)	3.986	1	2.86973e-05
9/2-(2)	2.201	4+(2)	3.986	3	0.000867649
9/2-(2)	2.201	2+(5)	4.129	3	0.00445988
9/2-(2)	2.201	2+(6)	4.15	3	0.0201928
9/2-(2)	2.201	2+(7)	4.624	3	0.0659848
9/2-(2)	2.201	3+(6)	4.728	1	0.000206185
9/2-(2)	2.201	3+(6)	4.728	3	0.000784679
9/2-(2)	2.201	4+(3)	4.738	1	2.62041e-05
9/2-(2)	2.201	4+(3)	4.738	3	0.000834677
9/2-(2)	2.201	3+(7)	4.845	1	0.00023933
9/2-(2)	2.201	3+(7)	4.845	3	0.00198053
9/2-(2)	2.201	4+(4)	4.861	1	0.000481833
9/2-(2)	2.201	4+(4)	4.861	3	0.000899485
9/2-(2)	2.201	1+(7)	4.886	3	0.000250401
9/2-(2)	2.201	2+(8)	4.906	3	0.00295333
9/2-(2)	2.201	1+(8)	5.021	3	0.00274924
9/2-(2)	2.201	5+(2)	5.245	1	8.02368e-05
9/2-(2)	2.201	5+(2)	5.245	3	0.000630025
9/2-(2)	2.201	1+(9)	5.456	3	0.00177456
9/2-(2)	2.201	3+(8)	5.775	1	0.000114015
9/2-(2)	2.201	3+(8)	5.775	3	0.00230631
9/2-(2)	2.201	3+(9)	5.966	1	1.91302e-05
9/2-(2)	2.201	3+(9)	5.966	3	0.00646293
9/2-(2)	2.201	1+(10)	6.039	3	0.00014049
9/2-(2)	2.201	2+(9)	6.063	3	7.51102e-05
9/2-(2)	2.201	2+(10)	6.065	3	0.000130007
9/2-(2)	2.201	3+(10)	6.169	1	0.00030231
9/2-(2)	2.201	3+(10)	6.169	3	0.00345354
9/2-(2)	2.201	4+(5)	6.315	1	0.000190247
9/2-(2)	2.201	4+(5)	6.315	3	0.000916289
3/2-(3)	2.206	3+(1)	0	1	0.00816694
3/2-(3)	2.206	3+(1)	0	3	0.403763
3/2-(3)	2.206	0+(1)	0.024	1	0.0331187
3/2-(3)	2.206	1+(1)	0.35	1	0.00611372
3/2-(3)	2.206	1+(1)	0.35	3	0.00256488
3/2-(3)	2.206	1+(2)	0.536	1	0.00165259
3/2-(3)	2.206	1+(2)	0.536	3	6.51265e-07
3/2-(3)	2.206	2+(1)	1.092	1	0.00312734
3/2-(3)	2.206	2+(1)	1.092	3	0.00805908
3/2-(3)	2.206	2+(2)	1.727	1	0.000263046
3/2-(3)	2.206	2+(2)	1.727	3	0.00501213
3/2-(3)	2.206	3+(2)	2.062	1	0.00187106
3/2-(3)	2.206	3+(2)	2.062	3	0.00671597
3/2-(3)	2.206	2+(3)	2.156	1	0.0254136
3/2-(3)	2.206	2+(3)	2.156	3	0.00999286
3/2-(3)	2.206	4+(1)	2.287	3	0.00268357
3/2-(3)	2.206	1+(3)	2.397	1	0.000757524
3/2-(3)	2.206	1+(3)	2.397	3	1.17228e-06
3/2-(3)	2.206	3+(3)	2.447	1	0.00604668
3/2-(3)	2.206	3+(3)	2.447	3	0.0193078
3/2-(3)	2.206	1+(4)	3.057	1	0.00517115
3/2-(3)	2.206	1+(4)	3.057	3	9.0824e-05
3/2-(3)	2.206	2+(4)	3.148	1	0.00682259
3/2-(3)	2.206	2+(4)	3.148	3	0.0163649
3/2-(3)	2.206	3+(4)	3.296	1	0.000375787
3/2-(3)	2.206	3+(4)	3.296	3	0.0023967
3/2-(3)	2.206	5+(1)	3.668	3	0.00140417
3/2-(3)	2.206	3+(5)	3.711	1	0.000390507
3/2-(3)	2.206	3+(5)	3.711	3	0.00146159
3/2-(3)	2.206	1+(5)	3.728	1	2.31677e-05
3/2-(3)	2.206	1+(5)	3.728	3	0.000137628
3/2-(3)	2.206	0+(2)	3.78	1	2.49129e-05
3/2-(3)	2.206	1+(6)	3.805	1	0.000939654
3/2-(3)	2.206	1+(6)	3.805	3	9.27201e-06
3/2-(3)	2.206	4+(2)	3.986	3	0.00148731
3/2-(3)	2.206	2+(5)	4.129	1	0.000276736
3/2-(3)	2.206	2+(5)	4.129	3	0.000427628
3/2-(3)	2.206	2+(6)	4.15	1	0.0029516
3/2-(3)	2.206	2+(6)	4.15	3	0.00574937
3/2-(3)	2.206	2+(7)	4.624	1	0.00121798
3/2-(3)	2.206	2+(7)	4.624	3	0.000666904
3/2-(3)	2.206	3+(6)	4.728	1	0.000162235
3/2-(3)	2.206	3+(6)	4.728	3	0.00505868
3/2-(3)	2.206	4+(3)	4.738	3	0.00768446
3/2-(3)	2.206	3+(7)	4.845	1	0.000238531
3/2-(3)	2.206	3+(7)	4.845	3	0.00291223
3/2-(3)	2.206	4+(4)	4.861	3	0.00465386
3/2-(3)	2.206	1+(7)	4.886	1	0.000439788
3/2-(3)	2.206	1+(7)	4.886	3	0.000136832
3/2-(3)	2.206	2+(8)	4.906	1	0.000486594
3/2-(3)	2.206	2+(8)	4.906	3	0.00191823
3/2-(3)	2.206	1+(8)	5.021	1	0.000998471
3/2-(3)	2.206	1+(8)	5.021	3	1.44544e-05
3/2-(3)	2.206	0+(3)	5.199	1	0.000289399
3/2-(3)	2.206	5+(2)	5.245	3	6.30408e-05
3/2-(3)	2.206	1+(9)	5.456	1	0.000550337
3/2-(3)	2.206	1+(9)	5.456	3	2.38698e-05
3/2-(3)	2.206	3+(8)	5.775	1	0.000131531
3/2-(3)	2.206	3+(8)	5.775	3	0.000641227
3/2-(3)	2.206	3+(9)	5.966	1	0.000109227
3/2-(3)	2.206	3+(9)	5.966	3	0.000317938
3/2-(3)	2.206	1+(10)	6.039	1	6.0875e-05
3/2-(3)	2.206	1+(10)	6.039	3	1.15612e-05
3/2-(3)	2.206	2+(9)	6.063	1	0.00115338
3/2-(3)	2.206	2+(9)	6.063	3	0.000381357
3/2-(3)	2.206	2+(10)	6.065	1	0.0012337
3/2-(3)	2.206	2+(10)	6.065	3	0.00111621
3/2-(3)	2.206	3+(10)	6.169	1	9.12363e-05
3/2-(3)	2.206	3+(10)	6.169	3	0.0025568
3/2-(3)	2.206	4+(5)	6.315	3	0.00140086
11/2-(1)	2.26	3+(1)	0	3	0.00146411
11/2-(1)	2.26	2+(1)	1.092	3	0.030253
11/2-(1)	2.26	2+(2)	1.727	3	0.0370591
11/2-(1)	2.26	3+(2)	2.062	3	0.000102337
11/2-(1)	2.26	2+(3)	2.156	3	0.131047
11/2-(1)	2.26	4+(1)	2.287	1	0.00945004
11/2-(1)	2.26	4+(1)	2.287	3	0.0507393
11/2-(1)	2.26	3+(3)	2.447	3	0.00102636
11/2-(1)	2.26	2+(4)	3.148	3	0.0436707
11/2-(1)	2.26	3+(4)	3.296	3	0.000599189
11/2-(1)	2.26	5+(1)	3.668	1	0.000101599
11/2-(1)	2.26	5+(1)	3.668	3	0.00239884
11/2-(1)	2.26	3+(5)	3.711	3	0.000434353
11/2-(1)	2.26	4+(2)	3.986	1	0.000120195
11/2-(1)	2.26	4+(2)	3.986	3	0.00235382
11/2-(1)	2.26	2+(5)	4.129	3	0.00023274
11/2-(1)	2.26	2+(6)	4.15	3	0.00015107
11/2-(1)	2.26	2+(7)	4.624	3	0.0268767
11/2-(1)	2.26	3+(6)	4.728	3	0.0185918
11/2-(1)	2.26	4+(3)	4.738	1	8.52208e-05
11/2-(1)	2.26	4+(3)	4.738	3	0.000380569
11/2-(1)	2.26	3+(7)	4.845	3	0.000303683
11/2-(1)	2.26	4+(4)	4.861	1	0.00215709
11/2-(1)	2.26	4+(4)	4.861	3	0.0210383
11/2-(1)	2.26	2+(8)	4.906	3	0.000410287
11/2-(1)	2.26	5+(2)	5.245	1	1.95802e-05
11/2-(1)	2.26	5+(2)	5.245	3	0.000266035
11/2-(1)	2.26	3+(8)	5.775	3	0.00145536
11/2-(1)	2.26	3+(9)	5.966	3	1.04697e-05
11/2-(1)	2.26	2+(9)	6.063	3	0.00324005
11/2-(1)	2.26	2+(10)	6.065	3	2.38853e-05
11/2-(1)	2.26	3+(10)	6.169	3	0.000550659
11/2-(1)	2.26	4+(5)	6.315	1	8.63493e-06
11/2-(1)	2.26	4+(5)	6.315	3	9.89887e-05
5/2-(3)	2.321	3+(1)	0	1	0.00495583
5/2-(3)	2.321	3+(1)	0	3	0.0473857
5/2-(3)	2.321	0+(1)	0.024	3	0.00922491
5/2-(3)	2.321	1+(1)	0.35	1	0.00972034
5/2-(3)	2.321	1+(1)	0.35	3	0.184691
5/2-(3)	2.321	1+(2)	0.536	1	6.15873e-05
5/2-(3)	2.321	1+(2)	0.536	3	0.0970271
5/2-(3)	2.321	2+(1)	1.092	1	0.00124279
5/2-(3)	2.321	2+(1)	1.092	3	0.00252855
5/2-(3)	2.321	2+(2)	1.727	1	0.00130808
5/2-(3)	2.321	2+(2)	1.727	3	0.141194
5/2-(3)	2.321	3+(2)	2.062	1	0.000218556
5/2-(3)	2.321	3+(2)	2.062	3	0.00052342
5/2-(3)	2.321	2+(3)	2.156	1	0.00344122
5/2-(3)	2.321	2+(3)	2.156	3	0.00802456
5/2-(3)	2.321	4+(1)	2.287	1	5.17364e-05
5/2-(3)	2.321	4+(1)	2.287	3	0.00591218
5/2-(3)	2.321	1+(3)	2.397	1	0.000388063
5/2-(3)	2.321	1+(3)	2.397	3	0.0750332
5/2-(3)	2.321	3+(3)	2.447	1	0.000497347
5/2-(3)	2.321	3+(3)	2.447	3	0.00988451
5/2-(3)	2.321	1+(4)	3.057	1	1.63361e-05
5/2-(3)	2.321	1+(4)	3.057	3	0.0198477
5/2-(3)	2.321	2+(4)	3.148	1	0.00430129
5/2-(3)	2.321	2+(4)	3.148	3	0.000454973
5/2-(3)	2.321	3+(4)	3.296	1	0.000223059
5/2-(3)	2.321	3+(4)	3.296	3	0.00254685
5/2-(3)	2.321	5+(1)	3.668	3	0.000235189
5/2-(3)	2.321	3+(5)	3.711	1	0.000145984
5/2-(3)	2.321	3+(5)	3.711	3	0.000531761
5/2-(3)	2.321	1+(5)	3.728	1	9.29752e-06
5/2-(3)	2.321	1+(5)	3.728	3	0.000699872
5/2-(3)	2.321	0+(2)	3.78	3	0.00193955
5/2-(3)	2.321	1+(6)	3.805	1	0.0121789
5/2-(3)	2.321	1+(6)	3.805	3	0.0127895
5/2-(3)	2.321	4+(2)	3.986	1	0.000193479
5/2-(3)	2.321	4+(2)	3.986	3	0.000229558
5/2-(3)	2.321	2+(5)	4.129	1	0.000226203
5/2-(3)	2.321	2+(5)	4.129	3	0.00945228
5/2-(3)	2.321	2+(6)	4.15	1	0.000344223
5/2-(3)	2.321	2+(6)	4.15	3	0.00719299
5/2-(3)	2.321	2+(7)	4.624	1	0.00169081
5/2-(3)	2.321	2+(7)	4.624	3	0.0022647
5/2-(3)	2.321	3+(6)	4.728	1	6.82506e-05
5/2-(3)	2.321	3+(6)	4.728	3	0.00130696
5/2-(3)	2.321	4+(3)	4.738	1	0.000103351
5/2-(3)	2.321	4+(3)	4.738	3	0.000273289
5/2-(3)	2.321	3+(7)	4.845	1	7.70899e-06
5/2-(3)	2.321	3+(7)	4.845	3	0.00162872
5/2-(3)	2.321	4+(4)	4.861	1	3.46809e-06
5/2-(3)	2.321	4+(4)	4.861	3	0.00125093
5/2-(3)	2.321	1+(7)	4.886	1	0.000963763
5/2-(3)	2.321	1+(7)	4.886	3	0.00295083
5/2-(3)	2.321	2+(8)	4.906	1	7.65108e-05
5/2-(3)	2.321	2+(8)	4.906	3	0.00131304
5/2-(3)	2.321	1+(8)	5.021	1	4.2937e-05
5/2-(3)	2.321	1+(8)	5.021	3	0.00280396
5/2-(3)	2.321	0+(3)	5.199	3	0.000752596
5/2-(3)	2.321	5+(2)	5.245	3	5.83138e-05
5/2-(3)	2.321	1+(9)	5.456	1	0.000182598
5/2-(3)	2.321	1+(9)	5.456	3	0.00117782
5/2-(3)	2.321	3+(8)	5.775	1	4.24923e-06
5/2-(3)	2.321	3+(8)	5.775	3	2.55014e-05
5/2-(3)	2.321	3+(9)	5.966	1	5.38025e-05
5/2-(3)	2.321	3+(9)	5.966	3	0.000435216
5/2-(3)	2.321	1+(10)	6.039	1	6.0569e-05
5/2-(3)	2.321	1+(10)	6.039	3	2.34266e-05
5/2-(3)	2.321	2+(9)	6.063	1	0.000225377
5/2-(3)	2.321	2+(9)	6.063	3	3.20453e-05
5/2-(3)	2.321	2+(10)	6.065	1	0.000261316
5/2-(3)	2.321	2+(10)	6.065	3	0.00190903
5/2-(3)	2.321	3+(10)	6.169	1	8.42366e-05
5/2-(3)	2.321	3+(10)	6.169	3	3.35073e-05
5/2-(3)	2.321	4+(5)	6.315	1	2.3883e-05
5/2-(3)	2.321	4+(5)	6.315	3	0.000717267
1/2-(2)	2.329	3+(1)	0	3	0.0210573
1/2-(2)	2.329	0+(1)	0.024	1	0.0336032
1/2-(2)	2.329	1+(1)	0.35	1	0.01721
1/2-(2)	2.329	1+(2)	0.536	1	0.0371319
1/2-(2)	2.329	2+(1)	1.092	1	0.000212137
1/2-(2)	2.329	2+(1)	1.092	3	0.0069374
1/2-(2)	2.329	2+(2)	1.727	1	0.00806624
1/2-(2)	2.329	2+(2)	1.727	3	0.000558058
1/2-(2)	2.329	3+(2)	2.062	3	0.0004095
1/2-(2)	2.329	2+(3)	2.156	1	0.00164812
1/2-(2)	2.329	2+(3)	2.156	3	0.00193853
1/2-(2)	2.329	4+(1)	2.287	3	0.00175901
1/2-(2)	2.329	1+(3)	2.397	1	0.00201439
1/2-(2)	2.329	3+(3)	2.447	3	0.0310365
1/2-(2)	2.329	1+(4)	3.057	1	0.00884564
1/2-(2)	2.329	2+(4)	3.148	1	0.0368225
1/2-(2)	2.329	2+(4)	3.148	3	0.00015462
1/2-(2)	2.329	3+(4)	3.296	3	0.0195654
1/2-(2)	2.329	3+(5)	3.711	3	0.000126987
1/2-(2)	2.329	1+(5)	3.728	1	0.00189524
1/2-(2)	2.329	0+(2)	3.78	1	2.67034e-05
1/2-(2)	2.329	1+(6)	3.805	1	0.00694227
1/2-(2)	2.329	4+(2)	3.986	3	0.00106418
1/2-(2)	2.329	2+(5)	4.129	1	0.00357911
1/2-(2)	2.329	2+(5)	4.129	3	0.000180431
1/2-(2)	2.329	2+(6)	4.15	1	0.000732975
1/2-(2)	2.329	2+(6)	4.15	3	0.000136268
1/2-(2)	2.329	2+(7)	4.624	1	7.19405e-05
1/2-(2)	2.329	2+(7)	4.624	3	7.7978e-05
1/2-(2)	2.329	3+(6)	4.728	3	0.000637692
1/2-(2)	2.329	4+(3)	4.738	3	0.0185664
1/2-(2)	2.329	3+(7)	4.845	3	0.0047374
1/2-(2)	2.329	4+(4)	4.861	3	0.00370422
1/2-(2)	2.329	1+(7)	4.886	1	0.0019215
1/2-(2)	2.329	2+(8)	4.906	1	0.0115154
1/2-(2)	2.329	2+(8)	4.906	3	0.00157588
1/2-(2)	2.329	1+(8)	5.021	1	0.000545749
1/2-(2)	2.329	0+(3)	5.199	1	3.56638e-05
1/2-(2)	2.329	1+(9)	5.456	1	0.000100821
1/2-(2)	2.329	3+(8)	5.775	3	0.00948918
1/2-(2)	2.329	3+(9)	5.966	3	0.00298799
1/2-(2)	2.329	1+(10)	6.039	1	0.000357864
1/2-(2)	2.329	2+(9)	6.063	1	4.65341e-05
1/2-(2)	2.329	2+(9)	6.063	3	3.21614e-05
1/2-(2)	2.329	2+(10)	6.065	1	0.000812255
1/2-(2)	2.329	2+(10)	6.065	3	0.000520098
1/2-(2)	2.329	3+(10)	6.169	3	0.000523126
1/2-(2)	2.329	4+(5)	6.315	3	0.000179235
11/2-(2)	2.522	3+(1)	0	3	0.221168
11/2-(2)	2.522	2+(1)	1.092	3	0.02526
11/2-(2)	2.522	2+(2)	1.727	3	0.000154694
11/2-(2)	2.522	3+(2)	2.062	3	0.0194449
11/2-(2)	2.522	2+(3)	2.156	3	0.00514604
11/2-(2)	2.522	4+(1)	2.287	1	0.0182669
11/2-(2)	2.522	4+(1)	2.287	3	0.0101989
11/2-(2)	2.522	3+(3)	2.447	3	0.026019
11/2-(2)	2.522	2+(4)	3.148	3	0.0906951
11/2-(2)	2.522	3+(4)	3.296	3	0.00701668
11/2-(2)	2.522	5+(1)	3.668	1	0.000240442
11/2-(2)	2.522	5+(1)	3.668	3	0.0100583
11/2-(2)	2.522	3+(5)	3.711	3	0.0059026
11/2-(2)	2.522	4+(2)	3.986	1	0.000156012
11/2-(2)	2.522	4+(2)	3.986	3	0.00128642
11/2-(2)	2.522	2+(5)	4.129	3	0.00176976
11/2-(2)	2.522	2+(6)	4.15	3	0.0016783
11/2-(2)	2.522	2+(7)	4.624	3	0.0560744
11/2-(2)	2.522	3+(6)	4.728	3	0.00642977
11/2-(2)	2.522	4+(3)	4.738	1	0.000131677
11/2-(2)	2.522	4+(3)	4.738	3	0.000558897
11/2-(2)	2.522	3+(7)	4.845	3	0.00162536
11/2-(2)	2.522	4+(4)	4.861	1	0.00021168
11/2-(2)	2.522	4+(4)	4.861	3	0.000983111
11/2-(2)	2.522	2+(8)	4.906	3	4.35167e-05
11/2-(2)	2.522	5+(2)	5.245	1	7.52535e-05
11/2-(2)	2.522	5+(2)	5.245	3	0.000348511
11/2-(2)	2.522	3+(8)	5.775	3	0.000657397
11/2-(2)	2.522	3+(9)	5.966	3	0.00127355
11/2-(2)	2.522	2+(9)	6.063	3	1.36861e-07
11/2-(2)	2.522	2+(10)	6.065	3	0.00152978
11/2-(2)	2.522	3+(10)	6.169	3	0.00505209
11/2-(2)	2.522	4+(5)	6.315	1	3.56559e-07
11/2-(2)	2.522	4+(5)	6.315	3	0.000348623
7/2-(4)	2.558	3+(1)	0	1	0.0170605
7/2-(4)	2.558	3+(1)	0	3	0.00337967
7/2-(4)	2.558	0+(1)	0.024	3	0.00198448
7/2-(4)	2.558	1+(1)	0.35	3	0.0680063
7/2-(4)	2.558	1+(2)	0.536	3	0.20658
7/2-(4)	2.558	2+(1)	1.092	1	0.00281717
7/2-(4)	2.558	2+(1)	1.092	3	0.0238401
7/2-(4)	2.558	2+(2)	1.727	1	0.00102183
7/2-(4)	2.558	2+(2)	1.727	3	0.0243795
7/2-(4)	2.558	3+(2)	2.062	1	0.00756337
7/2-(4)	2.558	3+(2)	2.062	3	0.00392541
7/2-(4)	2.558	2+(3)	2.156	1	0.0206067
7/2-(4)	2.558	2+(3)	2.156	3	0.00450389
7/2-(4)	2.558	4+(1)	2.287	1	0.00124602
7/2-(4)	2.558	4+(1)	2.287	3	0.0261911
7/2-(4)	2.558	1+(3)	2.397	3	0.00380662
7/2-(4)	2.558	3+(3)	2.447	1	0.000363523
7/2-(4)	2.558	3+(3)	2.447	3	0.0151577
7/2-(4)	2.558	1+(4)	3.057	3	0.000354346
7/2-(4)	2.558	2+(4)	3.148	1	0.00864673
7/2-(4)	2.558	2+(4)	3.148	3	0.0023269
7/2-(4)	2.558	3+(4)	3.296	1	1.8652e-05
7/2-(4)	2.558	3+(4)	3.296	3	0.000276277
7/2-(4)	2.558	5+(1)	3.668	1	0.000372752
7/2-(4)	2.558	5+(1)	3.668	3	0.000330274
7/2-(4)	2.558	3+(5)	3.711	1	0.00109879
7/2-(4)	2.558	3+(5)	3.711	3	0.00123662
7/2-(4)	2.558	1+(5)	3.728	3	0.0056281
7/2-(4)	2.558	0+(2)	3.78	3	2.81166e-06
7/2-(4)	2.558	1+(6)	3.805	3	0.015175
7/2-(4)	2.558	4+(2)	3.986	1	1.46172e-05
7/2-(4)	2.558	4+(2)	3.986	3	0.000882255
7/2-(4)	2.558	2+(5)	4.129	1	6.66325e-05
7/2-(4)	2.558	2+(5)	4.129	3	0.00434379
7/2-(4)	2.558	2+(6)	4.15	1	3.12277e-05
7/2-(4)	2.558	2+(6)	4.15	3	0.0118018
7/2-(4)	2.558	2+(7)	4.624	1	0.000197685
7/2-(4)	2.558	2+(7)	4.624	3	0.0271035
7/2-(4)	2.558	3+(6)	4.728	1	0.00140465
7/2-(4)	2.558	3+(6)	4.728	3	0.0288656
7/2-(4)	2.558	4+(3)	4.738	1	3.76211e-05
7/2-(4)	2.558	4+(3)	4.738	3	0.00270075
7/2-(4)	2.558	3+(7)	4.845	1	0.000139666
7/2-(4)	2.558	3+(7)	4.845	3	0.00171951
7/2-(4)	2.558	4+(4)	4.861	1	0.000261538
7/2-(4)	2.558	4+(4)	4.861	3	0.000642676
7/2-(4)	2.558	1+(7)	4.886	3	0.00039093
7/2-(4)	2.558	2+(8)	4.906	1	0.00122923
7/2-(4)	2.558	2+(8)	4.906	3	0.00182398
7/2-(4)	2.558	1+(8)	5.021	3	0.00434172
7/2-(4)	2.558	0+(3)	5.199	3	1.64958e-08
7/2-(4)	2.558	5+(2)	5.245	1	4.45668e-05
7/2-(4)	2.558	5+(2)	5.245	3	0.000413685
7/2-(4)	2.558	1+(9)	5.456	3	0.000402165
7/2-(4)	2.558	3+(8)	5.775	1	0.000926091
7/2-(4)	2.558	3+(8)	5.775	3	0.000346558
7/2-(4)	2.558	3+(9)	5.966	1	0.00170356
7/2-(4)	2.558	3+(9)	5.966	3	0.00171758
7/2-(4)	2.558	1+(10)	6.039	3	0.000156068
7/2-(4)	2.558	2+(9)	6.063	1	0.000364095
7/2-(4)	2.558	2+(9)	6.063	3	0.00031985
7/2-(4)	2.558	2+(10)	6.065	1	0.000300541
7/2-(4)	2.558	2+(10)	6.065	3	0.00258169
7/2-(4)	2.558	3+(10)	6.169	1	0.000377291
7/2-(4)	2.558	3+(10)	6.169	3	0.000216398
7/2-(4)	2.558	4+(5)	6.315	1	0.000403759
7/2-(4)	2.558	4+(5)	6.315	3	0.000636364
9/2-(3)	2.578	3+(1)	0	1	0.0564233
9/2-(3)	2.578	3+(1)	0	3	0.00448396
9/2-(3)	2.578	1+(1)	0.35	3	0.482343
9/2-(3)	2.578	1+(2)	0.536	3	0.0410201
9/2-(3)	2.578	2+(1)	1.092	3	0.109521
9/2-(3)	2.578	2+(2)	1.727	3	0.0416754
9/2-(3)	2.578	3+(2)	2.062	1	0.0018598
9/2-(3)	2.578	3+(2)	2.062	3	0.0429095
9/2-(3)	2.578	2+(3)	2.156	3	0.00053552
9/2-(3)	2.578	4+(1)	2.287	1	0.000147983
9/2-(3)	2.578	4+(1)	2.287	3	0.00322957
9/2-(3)	2.578	1+(3)	2.397	3	0.00465396
9/2-(3)	2.578	3+(3)	2.447	1	7.2602e-05
9/2-(3)	2.578	3+(3)	2.447	3	0.00011902
9/2-(3)	2.578	1+(4)	3.057	3	0.00296895
9/2-(3)	2.578	2+(4)	3.148	3	0.00216929
9/2-(3)	2.578	3+(4)	3.296	1	0.000253726
9/2-(3)	2.578	3+(4)	3.296	3	0.00521969
9/2-(3)	2.578	5+(1)	3.668	1	3.30668e-05
9/2-(3)	2.578	5+(1)	3.668	3	0.000233071
9/2-(3)	2.578	3+(5)	3.711	1	0.000360481
9/2-(3)	2.578	3+(5)	3.711	3	5.45356e-05
9/2-(3)	2.578	1+(5)	3.728	3	0.000399387
9/2-(3)	2.578	1+(6)	3.805	3	0.00705284
9/2-(3)	2.578	4+(2)	3.986	1	1.05485e-05
9/2-(3)	2.578	4+(2)	3.986	3	9.05453e-05
9/2-(3)	2.578	2+(5)	4.129	3	0.00248896
9/2-(3)	2.578	2+(6)	4.15	3	1.71038e-05
9/2-(3)	2.578	2+(7)	4.624	3	0.0126042
9/2-(3)	2.578	3+(6)	4.728	1	0.000202425
9/2-(3)	2.578	3+(6)	4.728	3	0.00298363
9/2-(3)	2.578	4+(3)	4.738	1	0.000120746
9/2-(3)	2.578	4+(3)	4.738	3	0.000453931
9/2-(3)	2.578	3+(7)	4.845	1	3.37755e-05
9/2-(3)	2.578	3+(7)	4.845	3	7.76303e-06
9/2-(3)	2.578	4+(4)	4.861	1	2.5762e-05
9/2-(3)	2.578	4+(4)	4.861	3	0.00409117
9/2-(3)	2.578	1+(7)	4.886	3	0.00063085
9/2-(3)	2.578	2+(8)	4.906	3	0.000662882
9/2-(3)	2.578	1+(8)	5.021	3	6.87858e-06
9/2-(3)	2.578	5+(2)	5.245	1	1.90836e-05
9/2-(3)	2.578	5+(2)	5.245	3	0.000435428
9/2-(3)	2.578	1+(9)	5.456	3	0.000297576
9/2-(3)	2.578	3+(8)	5.775	1	2.49057e-09
9/2-(3)	2.578	3+(8)	5.775	3	0.000250398
9/2-(3)	2.578	3+(9)	5.966	1	2.15904e-05
9/2-(3)	2.578	3+(9)	5.966	3	2.0585e-05
9/2-(3)	2.578	1+(10)	6.039	3	2.5006e-07
9/2-(3)	2.578	2+(9)	6.063	3	0.000272123
9/2-(3)	2.578	2+(10)	6.065	3	0.0016951
9/2-(3)	2.578	3+(10)	6.169	1	1.2029e-05
9/2-(3)	2.578	3+(10)	6.169	3	0.00158479
9/2-(3)	2.578	4+(5)	6.315	1	1.24765e-05
9/2-(3)	2.578	4+(5)	6.315	3	0.000270712
13/2-(1)	2.654	3+(1)	0	3	0.835234
13/2-(1)	2.654	3+(2)	2.062	3	0.00228888
13/2-(1)	2.654	4+(1)	2.287	3	0.0299334
13/2-(1)	2.654	3+(3)	2.447	3	4.52724e-05
13/2-(1)	2.654	3+(4)	3.296	3	0.000660697
13/2-(1)	2.654	5+(1)	3.668	1	0.000458859
13/2-(1)	2.654	5+(1)	3.668	3	9.10793e-05
13/2-(1)	2.654	3+(5)	3.711	3	0.00402394
13/2-(1)	2.654	4+(2)	3.986	3	6.99363e-05
13/2-(1)	2.654	3+(6)	4.728	3	0.00503847
13/2-(1)	2.654	4+(3)	4.738	3	0.00386099
13/2-(1)	2.654	3+(7)	4.845	3	0.000296472
13/2-(1)	2.654	4+(4)	4.861	3	0.00127711
13/2-(1)	2.654	5+(2)	5.245	1	8.85372e-06
13/2-(1)	2.654	5+(2)	5.245	3	6.18691e-06
13/2-(1)	2.654	3+(8)	5.775	3	0.000232742
13/2-(1)	2.654	3+(9)	5.966	3	0.000243744
13/2-(1)	2.654	3+(10)	6.169	3	0.000354551
13/2-(1)	2.654	4+(5)	6.315	3	0.00039054
3/2-(4)	2.684	3+(1)	0	1	0.0438712
3/2-(4)	2.684	3+(1)	0	3	0.0261907
3/2-(4)	2.684	0+(1)	0.024	1	0.00789627
3/2-(4)	2.684	1+(1)	0.35	1	0.00265919
3/2-(4)	2.684	1+(1)	0.35	3	0.00159305
3/2-(4)	2.684	1+(2)	0.536	1	0.124097
3/2-(4)	2.684	1+(2)	0.536	3	0.00126665
3/2-(4)	2.684	2+(1)	1.092	1	0.00131169
3/2-(4)	2.684	2+(1)	1.092	3	0.310256
3/2-(4)	2.684	2+(2)	1.727	1	0.0031094
3/2-(4)	2.684	2+(2)	1.727	3	0.0035028
3/2-(4)	2.684	3+(2)	2.062	1	0.000131625
3/2-(4)	2.684	3+(2)	2.062	3	0.0170509
3/2-(4)	2.684	2+(3)	2.156	1	0.00926757
3/2-(4)	2.684	2+(3)	2.156	3	0.00954219
3/2-(4)	2.684	4+(1)	2.287	3	0.00550163
3/2-(4)	2.684	1+(3)	2.397	1	0.00287515
3/2-(4)	2.684	1+(3)	2.397	3	0.000866291
3/2-(4)	2.684	3+(3)	2.447	1	4.25625e-05
3/2-(4)	2.684	3+(3)	2.447	3	0.00100061
3/2-(4)	2.684	1+(4)	3.057	1	0.000676223
3/2-(4)	2.684	1+(4)	3.057	3	0.000255861
3/2-(4)	2.684	2+(4)	3.148	1	0.0071384
3/2-(4)	2.684	2+(4)	3.148	3	0.00110931
3/2-(4)	2.684	3+(4)	3.296	1	0.00049326
3/2-(4)	2.684	3+(4)	3.296	3	0.00502405
3/2-(4)	2.684	5+(1)	3.668	3	0.00212969
3/2-(4)	2.684	3+(5)	3.711	1	0.000440265
3/2-(4)	2.684	3+(5)	3.711	3	0.00228213
3/2-(4)	2.684	1+(5)	3.728	1	0.00327365
3/2-(4)	2.684	1+(5)	3.728	3	0.000224345
3/2-(4)	2.684	0+(2)	3.78	1	0.00167582
3/2-(4)	2.684	1+(6)	3.805	1	0.00298148
3/2-(4)	2.684	1+(6)	3.805	3	0.00011968
3/2-(4)	2.684	4+(2)	3.986	3	0.00263436
3/2-(4)	2.684	2+(5)	4.129	1	0.000796548
3/2-(4)	2.684	2+(5)	4.129	3	0.00783387
3/2-(4)	2.684	2+(6)	4.15	1	0.000383062
3/2-(4)	2.684	2+(6)	4.15	3	0.0175681
3/2-(4)	2.684	2+(7)	4.624	1	0.000624087
3/2-(4)	2.684	2+(7)	4.624	3	0.00101372
3/2-(4)	2.684	3+(6)	4.728	1	0.000447559
3/2-(4)	2.684	3+(6)	4.728	3	0.0303558
3/2-(4)	2.684	4+(3)	4.738	3	0.00321063
3/2-(4)	2.684	3+(7)	4.845	1	6.19204e-06
3/2-(4)	2.684	3+(7)	4.845	3	0.0031146
3/2-(4)	2.684	4+(4)	4.861	3	0.00103012
3/2-(4)	2.684	1+(7)	4.886	1	2.94922e-05
3/2-(4)	2.684	1+(7)	4.886	3	0.000123098
3/2-(4)	2.684	2+(8)	4.906	1	0.000452906
3/2-(4)	2.684	2+(8)	4.906	3	0.000283653
3/2-(4)	2.684	1+(8)	5.021	1	0.000409492
3/2-(4)	2.684	1+(8)	5.021	3	0.000193069
3/2-(4)	2.684	0+(3)	5.199	1	0.00159571
3/2-(4)	2.684	5+(2)	5.245	3	0.0009808
3/2-(4)	2.684	1+(9)	5.456	1	0.000432398
3/2-(4)	2.684	1+(9)	5.456	3	5.38442e-05
3/2-(4)	2.684	3+(8)	5.775	1	0.000290204
3/2-(4)	2.684	3+(8)	5.775	3	0.000406701
3/2-(4)	2.684	3+(9)	5.966	1	0.00062827
3/2-(4)	2.684	3+(9)	5.966	3	0.000516958
3/2-(4)	2.684	1+(10)	6.039	1	9.73066e-05
3/2-(4)	2.684	1+(10)	6.039	3	0.000935649
3/2-(4)	2.684	2+(9)	6.063	1	0.000857148
3/2-(4)	2.684	2+(9)	6.063	3	0.000500255
3/2-(4)	2.684	2+(10)	6.065	1	0.000719774
3/2-(4)	2.684	2+(10)	6.065	3	0.00584237
3/2-(4)	2.684	3+(10)	6.169	1	0.000445401
3/2-(4)	2.684	3+(10)	6.169	3	0.000233714
3/2-(4)	2.684	4+(5)	6.315	3	0.000973565
9/2-(4)	2.703	3+(1)	0	1	0.0187722
9/2-(4)	2.703	3+(1)	0	3	0.0663264
9/2-(4)	2.703	1+(1)	0.35	3	0.0161689
9/2-(4)	2.703	1+(2)	0.536	3	0.129497
9/2-(4)	2.703	2+(1)	1.092	3	0.00558991
9/2-(4)	2.703	2+(2)	1.727	3	0.00171007
9/2-(4)	2.703	3+(2)	2.062	1	0.0080186
9/2-(4)	2.703	3+(2)	2.062	3	0.00436859
9/2-(4)	2.703	2+(3)	2.156	3	0.0325913
9/2-(4)	2.703	4+(1)	2.287	1	0.00129853
9/2-(4)	2.703	4+(1)	2.287	3	0.00949696
9/2-(4)	2.703	1+(3)	2.397	3	0.00017222
9/2-(4)	2.703	3+(3)	2.447	1	0.00501136
9/2-(4)	2.703	3+(3)	2.447	3	0.000662812
9/2-(4)	2.703	1+(4)	3.057	3	0.00628523
9/2-(4)	2.703	2+(4)	3.148	3	0.059146
9/2-(4)	2.703	3+(4)	3.296	1	0.0020686
9/2-(4)	2.703	3+(4)	3.296	3	0.00119258
9/2-(4)	2.703	5+(1)	3.668	1	5.20985e-06
9/2-(4)	2.703	5+(1)	3.668	3	0.00424407
9/2-(4)	2.703	3+(5)	3.711	1	0.00112286
9/2-(4)	2.703	3+(5)	3.711	3	0.000104549
9/2-(4)	2.703	1+(5)	3.728	3	0.00469936
9/2-(4)	2.703	1+(6)	3.805	3	0.00930255
9/2-(4)	2.703	4+(2)	3.986	1	8.97239e-05
9/2-(4)	2.703	4+(2)	3.986	3	0.00224567
9/2-(4)	2.703	2+(5)	4.129	3	0.0014936
9/2-(4)	2.703	2+(6)	4.15	3	0.0102779
9/2-(4)	2.703	2+(7)	4.624	3	0.0492093
9/2-(4)	2.703	3+(6)	4.728	1	0.00305346
9/2-(4)	2.703	3+(6)	4.728	3	0.0064067
9/2-(4)	2.703	4+(3)	4.738	1	0.00130172
9/2-(4)	2.703	4+(3)	4.738	3	0.00124018
9/2-(4)	2.703	3+(7)	4.845	1	0.00113095
9/2-(4)	2.703	3+(7)	4.845	3	0.000552898
9/2-(4)	2.703	4+(4)	4.861	1	0.00129741
9/2-(4)	2.703	4+(4)	4.861	3	6.39242e-05
9/2-(4)	2.703	1+(7)	4.886	3	0.000363268
9/2-(4)	2.703	2+(8)	4.906	3	0.00238394
9/2-(4)	2.703	1+(8)	5.021	3	0.00429575
9/2-(4)	2.703	5+(2)	5.245	1	7.79224e-05
9/2-(4)	2.703	5+(2)	5.245	3	0.000644489
9/2-(4)	2.703	1+(9)	5.456	3	7.06842e-05
9/2-(4)	2.703	3+(8)	5.775	1	0.00031639
9/2-(4)	2.703	3+(8)	5.775	3	0.00037055
9/2-(4)	2.703	3+(9)	5.966	1	0.000333711
9/2-(4)	2.703	3+(9)	5.966	3	0.000363887
9/2-(4)	2.703	1+(10)	6.039	3	0.000396014
9/2-(4)	2.703	2+(9)	6.063	3	0.00146269
9/2-(4)	2.703	2+(10)	6.065	3	0.0001223
9/2-(4)	2.703	3+(10)	6.169	1	0.00157531
9/2-(4)	2.703	3+(10)	6.169	3	0.00984806
9/2-(4)	2.703	4+(5)	6.315	1	0.000675925
9/2-(4)	2.703	4+(5)	6.315	3	0.000951292
5/2-(4)	2.761	3+(1)	0	1	0.052734
5/2-(4)	2.761	3+(1)	0	3	0.03144
5/2-(4)	2.761	0+(1)	0.024	3	0.00100977
5/2-(4)	2.761	1+(1)	0.35	1	0.000116572
5/2-(4)	2.761	1+(1)	0.35	3	0.0107948
5/2-(4)	2.761	1+(2)	0.536	1	0.0277736
5/2-(4)	2.761	1+(2)	0.536	3	0.139786
5/2-(4)	2.761	2+(1)	1.092	1	0.000645825
5/2-(4)	2.761	2+(1)	1.092	3	0.0603683
5/2-(4)	2.761	2+(2)	1.727	1	0.000256062
5/2-(4)	2.761	2+(2)	1.727	3	0.000997596
5/2-(4)	2.761	3+(2)	2.062	1	0.000169287
5/2-(4)	2.761	3+(2)	2.062	3	0.00800013
5/2-(4)	2.761	2+(3)	2.156	1	0.0124844
5/2-(4)	2.761	2+(3)	2.156	3	0.011295
5/2-(4)	2.761	4+(1)	2.287	1	0.000372824
5/2-(4)	2.761	4+(1)	2.287	3	0.0108387
5/2-(4)	2.761	1+(3)	2.397	1	0.00291036
5/2-(4)	2.761	1+(3)	2.397	3	5.93057e-05
5/2-(4)	2.761	3+(3)	2.447	1	0.00012348
5/2-(4)	2.761	3+(3)	2.447	3	0.0238065
5/2-(4)	2.761	1+(4)	3.057	1	0.000946221
5/2-(4)	2.761	1+(4)	3.057	3	0.00673474
5/2-(4)	2.761	2+(4)	3.148	1	0.00163087
5/2-(4)	2.761	2+(4)	3.148	3	0.0121444
5/2-(4)	2.761	3+(4)	3.296	1	0.000756421
5/2-(4)	2.761	3+(4)	3.296	3	4.62755e-05
5/2-(4)	2.761	5+(1)	3.668	3	0.000539066
5/2-(4)	2.761	3+(5)	3.711	1	0.000627785
5/2-(4)	2.761	3+(5)	3.711	3	0.000822364
5/2-(4)	2.761	1+(5)	3.728	1	0.000569646
5/2-(4)	2.761	1+(5)	3.728	3	0.0039616
5/2-(4)	2.761	0+(2)	3.78	3	2.27587e-05
5/2-(4)	2.761	1+(6)	3.805	1	0.00157195
5/2-(4)	2.761	1+(6)	3.805	3	0.0318147
5/2-(4)	2.761	4+(2)	3.986	1	0.000460136
5/2-(4)	2.761	4+(2)	3.986	3	0.00106943
5/2-(4)	2.761	2+(5)	4.129	1	0.00104425
5/2-(4)	2.761	2+(5)	4.129	3	0.00343301
5/2-(4)	2.761	2+(6)	4.15	1	0.00132669
5/2-(4)	2.761	2+(6)	4.15	3	0.00579459
5/2-(4)	2.761	2+(7)	4.624	1	0.000199853
5/2-(4)	2.761	2+(7)	4.624	3	0.00115485
5/2-(4)	2.761	3+(6)	4.728	1	0.000173793
5/2-(4)	2.761	3+(6)	4.728	3	0.0368956
5/2-(4)	2.761	4+(3)	4.738	1	0.00166647
5/2-(4)	2.761	4+(3)	4.738	3	0.000186443
5/2-(4)	2.761	3+(7)	4.845	1	0.000116767
5/2-(4)	2.761	3+(7)	4.845	3	0.00193528
5/2-(4)	2.761	4+(4)	4.861	1	2.31197e-06
5/2-(4)	2.761	4+(4)	4.861	3	0.00398882
5/2-(4)	2.761	1+(7)	4.886	1	0.000497553
5/2-(4)	2.761	1+(7)	4.886	3	0.000254147
5/2-(4)	2.761	2+(8)	4.906	1	0.000944345
5/2-(4)	2.761	2+(8)	4.906	3	8.10135e-05
5/2-(4)	2.761	1+(8)	5.021	1	5.28993e-05
5/2-(4)	2.761	1+(8)	5.021	3	0.00252922
5/2-(4)	2.761	0+(3)	5.199	3	0.0011453
5/2-(4)	2.761	5+(2)	5.245	3	0.000244996
5/2-(4)	2.761	1+(9)	5.456	1	0.000196257
5/2-(4)	2.761	1+(9)	5.456	3	0.000229385
5/2-(4)	2.761	3+(8)	5.775	1	0.000478293
5/2-(4)	2.761	3+(8)	5.775	3	0.000985116
5/2-(4)	2.761	3+(9)	5.966	1	0.000642987
5/2-(4)	2.761	3+(9)	5.966	3	0.000210736
5/2-(4)	2.761	1+(10)	6.039	1	2.56321e-05
5/2-(4)	2.761	1+(10)	6.039	3	3.92118e-05
5/2-(4)	2.761	2+(9)	6.063	1	0.000814664
5/2-(4)	2.761	2+(9)	6.063	3	9.38002e-05
5/2-(4)	2.761	2+(10)	6.065	1	0.00156429
5/2-(4)	2.761	2+(10)	6.065	3	0.000373307
5/2-(4)	2.761	3+(10)	6.169	1	9.39637e-05
5/2-(4)	2.761	3+(10)	6.169	3	0.00185085
5/2-(4)	2.761	4+(5)	6.315	1	6.10524e-05
5/2-(4)	2.761	4+(5)	6.315	3	0.0011518
7/2-(5)	2.813	3+(1)	0	1	0.000773634
7/2-(5)	2.813	3+(1)	0	3	0.0148813
7/2-(5)	2.813	0+(1)	0.024	3	0.0128198
7/2-(5)	2.813	1+(1)	0.35	3	0.43476
7/2-(5)	2.813	1+(2)	0.536	3	0.0089282
7/2-(5)	2.813	2+(1)	1.092	1	0.0144327
7/2-(5)	2.813	2+(1)	1.092	3	0.0169016
7/2-(5)	2.813	2+(2)	1.727	1	0.0186225
7/2-(5)	2.813	2+(2)	1.727	3	0.0267226
7/2-(5)	2.813	3+(2)	2.062	1	0.000676362
7/2-(5)	2.813	3+(2)	2.062	3	0.0285221
7/2-(5)	2.813	2+(3)	2.156	1	0.00421606
7/2-(5)	2.813	2+(3)	2.156	3	0.0169291
7/2-(5)	2.813	4+(1)	2.287	1	0.00139561
7/2-(5)	2.813	4+(1)	2.287	3	0.00175499
7/2-(5)	2.813	1+(3)	2.397	3	0.00302135
7/2-(5)	2.813	3+(3)	2.447	1	0.000113861
7/2-(5)	2.813	3+(3)	2.447	3	0.0180424
7/2-(5)	2.813	1+(4)	3.057	3	0.0256237
7/2-(5)	2.813	2+(4)	3.148	1	0.000716675
7/2-(5)	2.813	2+(4)	3.148	3	0.0276819
7/2-(5)	2.813	3+(4)	3.296	1	9.32416e-05
7/2-(5)	2.813	3+(4)	3.296	3	0.00365347
7/2-(5)	2.813	5+(1)	3.668	1	2.6252e-05
7/2-(5)	2.813	5+(1)	3.668	3	0.000556628
7/2-(5)	2.813	3+(5)	3.711	1	5.05192e-05
7/2-(5)	2.813	3+(5)	3.711	3	0.000306494
7/2-(5)	2.813	1+(5)	3.728	3	0.00565456
7/2-(5)	2.813	0+(2)	3.78	3	0.000267878
7/2-(5)	2.813	1+(6)	3.805	3	0.00080542
7/2-(5)	2.813	4+(2)	3.986	1	0.00123858
7/2-(5)	2.813	4+(2)	3.986	3	0.00120993
7/2-(5)	2.813	2+(5)	4.129	1	0.000844679
7/2-(5)	2.813	2+(5)	4.129	3	0.00407682
7/2-(5)	2.813	2+(6)	4.15	1	0.000587725
7/2-(5)	2.813	2+(6)	4.15	3	0.00702345
7/2-(5)	2.813	2+(7)	4.624	1	0.00320483
7/2-(5)	2.813	2+(7)	4.624	3	0.00423756
7/2-(5)	2.813	3+(6)	4.728	1	7.85692e-05
7/2-(5)	2.813	3+(6)	4.728	3	0.000171232
7/2-(5)	2.813	4+(3)	4.738	1	1.65579e-05
7/2-(5)	2.813	4+(3)	4.738	3	8.93722e-06
7/2-(5)	2.813	3+(7)	4.845	1	0.000111203
7/2-(5)	2.813	3+(7)	4.845	3	0.00017303
7/2-(5)	2.813	4+(4)	4.861	1	6.68404e-05
7/2-(5)	2.813	4+(4)	4.861	3	0.00227141
7/2-(5)	2.813	1+(7)	4.886	3	0.000106783
7/2-(5)	2.813	2+(8)	4.906	1	0.000212104
7/2-(5)	2.813	2+(8)	4.906	3	0.000139405
7/2-(5)	2.813	1+(8)	5.021	3	0.000873467
7/2-(5)	2.813	0+(3)	5.199	3	0.00552365
7/2-(5)	2.813	5+(2)	5.245	1	8.21877e-06
7/2-(5)	2.813	5+(2)	5.245	3	0.00090586
7/2-(5)	2.813	1+(9)	5.456	3	0.00334279
7/2-(5)	2.813	3+(8)	5.775	1	0.000370455
7/2-(5)	2.813	3+(8)	5.775	3	0.00160128
7/2-(5)	2.813	3+(9)	5.966	1	0.000347596
7/2-(5)	2.813	3+(9)	5.966	3	1.87014e-07
7/2-(5)	2.813	1+(10)	6.039	3	1.87078e-05
7/2-(5)	2.813	2+(9)	6.063	1	1.68079e-05
7/2-(5)	2.813	2+(9)	6.063	3	0.000723126
7/2-(5)	2.813	2+(10)	6.065	1	6.9375e-05
7/2-(5)	2.813	2+(10)	6.065	3	0.000324709
7/2-(5)	2.813	3+(10)	6.169	1	7.86791e-05
7/2-(5)	2.813	3+(10)	6.169	3	0.000378883
7/2-(5)	2.813	4+(5)	6.315	1	1.17931e-05
7/2-(5)	2.813	4+(5)	6.315	3	0.00134011
3/2-(5)	2.975	3+(1)	0	1	0.207808
3/2-(5)	2.975	3+(1)	0	3	0.0147422
3/2-(5)	2.975	0+(1)	0.024	1	0.0119111
3/2-(5)	2.975	1+(1)	0.35	1	0.0675861
3/2-(5)	2.975	1+(1)	0.35	3	0.00014818
3/2-(5)	2.975	1+(2)	0.536	1	0.0343171
3/2-(5)	2.975	1+(2)	0.536	3	0.000732528
3/2-(5)	2.975	2+(1)	1.092	1	0.0141846
3/2-(5)	2.975	2+(1)	1.092	3	0.066823
3/2-(5)	2.975	2+(2)	1.727	1	0.00250426
3/2-(5)	2.975	2+(2)	1.727	3	0.011593
3/2-(5)	2.975	3+(2)	2.062	1	0.000277781
3/2-(5)	2.975	3+(2)	2.062	3	0.00588055
3/2-(5)	2.975	2+(3)	2.156	1	0.00389234
3/2-(5)	2.975	2+(3)	2.156	3	0.000276457
3/2-(5)	2.975	4+(1)	2.287	3	0.00223652
3/2-(5)	2.975	1+(3)	2.397	1	0.0090478
3/2-(5)	2.975	1+(3)	2.397	3	0.000723575
3/2-(5)	2.975	3+(3)	2.447	1	0.00846569
3/2-(5)	2.975	3+(3)	2.447	3	0.000838985
3/2-(5)	2.975	1+(4)	3.057	1	0.000313408
3/2-(5)	2.975	1+(4)	3.057	3	2.16306e-05
3/2-(5)	2.975	2+(4)	3.148	1	0.020413
3/2-(5)	2.975	2+(4)	3.148	3	0.0111806
3/2-(5)	2.975	3+(4)	3.296	1	6.85224e-05
3/2-(5)	2.975	3+(4)	3.296	3	0.0157267
3/2-(5)	2.975	5+(1)	3.668	3	0.000608533
3/2-(5)	2.975	3+(5)	3.711	1	0.00232038
3/2-(5)	2.975	3+(5)	3.711	3	0.00625092
3/2-(5)	2.975	1+(5)	3.728	1	0.000410418
3/2-(5)	2.975	1+(5)	3.728	3	0.000293762
3/2-(5)	2.975	0+(2)	3.78	1	0.000635342
3/2-(5)	2.975	1+(6)	3.805	1	0.00243731
3/2-(5)	2.975	1+(6)	3.805	3	0.000151255
3/2-(5)	2.975	4+(2)	3.986	3	0.00224558
3/2-(5)	2.975	2+(5)	4.129	1	0.000127666
3/2-(5)	2.975	2+(5)	4.129	3	0.00340134
3/2-(5)	2.975	2+(6)	4.15	1	0.00038885
3/2-(5)	2.975	2+(6)	4.15	3	0.00534171
3/2-(5)	2.975	2+(7)	4.624	1	0.0023126
3/2-(5)	2.975	2+(7)	4.624	3	0.00870966
3/2-(5)	2.975	3+(6)	4.728	1	8.98846e-05
3/2-(5)	2.975	3+(6)	4.728	3	9.0671e-05
3/2-(5)	2.975	4+(3)	4.738	3	0.0139671
3/2-(5)	2.975	3+(7)	4.845	1	0.000490556
3/2-(5)	2.975	3+(7)	4.845	3	0.00129859
3/2-(5)	2.975	4+(4)	4.861	3	0.00661799
3/2-(5)	2.975	1+(7)	4.886	1	6.58612e-05
3/2-(5)	2.975	1+(7)	4.886	3	1.41003e-05
3/2-(5)	2.975	2+(8)	4.906	1	0.00112233
3/2-(5)	2.975	2+(8)	4.906	3	0.000115108
3/2-(5)	2.975	1+(8)	5.021	1	0.00114593
3/2-(5)	2.975	1+(8)	5.021	3	0.000582932
3/2-(5)	2.975	0+(3)	5.199	1	2.26014e-06
3/2-(5)	2.975	5+(2)	5.245	3	1.68915e-05
3/2-(5)	2.975	1+(9)	5.456	1	8.71174e-06
3/2-(5)	2.975	1+(9)	5.456	3	2.90673e-05
3/2-(5)	2.975	3+(8)	5.775	1	0.000296035
3/2-(5)	2.975	3+(8)	5.775	3	0.000577056
3/2-(5)	2.975	3+(9)	5.966	1	0.000766139
3/2-(5)	2.975	3+(9)	5.966	3	0.000899941
3/2-(5)	2.975	1+(10)	6.039	1	0.000261258
3/2-(5)	2.975	1+(10)	6.039	3	0.0002873
3/2-(5)	2.975	2+(9)	6.063	1	0.00076068
3/2-(5)	2.975	2+(9)	6.063	3	0.00248278
3/2-(5)	2.975	2+(10)	6.065	1	0.00358195
3/2-(5)	2.975	2+(10)	6.065	3	0.00810565
3/2-(5)	2.975	3+(10)	6.169	1	0.000175409
3/2-(5)	2.975	3+(10)	6.169	3	0.00375249
3/2-(5)	2.975	4+(5)	6.315	3	0.00201268
7/2-(6)	3	3+(1)	0	1	0.00194057
7/2-(6)	3	3+(1)	0	3	0.251318
7/2-(6)	3	0+(1)	0.024	3	0.00621796
7/2-(6)	3	1+(1)	0.35	3	0.00200252
7/2-(6)	3	1+(2)	0.536	3	0.0471763
7/2-(6)	3	2+(1)	1.092	1	0.00582443
7/2-(6)	3	2+(1)	1.092	3	0.00380996
7/2-(6)	3	2+(2)	1.727	1	0.00438468
7/2-(6)	3	2+(2)	1.727	3	0.0437551
7/2-(6)	3	3+(2)	2.062	1	0.0124988
7/2-(6)	3	3+(2)	2.062	3	0.0122853
7/2-(6)	3	2+(3)	2.156	1	5.07719e-05
7/2-(6)	3	2+(3)	2.156	3	0.00105741
7/2-(6)	3	4+(1)	2.287	1	0.00986202
7/2-(6)	3	4+(1)	2.287	3	0.0154141
7/2-(6)	3	1+(3)	2.397	3	0.00494834
7/2-(6)	3	3+(3)	2.447	1	0.00353772
7/2-(6)	3	3+(3)	2.447	3	0.0128847
7/2-(6)	3	1+(4)	3.057	3	0.0465112
7/2-(6)	3	2+(4)	3.148	1	0.000175345
7/2-(6)	3	2+(4)	3.148	3	0.010454
7/2-(6)	3	3+(4)	3.296	1	5.14767e-05
7/2-(6)	3	3+(4)	3.296	3	0.00080192
7/2-(6)	3	5+(1)	3.668	1	0.000330278
7/2-(6)	3	5+(1)	3.668	3	0.000903913
7/2-(6)	3	3+(5)	3.711	1	0.000977997
7/2-(6)	3	3+(5)	3.711	3	0.00468669
7/2-(6)	3	1+(5)	3.728	3	0.0038925
7/2-(6)	3	0+(2)	3.78	3	0.0121639
7/2-(6)	3	1+(6)	3.805	3	0.0017194
7/2-(6)	3	4+(2)	3.986	1	0.000487516
7/2-(6)	3	4+(2)	3.986	3	0.000613298
7/2-(6)	3	2+(5)	4.129	1	0.00020586
7/2-(6)	3	2+(5)	4.129	3	0.00401019
7/2-(6)	3	2+(6)	4.15	1	1.11507e-06
7/2-(6)	3	2+(6)	4.15	3	0.000593777
7/2-(6)	3	2+(7)	4.624	1	0.0040566
7/2-(6)	3	2+(7)	4.624	3	0.01077
7/2-(6)	3	3+(6)	4.728	1	6.97721e-05
7/2-(6)	3	3+(6)	4.728	3	0.0051897
7/2-(6)	3	4+(3)	4.738	1	2.44421e-05
7/2-(6)	3	4+(3)	4.738	3	8.35766e-05
7/2-(6)	3	3+(7)	4.845	1	5.33182e-05
7/2-(6)	3	3+(7)	4.845	3	0.00118092
7/2-(6)	3	4+(4)	4.861	1	7.41165e-05
7/2-(6)	3	4+(4)	4.861	3	0.0234929
7/2-(6)	3	1+(7)	4.886	3	0.00222481
7/2-(6)	3	2+(8)	4.906	1	4.11746e-06
7/2-(6)	3	2+(8)	4.906	3	0.000621529
7/2-(6)	3	1+(8)	5.021	3	0.00732204
7/2-(6)	3	0+(3)	5.199	3	0.00144525
7/2-(6)	3	5+(2)	5.245	1	6.94877e-05
7/2-(6)	3	5+(2)	5.245	3	0.000318435
7/2-(6)	3	1+(9)	5.456	3	0.000530979
7/2-(6)	3	3+(8)	5.775	1	0.000450768
7/2-(6)	3	3+(8)	5.775	3	0.00102075
7/2-(6)	3	3+(9)	5.966	1	1.24307e-05
7/2-(6)	3	3+(9)	5.966	3	0.00118994
7/2-(6)	3	1+(10)	6.039	3	0.000353683
7/2-(6)	3	2+(9)	6.063	1	4.13984e-05
7/2-(6)	3	2+(9)	6.063	3	0.00065732
7/2-(6)	3	2+(10)	6.065	1	4.25623e-05
7/2-(6)	3	2+(10)	6.065	3	0.0134479
7/2-(6)	3	3+(10)	6.169	1	0.000162602
7/2-(6)	3	3+(10)	6.169	3	0.0162741
7/2-(6)	3	4+(5)	6.315	1	0.000265174
7/2-(6)	3	4+(5)	6.315	3	0.0013452
3/2-(6)	3.072	3+(1)	0	1	0.0976977
3/2-(6)	3.072	3+(1)	0	3	0.0318304
3/2-(6)	3.072	0+(1)	0.024	1	0.00679727
3/2-(6)	3.072	1+(1)	0.35	1	0.0308301
3/2-(6)	3.072	1+(1)	0.35	3	5.81077e-05
3/2-(6)	3.072	1+(2)	0.536	1	0.0104177
3/2-(6)	3.072	1+(2)	0.536	3	0.000630276
3/2-(6)	3.072	2+(1)	1.092	1	0.0270706
3/2-(6)	3.072	2+(1)	1.092	3	0.00707123
3/2-(6)	3.072	2+(2)	1.727	1	0.00758201
3/2-(6)	3.072	2+(2)	1.727	3	0.0468142
3/2-(6)	3.072	3+(2)	2.062	1	0.00047556
3/2-(6)	3.072	3+(2)	2.062	3	0.00267337
3/2-(6)	3.072	2+(3)	2.156	1	0.056373
3/2-(6)	3.072	2+(3)	2.156	3	0.00797007
3/2-(6)	3.072	4+(1)	2.287	3	0.000999398
3/2-(6)	3.072	1+(3)	2.397	1	0.0151137
3/2-(6)	3.072	1+(3)	2.397	3	0.00037964
3/2-(6)	3.072	3+(3)	2.447	1	0.000208942
3/2-(6)	3.072	3+(3)	2.447	3	0.000549623
3/2-(6)	3.072	1+(4)	3.057	1	0.0100333
3/2-(6)	3.072	1+(4)	3.057	3	5.52419e-06
3/2-(6)	3.072	2+(4)	3.148	1	0.00764863
3/2-(6)	3.072	2+(4)	3.148	3	0.0160514
3/2-(6)	3.072	3+(4)	3.296	1	0.00403031
3/2-(6)	3.072	3+(4)	3.296	3	8.15348e-05
3/2-(6)	3.072	5+(1)	3.668	3	0.000554038
3/2-(6)	3.072	3+(5)	3.711	1	0.000527988
3/2-(6)	3.072	3+(5)	3.711	3	5.03944e-05
3/2-(6)	3.072	1+(5)	3.728	1	0.00301547
3/2-(6)	3.072	1+(5)	3.728	3	5.8766e-06
3/2-(6)	3.072	0+(2)	3.78	1	0.0047329
3/2-(6)	3.072	1+(6)	3.805	1	0.0104101
3/2-(6)	3.072	1+(6)	3.805	3	0.000537638
3/2-(6)	3.072	4+(2)	3.986	3	7.32947e-05
3/2-(6)	3.072	2+(5)	4.129	1	0.00376892
3/2-(6)	3.072	2+(5)	4.129	3	0.0431853
3/2-(6)	3.072	2+(6)	4.15	1	0.00100105
3/2-(6)	3.072	2+(6)	4.15	3	0.00505873
3/2-(6)	3.072	2+(7)	4.624	1	3.42282e-07
3/2-(6)	3.072	2+(7)	4.624	3	0.00138564
3/2-(6)	3.072	3+(6)	4.728	1	0.0102573
3/2-(6)	3.072	3+(6)	4.728	3	0.00370845
3/2-(6)	3.072	4+(3)	4.738	3	0.000745662
3/2-(6)	3.072	3+(7)	4.845	1	0.0010249
3/2-(6)	3.072	3+(7)	4.845	3	7.46939e-05
3/2-(6)	3.072	4+(4)	4.861	3	7.89271e-05
3/2-(6)	3.072	1+(7)	4.886	1	0.00237275
3/2-(6)	3.072	1+(7)	4.886	3	3.17721e-06
3/2-(6)	3.072	2+(8)	4.906	1	0.00206179
3/2-(6)	3.072	2+(8)	4.906	3	0.000688507
3/2-(6)	3.072	1+(8)	5.021	1	0.000381661
3/2-(6)	3.072	1+(8)	5.021	3	2.55195e-05
3/2-(6)	3.072	0+(3)	5.199	1	1.27045e-05
3/2-(6)	3.072	5+(2)	5.245	3	0.00011694
3/2-(6)	3.072	1+(9)	5.456	1	0.000367332
3/2-(6)	3.072	1+(9)	5.456	3	4.60598e-06
3/2-(6)	3.072	3+(8)	5.775	1	2.02707e-05
3/2-(6)	3.072	3+(8)	5.775	3	8.8074e-05
3/2-(6)	3.072	3+(9)	5.966	1	0.000133069
3/2-(6)	3.072	3+(9)	5.966	3	3.85588e-05
3/2-(6)	3.072	1+(10)	6.039	1	0.000307583
3/2-(6)	3.072	1+(10)	6.039	3	6.66181e-05
3/2-(6)	3.072	2+(9)	6.063	1	0.00207806
3/2-(6)	3.072	2+(9)	6.063	3	0.000303826
3/2-(6)	3.072	2+(10)	6.065	1	7.22628e-05
3/2-(6)	3.072	2+(10)	6.065	3	0.00680258
3/2-(6)	3.072	3+(10)	6.169	1	3.39916e-07
3/2-(6)	3.072	3+(10)	6.169	3	0.00309305
3/2-(6)	3.072	4+(5)	6.315	3	0.000413312
1/2-(3)	3.091	3+(1)	0	3	0.00777584
1/2-(3)	3.091	0+(1)	0.024	1	0.0381514
1/2-(3)	3.091	1+(1)	0.35	1	0.018537
1/2-(3)	3.091	1+(2)	0.536	1	0.00157326
1/2-(3)	3.091	2+(1)	1.092	1	0.00341875
1/2-(3)	3.091	2+(1)	1.092	3	0.00327908
1/2-(3)	3.091	2+(2)	1.727	1	0.00628893
1/2-(3)	3.091	2+(2)	1.727	3	7.69838e-05
1/2-(3)	3.091	3+(2)	2.062	3	0.00257053
1/2-(3)	3.091	2+(3)	2.156	1	0.0585479
1/2-(3)	3.091	2+(3)	2.156	3	0.00106519
1/2-(3)	3.091	4+(1)	2.287	3	0.0839726
1/2-(3)	3.091	1+(3)	2.397	1	0.00184258
1/2-(3)	3.091	3+(3)	2.447	3	0.0187965
1/2-(3)	3.091	1+(4)	3.057	1	0.0154562
1/2-(3)	3.091	2+(4)	3.148	1	0.00391687
1/2-(3)	3.091	2+(4)	3.148	3	0.00181743
1/2-(3)	3.091	3+(4)	3.296	3	0.0159427
1/2-(3)	3.091	3+(5)	3.711	3	0.00571126
1/2-(3)	3.091	1+(5)	3.728	1	0.00212115
1/2-(3)	3.091	0+(2)	3.78	1	6.67256e-06
1/2-(3)	3.091	1+(6)	3.805	1	0.00435318
1/2-(3)	3.091	4+(2)	3.986	3	0.00246154
1/2-(3)	3.091	2+(5)	4.129	1	0.00238301
1/2-(3)	3.091	2+(5)	4.129	3	1.3724e-06
1/2-(3)	3.091	2+(6)	4.15	1	0.0190195
1/2-(3)	3.091	2+(6)	4.15	3	0.00156159
1/2-(3)	3.091	2+(7)	4.624	1	7.69288e-05
1/2-(3)	3.091	2+(7)	4.624	3	0.000169279
1/2-(3)	3.091	3+(6)	4.728	3	0.0365238
1/2-(3)	3.091	4+(3)	4.738	3	2.75558e-05
1/2-(3)	3.091	3+(7)	4.845	3	0.00506441
1/2-(3)	3.091	4+(4)	4.861	3	0.00207517
1/2-(3)	3.091	1+(7)	4.886	1	0.00567271
1/2-(3)	3.091	2+(8)	4.906	1	0.000241701
1/2-(3)	3.091	2+(8)	4.906	3	0.000890073
1/2-(3)	3.091	1+(8)	5.021	1	0.00209783
1/2-(3)	3.091	0+(3)	5.199	1	0.000432373
1/2-(3)	3.091	1+(9)	5.456	1	0.000278887
1/2-(3)	3.091	3+(8)	5.775	3	0.000611734
1/2-(3)	3.091	3+(9)	5.966	3	0.000505176
1/2-(3)	3.091	1+(10)	6.039	1	4.47365e-05
1/2-(3)	3.091	2+(9)	6.063	1	0.000778622
1/2-(3)	3.091	2+(9)	6.063	3	0.000109638
1/2-(3)	3.091	2+(10)	6.065	1	0.000125322
1/2-(3)	3.091	2+(10)	6.065	3	0.000243137
1/2-(3)	3.091	3+(10)	6.169	3	0.00280858
1/2-(3)	3.091	4+(5)	6.315	3	0.00396171
5/2-(5)	3.1	3+(1)	0	1	0.189877
5/2-(5)	3.1	3+(1)	0	3	0.00795435
5/2-(5)	3.1	0+(1)	0.024	3	0.000308877
5/2-(5)	3.1	1+(1)	0.35	1	1.42177e-07
5/2-(5)	3.1	1+(1)	0.35	3	0.0119376
5/2-(5)	3.1	1+(2)	0.536	1	0.047745
5/2-(5)	3.1	1+(2)	0.536	3	0.00114063
5/2-(5)	3.1	2+(1)	1.092	1	0.000581734
5/2-(5)	3.1	2+(1)	1.092	3	0.0648499
5/2-(5)	3.1	2+(2)	1.727	1	0.0071493
5/2-(5)	3.1	2+(2)	1.727	3	0.00199247
5/2-(5)	3.1	3+(2)	2.062	1	0.00413794
5/2-(5)	3.1	3+(2)	2.062	3	0.00615132
5/2-(5)	3.1	2+(3)	2.156	1	0.000791051
5/2-(5)	3.1	2+(3)	2.156	3	0.000637187
5/2-(5)	3.1	4+(1)	2.287	1	0.000271495
5/2-(5)	3.1	4+(1)	2.287	3	0.0129452
5/2-(5)	3.1	1+(3)	2.397	1	0.0028085
5/2-(5)	3.1	1+(3)	2.397	3	0.000214753
5/2-(5)	3.1	3+(3)	2.447	1	0.00168577
5/2-(5)	3.1	3+(3)	2.447	3	0.0301673
5/2-(5)	3.1	1+(4)	3.057	1	5.6825e-05
5/2-(5)	3.1	1+(4)	3.057	3	0.0164578
5/2-(5)	3.1	2+(4)	3.148	1	0.00203012
5/2-(5)	3.1	2+(4)	3.148	3	0.00476929
5/2-(5)	3.1	3+(4)	3.296	1	0.0017077
5/2-(5)	3.1	3+(4)	3.296	3	0.00446433
5/2-(5)	3.1	5+(1)	3.668	3	0.000180091
5/2-(5)	3.1	3+(5)	3.711	1	0.00123359
5/2-(5)	3.1	3+(5)	3.711	3	0.00296434
5/2-(5)	3.1	1+(5)	3.728	1	0.000417853
5/2-(5)	3.1	1+(5)	3.728	3	0.00113915
5/2-(5)	3.1	0+(2)	3.78	3	0.000951063
5/2-(5)	3.1	1+(6)	3.805	1	0.00251105
5/2-(5)	3.1	1+(6)	3.805	3	0.0273156
5/2-(5)	3.1	4+(2)	3.986	1	0.000436185
5/2-(5)	3.1	4+(2)	3.986	3	0.0104928
5/2-(5)	3.1	2+(5)	4.129	1	9.31152e-05
5/2-(5)	3.1	2+(5)	4.129	3	0.00557214
5/2-(5)	3.1	2+(6)	4.15	1	0.00232863
5/2-(5)	3.1	2+(6)	4.15	3	0.00370451
5/2-(5)	3.1	2+(7)	4.624	1	0.00350322
5/2-(5)	3.1	2+(7)	4.624	3	0.000145865
5/2-(5)	3.1	3+(6)	4.728	1	0.00104343
5/2-(5)	3.1	3+(6)	4.728	3	0.0124773
5/2-(5)	3.1	4+(3)	4.738	1	0.00402287
5/2-(5)	3.1	4+(3)	4.738	3	0.00037234
5/2-(5)	3.1	3+(7)	4.845	1	0.000410574
5/2-(5)	3.1	3+(7)	4.845	3	0.00642503
5/2-(5)	3.1	4+(4)	4.861	1	0.00400371
5/2-(5)	3.1	4+(4)	4.861	3	0.0158322
5/2-(5)	3.1	1+(7)	4.886	1	0.000297849
5/2-(5)	3.1	1+(7)	4.886	3	0.00137562
5/2-(5)	3.1	2+(8)	4.906	1	2.06609e-05
5/2-(5)	3.1	2+(8)	4.906	3	2.82496e-08
5/2-(5)	3.1	1+(8)	5.021	1	0.00157114
5/2-(5)	3.1	1+(8)	5.021	3	0.0017278
5/2-(5)	3.1	0+(3)	5.199	3	0.000184406
5/2-(5)	3.1	5+(2)	5.245	3	0.00454758
5/2-(5)	3.1	1+(9)	5.456	1	0.000301359
5/2-(5)	3.1	1+(9)	5.456	3	6.00697e-05
5/2-(5)	3.1	3+(8)	5.775	1	0.000191303
5/2-(5)	3.1	3+(8)	5.775	3	0.000806004
5/2-(5)	3.1	3+(9)	5.966	1	0.000694128
5/2-(5)	3.1	3+(9)	5.966	3	0.000246428
5/2-(5)	3.1	1+(10)	6.039	1	7.63657e-07
5/2-(5)	3.1	1+(10)	6.039	3	0.000108438
5/2-(5)	3.1	2+(9)	6.063	1	0.00067738
5/2-(5)	3.1	2+(9)	6.063	3	0.000630122
5/2-(5)	3.1	2+(10)	6.065	1	0.000385429
5/2-(5)	3.1	2+(10)	6.065	3	0.0103466
5/2-(5)	3.1	3+(10)	6.169	1	0.00119315
5/2-(5)	3.1	3+(10)	6.169	3	0.00736601
5/2-(5)	3.1	4+(5)	6.315	1	4.67201e-05
5/2-(5)	3.1	4+(5)	6.315	3	0.002706
5/2-(6)	3.122	3+(1)	0	1	0.0298447
5/2-(6)	3.122	3+(1)	0	3	0.192764
5/2-(6)	3.122	0+(1)	0.024	3	0.00717855
5/2-(6)	3.122	1+(1)	0.35	1	0.0723655
5/2-(6)	3.122	1+(1)	0.35	3	0.00447353
5/2-(6)	3.122	1+(2)	0.536	1	7.21084e-05
5/2-(6)	3.122	1+(2)	0.536	3	0.027538
5/2-(6)	3.122	2+(1)	1.092	1	0.00107709
5/2-(6)	3.122	2+(1)	1.092	3	0.174247
5/2-(6)	3.122	2+(2)	1.727	1	0.00575763
5/2-(6)	3.122	2+(2)	1.727	3	0.00133951
5/2-(6)	3.122	3+(2)	2.062	1	0.00752683
5/2-(6)	3.122	3+(2)	2.062	3	0.00415729
5/2-(6)	3.122	2+(3)	2.156	1	0.00551306
5/2-(6)	3.122	2+(3)	2.156	3	0.00676374
5/2-(6)	3.122	4+(1)	2.287	1	1.99208e-05
5/2-(6)	3.122	4+(1)	2.287	3	0.0149091
5/2-(6)	3.122	1+(3)	2.397	1	2.38366e-06
5/2-(6)	3.122	1+(3)	2.397	3	0.00635218
5/2-(6)	3.122	3+(3)	2.447	1	0.00405253
5/2-(6)	3.122	3+(3)	2.447	3	0.00272322
5/2-(6)	3.122	1+(4)	3.057	1	0.00129983
5/2-(6)	3.122	1+(4)	3.057	3	0.0227949
5/2-(6)	3.122	2+(4)	3.148	1	0.0045703
5/2-(6)	3.122	2+(4)	3.148	3	0.00205836
5/2-(6)	3.122	3+(4)	3.296	1	2.31745e-05
5/2-(6)	3.122	3+(4)	3.296	3	0.00159001
5/2-(6)	3.122	5+(1)	3.668	3	0.00211301
5/2-(6)	3.122	3+(5)	3.711	1	0.00130142
5/2-(6)	3.122	3+(5)	3.711	3	0.000896599
5/2-(6)	3.122	1+(5)	3.728	1	0.000116678
5/2-(6)	3.122	1+(5)	3.728	3	9.46216e-05
5/2-(6)	3.122	0+(2)	3.78	3	0.00140465
5/2-(6)	3.122	1+(6)	3.805	1	0.00029843
5/2-(6)	3.122	1+(6)	3.805	3	0.00138955
5/2-(6)	3.122	4+(2)	3.986	1	3.26728e-05
5/2-(6)	3.122	4+(2)	3.986	3	0.000268989
5/2-(6)	3.122	2+(5)	4.129	1	0.000638691
5/2-(6)	3.122	2+(5)	4.129	3	0.012096
5/2-(6)	3.122	2+(6)	4.15	1	0.00164646
5/2-(6)	3.122	2+(6)	4.15	3	0.0149702
5/2-(6)	3.122	2+(7)	4.624	1	0.00118207
5/2-(6)	3.122	2+(7)	4.624	3	0.00169588
5/2-(6)	3.122	3+(6)	4.728	1	0.000318077
5/2-(6)	3.122	3+(6)	4.728	3	0.00750473
5/2-(6)	3.122	4+(3)	4.738	1	0.001543
5/2-(6)	3.122	4+(3)	4.738	3	0.0026462
5/2-(6)	3.122	3+(7)	4.845	1	9.86587e-05
5/2-(6)	3.122	3+(7)	4.845	3	0.00476015
5/2-(6)	3.122	4+(4)	4.861	1	7.38766e-05
5/2-(6)	3.122	4+(4)	4.861	3	0.00928217
5/2-(6)	3.122	1+(7)	4.886	1	0.000407647
5/2-(6)	3.122	1+(7)	4.886	3	0.000117551
5/2-(6)	3.122	2+(8)	4.906	1	0.0021512
5/2-(6)	3.122	2+(8)	4.906	3	0.000528013
5/2-(6)	3.122	1+(8)	5.021	1	2.15723e-05
5/2-(6)	3.122	1+(8)	5.021	3	0.00257476
5/2-(6)	3.122	0+(3)	5.199	3	0.000131493
5/2-(6)	3.122	5+(2)	5.245	3	0.000134221
5/2-(6)	3.122	1+(9)	5.456	1	3.1337e-06
5/2-(6)	3.122	1+(9)	5.456	3	0.000733544
5/2-(6)	3.122	3+(8)	5.775	1	8.30507e-05
5/2-(6)	3.122	3+(8)	5.775	3	0.000226562
5/2-(6)	3.122	3+(9)	5.966	1	0.00118979
5/2-(6)	3.122	3+(9)	5.966	3	0.00231371
5/2-(6)	3.122	1+(10)	6.039	1	0.000178286
5/2-(6)	3.122	1+(10)	6.039	3	1.54448e-05
5/2-(6)	3.122	2+(9)	6.063	1	0.00012334
5/2-(6)	3.122	2+(9)	6.063	3	9.90432e-05
5/2-(6)	3.122	2+(10)	6.065	1	0.000252946
5/2-(6)	3.122	2+(10)	6.065	3	0.00037189
5/2-(6)	3.122	3+(10)	6.169	1	0.000178678
5/2-(6)	3.122	3+(10)	6.169	3	0.00183336
5/2-(6)	3.122	4+(5)	6.315	1	0.000106495
5/2-(6)	3.122	4+(5)	6.315	3	0.000764892
9/2-(5)	3.162	3+(1)	0	1	0.000168016
9/2-(5)	3.162	3+(1)	0	3	0.187829
9/2-(5)	3.162	1+(1)	0.35	3	0.0184717
9/2-(5)	3.162	1+(2)	0.536	3	0.156321
9/2-(5)	3.162	2+(1)	1.092	3	0.0149288
9/2-(5)	3.162	2+(2)	1.727	3	0.0138087
9/2-(5)	3.162	3+(2)	2.062	1	0.00263444
9/2-(5)	3.162	3+(2)	2.062	3	0.0594367
9/2-(5)	3.162	2+(3)	2.156	3	0.000326678
9/2-(5)	3.162	4+(1)	2.287	1	0.00597549
9/2-(5)	3.162	4+(1)	2.287	3	0.01452
9/2-(5)	3.162	1+(3)	2.397	3	1.00363e-05
9/2-(5)	3.162	3+(3)	2.447	1	3.25085e-05
9/2-(5)	3.162	3+(3)	2.447	3	0.0012823
9/2-(5)	3.162	1+(4)	3.057	3	0.000984679
9/2-(5)	3.162	2+(4)	3.148	3	0.0232437
9/2-(5)	3.162	3+(4)	3.296	1	1.32962e-05
9/2-(5)	3.162	3+(4)	3.296	3	0.00222978
9/2-(5)	3.162	5+(1)	3.668	1	0.000322053
9/2-(5)	3.162	5+(1)	3.668	3	5.09462e-05
9/2-(5)	3.162	3+(5)	3.711	1	0.00158019
9/2-(5)	3.162	3+(5)	3.711	3	0.000572422
9/2-(5)	3.162	1+(5)	3.728	3	0.0050746
9/2-(5)	3.162	1+(6)	3.805	3	0.00396244
9/2-(5)	3.162	4+(2)	3.986	1	5.65158e-05
9/2-(5)	3.162	4+(2)	3.986	3	0.00145786
9/2-(5)	3.162	2+(5)	4.129	3	0.000279397
9/2-(5)	3.162	2+(6)	4.15	3	0.00849033
9/2-(5)	3.162	2+(7)	4.624	3	0.00760735
9/2-(5)	3.162	3+(6)	4.728	1	2.87112e-05
9/2-(5)	3.162	3+(6)	4.728	3	0.0108882
9/2-(5)	3.162	4+(3)	4.738	1	8.81054e-05
9/2-(5)	3.162	4+(3)	4.738	3	5.2315e-05
9/2-(5)	3.162	3+(7)	4.845	1	2.48143e-05
9/2-(5)	3.162	3+(7)	4.845	3	0.00298986
9/2-(5)	3.162	4+(4)	4.861	1	0.000841309
9/2-(5)	3.162	4+(4)	4.861	3	0.0347302
9/2-(5)	3.162	1+(7)	4.886	3	3.2541e-06
9/2-(5)	3.162	2+(8)	4.906	3	0.000404579
9/2-(5)	3.162	1+(8)	5.021	3	0.00518699
9/2-(5)	3.162	5+(2)	5.245	1	0.000436954
9/2-(5)	3.162	5+(2)	5.245	3	0.00237335
9/2-(5)	3.162	1+(9)	5.456	3	0.000547835
9/2-(5)	3.162	3+(8)	5.775	1	0.000274453
9/2-(5)	3.162	3+(8)	5.775	3	0.00190377
9/2-(5)	3.162	3+(9)	5.966	1	7.12526e-05
9/2-(5)	3.162	3+(9)	5.966	3	0.00134029
9/2-(5)	3.162	1+(10)	6.039	3	0.000249753
9/2-(5)	3.162	2+(9)	6.063	3	4.52001e-05
9/2-(5)	3.162	2+(10)	6.065	3	0.003311
9/2-(5)	3.162	3+(10)	6.169	1	0.000354495
9/2-(5)	3.162	3+(10)	6.169	3	0.0136329
9/2-(5)	3.162	4+(5)	6.315	1	0.000205484
9/2-(5)	3.162	4+(5)	6.315	3	0.000188715
7/2-(7)	3.195	3+(1)	0	1	0.0273164
7/2-(7)	3.195	3+(1)	0	3	0.00887557
7/2-(7)	3.195	0+(1)	0.024	3	0.016746
7/2-(7)	3.195	1+(1)	0.35	3	0.0121449
7/2-(7)	3.195	1+(2)	0.536	3	0.245617
7/2-(7)	3.195	2+(1)	1.092	1	0.0233284
7/2-(7)	3.195	2+(1)	1.092	3	0.0380501
7/2-(7)	3.195	2+(2)	1.727	1	1.80104e-06
7/2-(7)	3.195	2+(2)	1.727	3	0.0143699
7/2-(7)	3.195	3+(2)	2.062	1	0.000399115
7/2-(7)	3.195	3+(2)	2.062	3	0.000469569
7/2-(7)	3.195	2+(3)	2.156	1	0.00674207
7/2-(7)	3.195	2+(3)	2.156	3	0.00398931
7/2-(7)	3.195	4+(1)	2.287	1	4.64059e-05
7/2-(7)	3.195	4+(1)	2.287	3	0.00194464
7/2-(7)	3.195	1+(3)	2.397	3	0.0314913
7/2-(7)	3.195	3+(3)	2.447	1	0.000846201
7/2-(7)	3.195	3+(3)	2.447	3	0.00837469
7/2-(7)	3.195	1+(4)	3.057	3	0.00559496
7/2-(7)	3.195	2+(4)	3.148	1	0.00796448
7/2-(7)	3.195	2+(4)	3.148	3	0.0473767
7/2-(7)	3.195	3+(4)	3.296	1	0.000749556
7/2-(7)	3.195	3+(4)	3.296	3	0.0251237
7/2-(7)	3.195	5+(1)	3.668	1	3.34474e-06
7/2-(7)	3.195	5+(1)	3.668	3	0.000975958
7/2-(7)	3.195	3+(5)	3.711	1	0.000377103
7/2-(7)	3.195	3+(5)	3.711	3	0.00206823
7/2-(7)	3.195	1+(5)	3.728	3	0.000446121
7/2-(7)	3.195	0+(2)	3.78	3	0.00464951
7/2-(7)	3.195	1+(6)	3.805	3	0.000715362
7/2-(7)	3.195	4+(2)	3.986	1	0.000145971
7/2-(7)	3.195	4+(2)	3.986	3	0.000125802
7/2-(7)	3.195	2+(5)	4.129	1	0.00108221
7/2-(7)	3.195	2+(5)	4.129	3	0.00439691
7/2-(7)	3.195	2+(6)	4.15	1	0.00198658
7/2-(7)	3.195	2+(6)	4.15	3	0.00850385
7/2-(7)	3.195	2+(7)	4.624	1	0.000314641
7/2-(7)	3.195	2+(7)	4.624	3	0.00141381
7/2-(7)	3.195	3+(6)	4.728	1	0.000987923
7/2-(7)	3.195	3+(6)	4.728	3	0.00181584
7/2-(7)	3.195	4+(3)	4.738	1	0.000178192
7/2-(7)	3.195	4+(3)	4.738	3	0.000477057
7/2-(7)	3.195	3+(7)	4.845	1	0.00219066
7/2-(7)	3.195	3+(7)	4.845	3	0.00133914
7/2-(7)	3.195	4+(4)	4.861	1	6.30961e-05
7/2-(7)	3.195	4+(4)	4.861	3	0.00394189
7/2-(7)	3.195	1+(7)	4.886	3	0.00583029
7/2-(7)	3.195	2+(8)	4.906	1	7.27676e-06
7/2-(7)	3.195	2+(8)	4.906	3	4.46081e-05
7/2-(7)	3.195	1+(8)	5.021	3	0.000353127
7/2-(7)	3.195	0+(3)	5.199	3	0.00492557
7/2-(7)	3.195	5+(2)	5.245	1	1.12363e-05
7/2-(7)	3.195	5+(2)	5.245	3	0.000933792
7/2-(7)	3.195	1+(9)	5.456	3	0.00193095
7/2-(7)	3.195	3+(8)	5.775	1	0.000188522
7/2-(7)	3.195	3+(8)	5.775	3	0.000348004
7/2-(7)	3.195	3+(9)	5.966	1	0.00034808
7/2-(7)	3.195	3+(9)	5.966	3	3.56188e-05
7/2-(7)	3.195	1+(10)	6.039	3	0.000173209
7/2-(7)	3.195	2+(9)	6.063	1	0.000692964
7/2-(7)	3.195	2+(9)	6.063	3	0.000577349
7/2-(7)	3.195	2+(10)	6.065	1	5.66895e-05
7/2-(7)	3.195	2+(10)	6.065	3	0.00277121
7/2-(7)	3.195	3+(10)	6.169	1	1.85916e-05
7/2-(7)	3.195	3+(10)	6.169	3	0.0124053
7/2-(7)	3.195	4+(5)	6.315	1	0.000188578
7/2-(7)	3.195	4+(5)	6.315	3	0.000919066
1/2-(4)	3.268	3+(1)	0	3	0.336763
1/2-(4)	3.268	0+(1)	0.024	1	0.00324068
1/2-(4)	3.268	1+(1)	0.35	1	0.0540083
1/2-(4)	3.268	1+(2)	0.536	1	0.0526831
1/2-(4)	3.268	2+(1)	1.092	1	0.00125703
1/2-(4)	3.268	2+(1)	1.092	3	8.17446e-06
1/2-(4)	3.268	2+(2)	1.727	1	0.0026009
1/2-(4)	3.268	2+(2)	1.727	3	0.000215498
1/2-(4)	3.268	3+(2)	2.062	3	0.0236506
1/2-(4)	3.268	2+(3)	2.156	1	0.0302088
1/2-(4)	3.268	2+(3)	2.156	3	0.000178038
1/2-(4)	3.268	4+(1)	2.287	3	0.000841553
1/2-(4)	3.268	1+(3)	2.397	1	0.0266256
1/2-(4)	3.268	3+(3)	2.447	3	0.0103287
1/2-(4)	3.268	1+(4)	3.057	1	0.00990684
1/2-(4)	3.268	2+(4)	3.148	1	0.00252181
1/2-(4)	3.268	2+(4)	3.148	3	0.000433964
1/2-(4)	3.268	3+(4)	3.296	3	0.00754349
1/2-(4)	3.268	3+(5)	3.711	3	0.000846479
1/2-(4)	3.268	1+(5)	3.728	1	0.000207699
1/2-(4)	3.268	0+(2)	3.78	1	7.16568e-05
1/2-(4)	3.268	1+(6)	3.805	1	0.0134642
1/2-(4)	3.268	4+(2)	3.986	3	4.08e-06
1/2-(4)	3.268	2+(5)	4.129	1	0.000230047
1/2-(4)	3.268	2+(5)	4.129	3	0.000298006
1/2-(4)	3.268	2+(6)	4.15	1	0.00111666
1/2-(4)	3.268	2+(6)	4.15	3	0.000443196
1/2-(4)	3.268	2+(7)	4.624	1	6.67095e-05
1/2-(4)	3.268	2+(7)	4.624	3	0.00192688
1/2-(4)	3.268	3+(6)	4.728	3	0.0530085
1/2-(4)	3.268	4+(3)	4.738	3	0.000195291
1/2-(4)	3.268	3+(7)	4.845	3	0.0195458
1/2-(4)	3.268	4+(4)	4.861	3	0.00230702
1/2-(4)	3.268	1+(7)	4.886	1	0.000578675
1/2-(4)	3.268	2+(8)	4.906	1	8.80924e-05
1/2-(4)	3.268	2+(8)	4.906	3	1.23996e-08
1/2-(4)	3.268	1+(8)	5.021	1	0.000617827
1/2-(4)	3.268	0+(3)	5.199	1	0.000153587
1/2-(4)	3.268	1+(9)	5.456	1	0.000666968
1/2-(4)	3.268	3+(8)	5.775	3	0.000424747
1/2-(4)	3.268	3+(9)	5.966	3	0.0031161
1/2-(4)	3.268	1+(10)	6.039	1	3.76799e-05
1/2-(4)	3.268	2+(9)	6.063	1	0.00065288
1/2-(4)	3.268	2+(9)	6.063	3	1.34079e-05
1/2-(4)	3.268	2+(10)	6.065	1	0.000250366
1/2-(4)	3.268	2+(10)	6.065	3	2.11371e-05
1/2-(4)	3.268	3+(10)	6.169	3	0.00122601
1/2-(4)	3.268	4+(5)	6.315	3	0.00262036
7/2-(8)	3.268	3+(1)	0	1	0.0145609
7/2-(8)	3.268	3+(1)	0	3	0.0020742
7/2-(8)	3.268	0+(1)	0.024	3	0.000734033
7/2-(8)	3.268	1+(1)	0.35	3	0.0303649
7/2-(8)	3.268	1+(2)	0.536	3	0.0335474
7/2-(8)	3.268	2+(1)	1.092	1	0.000973444
7/2-(8)	3.268	2+(1)	1.092	3	0.225247
7/2-(8)	3.268	2+(2)	1.727	1	0.000964017
7/2-(8)	3.268	2+(2)	1.727	3	0.00633672
7/2-(8)	3.268	3+(2)	2.062	1	0.00154489
7/2-(8)	3.268	3+(2)	2.062	3	0.00217865
7/2-(8)	3.268	2+(3)	2.156	1	0.0042963
7/2-(8)	3.268	2+(3)	2.156	3	0.0312478
7/2-(8)	3.268	4+(1)	2.287	1	1.74219e-05
7/2-(8)	3.268	4+(1)	2.287	3	0.0346477
7/2-(8)	3.268	1+(3)	2.397	3	0.0199093
7/2-(8)	3.268	3+(3)	2.447	1	0.00325379
7/2-(8)	3.268	3+(3)	2.447	3	0.0216068
7/2-(8)	3.268	1+(4)	3.057	3	0.0036784
7/2-(8)	3.268	2+(4)	3.148	1	0.00395658
7/2-(8)	3.268	2+(4)	3.148	3	0.00178035
7/2-(8)	3.268	3+(4)	3.296	1	0.000226383
7/2-(8)	3.268	3+(4)	3.296	3	0.00868887
7/2-(8)	3.268	5+(1)	3.668	1	4.85546e-07
7/2-(8)	3.268	5+(1)	3.668	3	0.000100869
7/2-(8)	3.268	3+(5)	3.711	1	0.00267188
7/2-(8)	3.268	3+(5)	3.711	3	0.00405964
7/2-(8)	3.268	1+(5)	3.728	3	0.00168452
7/2-(8)	3.268	0+(2)	3.78	3	0.00964141
7/2-(8)	3.268	1+(6)	3.805	3	0.00111607
7/2-(8)	3.268	4+(2)	3.986	1	0.000123163
7/2-(8)	3.268	4+(2)	3.986	3	0.00244603
7/2-(8)	3.268	2+(5)	4.129	1	0.000103271
7/2-(8)	3.268	2+(5)	4.129	3	0.00509362
7/2-(8)	3.268	2+(6)	4.15	1	0.000112806
7/2-(8)	3.268	2+(6)	4.15	3	0.0069361
7/2-(8)	3.268	2+(7)	4.624	1	4.87919e-06
7/2-(8)	3.268	2+(7)	4.624	3	0.00158374
7/2-(8)	3.268	3+(6)	4.728	1	0.000248151
7/2-(8)	3.268	3+(6)	4.728	3	0.0384856
7/2-(8)	3.268	4+(3)	4.738	1	9.50284e-05
7/2-(8)	3.268	4+(3)	4.738	3	0.00386999
7/2-(8)	3.268	3+(7)	4.845	1	0.00165991
7/2-(8)	3.268	3+(7)	4.845	3	0.00084582
7/2-(8)	3.268	4+(4)	4.861	1	0.00125142
7/2-(8)	3.268	4+(4)	4.861	3	0.0027236
7/2-(8)	3.268	1+(7)	4.886	3	0.000462689
7/2-(8)	3.268	2+(8)	4.906	1	0.00010239
7/2-(8)	3.268	2+(8)	4.906	3	0.00275244
7/2-(8)	3.268	1+(8)	5.021	3	0.000879088
7/2-(8)	3.268	0+(3)	5.199	3	0.00147706
7/2-(8)	3.268	5+(2)	5.245	1	3.64459e-06
7/2-(8)	3.268	5+(2)	5.245	3	0.00118168
7/2-(8)	3.268	1+(9)	5.456	3	0.00144631
7/2-(8)	3.268	3+(8)	5.775	1	0.000411492
7/2-(8)	3.268	3+(8)	5.775	3	0.00039558
7/2-(8)	3.268	3+(9)	5.966	1	6.49284e-05
7/2-(8)	3.268	3+(9)	5.966	3	1.9268e-05
7/2-(8)	3.268	1+(10)	6.039	3	0.000704311
7/2-(8)	3.268	2+(9)	6.063	1	0.000572464
7/2-(8)	3.268	2+(9)	6.063	3	0.000268344
7/2-(8)	3.268	2+(10)	6.065	1	0.000696491
7/2-(8)	3.268	2+(10)	6.065	3	0.0202895
7/2-(8)	3.268	3+(10)	6.169	1	0.00106748
7/2-(8)	3.268	3+(10)	6.169	3	0.00134358
7/2-(8)	3.268	4+(5)	6.315	1	0.000253284
7/2-(8)	3.268	4+(5)	6.315	3	7.62779e-05
5/2-(7)	3.303	3+(1)	0	1	0.0639405
5/2-(7)	3.303	3+(1)	0	3	0.144226
5/2-(7)	3.303	0+(1)	0.024	3	3.26356e-05
5/2-(7)	3.303	1+(1)	0.35	1	0.0115212
5/2-(7)	3.303	1+(1)	0.35	3	0.051421
5/2-(7)	3.303	1+(2)	0.536	1	0.000419008
5/2-(7)	3.303	1+(2)	0.536	3	0.00154631
5/2-(7)	3.303	2+(1)	1.092	1	0.00582642
5/2-(7)	3.303	2+(1)	1.092	3	0.133859
5/2-(7)	3.303	2+(2)	1.727	1	0.00259677
5/2-(7)	3.303	2+(2)	1.727	3	0.00521217
5/2-(7)	3.303	3+(2)	2.062	1	0.000213233
5/2-(7)	3.303	3+(2)	2.062	3	0.00769953
5/2-(7)	3.303	2+(3)	2.156	1	0.0229065
5/2-(7)	3.303	2+(3)	2.156	3	0.00459626
5/2-(7)	3.303	4+(1)	2.287	1	2.46354e-05
5/2-(7)	3.303	4+(1)	2.287	3	0.00956009
5/2-(7)	3.303	1+(3)	2.397	1	0.00707188
5/2-(7)	3.303	1+(3)	2.397	3	0.000175595
5/2-(7)	3.303	3+(3)	2.447	1	0.000407132
5/2-(7)	3.303	3+(3)	2.447	3	0.0170836
5/2-(7)	3.303	1+(4)	3.057	1	0.00120283
5/2-(7)	3.303	1+(4)	3.057	3	0.00354256
5/2-(7)	3.303	2+(4)	3.148	1	0.00208718
5/2-(7)	3.303	2+(4)	3.148	3	0.041719
5/2-(7)	3.303	3+(4)	3.296	1	0.0013104
5/2-(7)	3.303	3+(4)	3.296	3	0.00336622
5/2-(7)	3.303	5+(1)	3.668	3	0.00270801
5/2-(7)	3.303	3+(5)	3.711	1	0.00314819
5/2-(7)	3.303	3+(5)	3.711	3	0.0110922
5/2-(7)	3.303	1+(5)	3.728	1	7.68253e-06
5/2-(7)	3.303	1+(5)	3.728	3	0.00362763
5/2-(7)	3.303	0+(2)	3.78	3	5.64092e-05
5/2-(7)	3.303	1+(6)	3.805	1	0.000157812
5/2-(7)	3.303	1+(6)	3.805	3	0.0076403
5/2-(7)	3.303	4+(2)	3.986	1	0.000260053
5/2-(7)	3.303	4+(2)	3.986	3	0.00175055
5/2-(7)	3.303	2+(5)	4.129	1	0.00010193
5/2-(7)	3.303	2+(5)	4.129	3	0.0297231
5/2-(7)	3.303	2+(6)	4.15	1	0.000138066
5/2-(7)	3.303	2+(6)	4.15	3	0.00905532
5/2-(7)	3.303	2+(7)	4.624	1	0.00296259
5/2-(7)	3.303	2+(7)	4.624	3	0.00346713
5/2-(7)	3.303	3+(6)	4.728	1	0.000362771
5/2-(7)	3.303	3+(6)	4.728	3	0.00168933
5/2-(7)	3.303	4+(3)	4.738	1	0.000573188
5/2-(7)	3.303	4+(3)	4.738	3	4.9434e-05
5/2-(7)	3.303	3+(7)	4.845	1	0.000150583
5/2-(7)	3.303	3+(7)	4.845	3	0.0029025
5/2-(7)	3.303	4+(4)	4.861	1	0.000212483
5/2-(7)	3.303	4+(4)	4.861	3	0.00723398
5/2-(7)	3.303	1+(7)	4.886	1	7.86712e-07
5/2-(7)	3.303	1+(7)	4.886	3	0.000806453
5/2-(7)	3.303	2+(8)	4.906	1	0.000186204
5/2-(7)	3.303	2+(8)	4.906	3	0.0043036
5/2-(7)	3.303	1+(8)	5.021	1	0.00069999
5/2-(7)	3.303	1+(8)	5.021	3	0.00191318
5/2-(7)	3.303	0+(3)	5.199	3	8.42616e-06
5/2-(7)	3.303	5+(2)	5.245	3	0.000337482
5/2-(7)	3.303	1+(9)	5.456	1	2.07566e-07
5/2-(7)	3.303	1+(9)	5.456	3	0.000289849
5/2-(7)	3.303	3+(8)	5.775	1	0.000397566
5/2-(7)	3.303	3+(8)	5.775	3	0.00380292
5/2-(7)	3.303	3+(9)	5.966	1	0.000244283
5/2-(7)	3.303	3+(9)	5.966	3	0.000633868
5/2-(7)	3.303	1+(10)	6.039	1	2.73562e-06
5/2-(7)	3.303	1+(10)	6.039	3	0.000151164
5/2-(7)	3.303	2+(9)	6.063	1	0.000364869
5/2-(7)	3.303	2+(9)	6.063	3	0.001983
5/2-(7)	3.303	2+(10)	6.065	1	0.00112865
5/2-(7)	3.303	2+(10)	6.065	3	0.000636158
5/2-(7)	3.303	3+(10)	6.169	1	9.88697e-06
5/2-(7)	3.303	3+(10)	6.169	3	0.00336244
5/2-(7)	3.303	4+(5)	6.315	1	0.000147583
5/2-(7)	3.303	4+(5)	6.315	3	0.0001038
7/2-(9)	3.342	3+(1)	0	1	0.000197422
7/2-(9)	3.342	3+(1)	0	3	0.116668
7/2-(9)	3.342	0+(1)	0.024	3	0.00162481
7/2-(9)	3.342	1+(1)	0.35	3	0.0395914
7/2-(9)	3.342	1+(2)	0.536	3	0.0307708
7/2-(9)	3.342	2+(1)	1.092	1	0.00191352
7/2-(9)	3.342	2+(1)	1.092	3	0.0640867
7/2-(9)	3.342	2+(2)	1.727	1	0.00480147
7/2-(9)	3.342	2+(2)	1.727	3	0.00550833
7/2-(9)	3.342	3+(2)	2.062	1	0.0036555
7/2-(9)	3.342	3+(2)	2.062	3	0.00134568
7/2-(9)	3.342	2+(3)	2.156	1	0.00211228
7/2-(9)	3.342	2+(3)	2.156	3	0.0163395
7/2-(9)	3.342	4+(1)	2.287	1	0.00275005
7/2-(9)	3.342	4+(1)	2.287	3	0.0012
7/2-(9)	3.342	1+(3)	2.397	3	0.0264315
7/2-(9)	3.342	3+(3)	2.447	1	0.004453
7/2-(9)	3.342	3+(3)	2.447	3	0.00407271
7/2-(9)	3.342	1+(4)	3.057	3	0.0253569
7/2-(9)	3.342	2+(4)	3.148	1	0.00772268
7/2-(9)	3.342	2+(4)	3.148	3	0.0343337
7/2-(9)	3.342	3+(4)	3.296	1	0.000207557
7/2-(9)	3.342	3+(4)	3.296	3	0.00108308
7/2-(9)	3.342	5+(1)	3.668	1	0.000126024
7/2-(9)	3.342	5+(1)	3.668	3	0.00234225
7/2-(9)	3.342	3+(5)	3.711	1	0.000355057
7/2-(9)	3.342	3+(5)	3.711	3	0.0160382
7/2-(9)	3.342	1+(5)	3.728	3	0.00236664
7/2-(9)	3.342	0+(2)	3.78	3	0.0017816
7/2-(9)	3.342	1+(6)	3.805	3	0.03391
7/2-(9)	3.342	4+(2)	3.986	1	9.90723e-05
7/2-(9)	3.342	4+(2)	3.986	3	0.00201996
7/2-(9)	3.342	2+(5)	4.129	1	1.5667e-05
7/2-(9)	3.342	2+(5)	4.129	3	0.00131103
7/2-(9)	3.342	2+(6)	4.15	1	0.000982909
7/2-(9)	3.342	2+(6)	4.15	3	0.000443263
7/2-(9)	3.342	2+(7)	4.624	1	0.00156315
7/2-(9)	3.342	2+(7)	4.624	3	7.14525e-05
7/2-(9)	3.342	3+(6)	4.728	1	0.0100649
7/2-(9)	3.342	3+(6)	4.728	3	0.00413683
7/2-(9)	3.342	4+(3)	4.738	1	0.000101942
7/2-(9)	3.342	4+(3)	4.738	3	0.000569534
7/2-(9)	3.342	3+(7)	4.845	1	0.00025675
7/2-(9)	3.342	3+(7)	4.845	3	0.0177511
7/2-(9)	3.342	4+(4)	4.861	1	1.00097e-05
7/2-(9)	3.342	4+(4)	4.861	3	0.0170441
7/2-(9)	3.342	1+(7)	4.886	3	0.00557499
7/2-(9)	3.342	2+(8)	4.906	1	0.000284197
7/2-(9)	3.342	2+(8)	4.906	3	0.00126711
7/2-(9)	3.342	1+(8)	5.021	3	0.000998851
7/2-(9)	3.342	0+(3)	5.199	3	0.000320948
7/2-(9)	3.342	5+(2)	5.245	1	8.48395e-08
7/2-(9)	3.342	5+(2)	5.245	3	0.00287571
7/2-(9)	3.342	1+(9)	5.456	3	3.25636e-05
7/2-(9)	3.342	3+(8)	5.775	1	3.03572e-05
7/2-(9)	3.342	3+(8)	5.775	3	0.000183208
7/2-(9)	3.342	3+(9)	5.966	1	5.85502e-05
7/2-(9)	3.342	3+(9)	5.966	3	0.00042842
7/2-(9)	3.342	1+(10)	6.039	3	0.00025968
7/2-(9)	3.342	2+(9)	6.063	1	4.20251e-05
7/2-(9)	3.342	2+(9)	6.063	3	0.000222921
7/2-(9)	3.342	2+(10)	6.065	1	0.000103898
7/2-(9)	3.342	2+(10)	6.065	3	0.0135712
7/2-(9)	3.342	3+(10)	6.169	1	0.000221131
7/2-(9)	3.342	3+(10)	6.169	3	0.000854966
7/2-(9)	3.342	4+(5)	6.315	1	0.000277141
7/2-(9)	3.342	4+(5)	6.315	3	0.000781247
11/2-(3)	3.35	3+(1)	0	3	0.01176
11/2-(3)	3.35	2+(1)	1.092	3	3.3693e-06
11/2-(3)	3.35	2+(2)	1.727	3	0.0331461
11/2-(3)	3.35	3+(2)	2.062	3	0.0563341
11/2-(3)	3.35	2+(3)	2.156	3	0.0729489
11/2-(3)	3.35	4+(1)	2.287	1	0.00533169
11/2-(3)	3.35	4+(1)	2.287	3	0.0300528
11/2-(3)	3.35	3+(3)	2.447	3	0.0140509
11/2-(3)	3.35	2+(4)	3.148	3	0.0496034
11/2-(3)	3.35	3+(4)	3.296	3	0.0109943
11/2-(3)	3.35	5+(1)	3.668	1	0.000682103
11/2-(3)	3.35	5+(1)	3.668	3	0.00110584
11/2-(3)	3.35	3+(5)	3.711	3	0.00424091
11/2-(3)	3.35	4+(2)	3.986	1	0.00026857
11/2-(3)	3.35	4+(2)	3.986	3	0.00119016
11/2-(3)	3.35	2+(5)	4.129	3	0.00723871
11/2-(3)	3.35	2+(6)	4.15	3	1.3489e-07
11/2-(3)	3.35	2+(7)	4.624	3	0.0368448
11/2-(3)	3.35	3+(6)	4.728	3	0.00370057
11/2-(3)	3.35	4+(3)	4.738	1	0.000533145
11/2-(3)	3.35	4+(3)	4.738	3	0.00155557
11/2-(3)	3.35	3+(7)	4.845	3	0.0066945
11/2-(3)	3.35	4+(4)	4.861	1	0.00212088
11/2-(3)	3.35	4+(4)	4.861	3	0.00652738
11/2-(3)	3.35	2+(8)	4.906	3	6.31819e-05
11/2-(3)	3.35	5+(2)	5.245	1	0.00174865
11/2-(3)	3.35	5+(2)	5.245	3	0.00235754
11/2-(3)	3.35	3+(8)	5.775	3	0.00227497
11/2-(3)	3.35	3+(9)	5.966	3	0.00278121
11/2-(3)	3.35	2+(9)	6.063	3	9.81772e-07
11/2-(3)	3.35	2+(10)	6.065	3	0.00280235
11/2-(3)	3.35	3+(10)	6.169	3	0.0151253
11/2-(3)	3.35	4+(5)	6.315	1	1.98024e-05
11/2-(3)	3.35	4+(5)	6.315	3	0.00197003
5/2-(8)	3.408	3+(1)	0	1	0.0421386
5/2-(8)	3.408	3+(1)	0	3	0.000768197
5/2-(8)	3.408	0+(1)	0.024	3	0.000766061
5/2-(8)	3.408	1+(1)	0.35	1	0.0028321
5/2-(8)	3.408	1+(1)	0.35	3	0.0889671
5/2-(8)	3.408	1+(2)	0.536	1	0.0863484
5/2-(8)	3.408	1+(2)	0.536	3	0.00447389
5/2-(8)	3.408	2+(1)	1.092	1	0.0300027
5/2-(8)	3.408	2+(1)	1.092	3	0.0799452
5/2-(8)	3.408	2+(2)	1.727	1	0.00996971
5/2-(8)	3.408	2+(2)	1.727	3	0.00901636
5/2-(8)	3.408	3+(2)	2.062	1	0.000611813
5/2-(8)	3.408	3+(2)	2.062	3	0.0108592
5/2-(8)	3.408	2+(3)	2.156	1	0.036535
5/2-(8)	3.408	2+(3)	2.156	3	0.0128917
5/2-(8)	3.408	4+(1)	2.287	1	0.00281375
5/2-(8)	3.408	4+(1)	2.287	3	0.000371787
5/2-(8)	3.408	1+(3)	2.397	1	0.000125537
5/2-(8)	3.408	1+(3)	2.397	3	0.0288554
5/2-(8)	3.408	3+(3)	2.447	1	0.00442276
5/2-(8)	3.408	3+(3)	2.447	3	0.0303487
5/2-(8)	3.408	1+(4)	3.057	1	0.000172859
5/2-(8)	3.408	1+(4)	3.057	3	0.0218511
5/2-(8)	3.408	2+(4)	3.148	1	0.00142829
5/2-(8)	3.408	2+(4)	3.148	3	0.00102768
5/2-(8)	3.408	3+(4)	3.296	1	0.00050747
5/2-(8)	3.408	3+(4)	3.296	3	0.000572415
5/2-(8)	3.408	5+(1)	3.668	3	0.00340484
5/2-(8)	3.408	3+(5)	3.711	1	0.00086225
5/2-(8)	3.408	3+(5)	3.711	3	0.00365657
5/2-(8)	3.408	1+(5)	3.728	1	1.94827e-05
5/2-(8)	3.408	1+(5)	3.728	3	0.00782102
5/2-(8)	3.408	0+(2)	3.78	3	0.00167047
5/2-(8)	3.408	1+(6)	3.805	1	0.00672504
5/2-(8)	3.408	1+(6)	3.805	3	0.0146201
5/2-(8)	3.408	4+(2)	3.986	1	0.000470847
5/2-(8)	3.408	4+(2)	3.986	3	0.0051079
5/2-(8)	3.408	2+(5)	4.129	1	0.000995886
5/2-(8)	3.408	2+(5)	4.129	3	0.0160866
5/2-(8)	3.408	2+(6)	4.15	1	0.00108878
5/2-(8)	3.408	2+(6)	4.15	3	0.00109711
5/2-(8)	3.408	2+(7)	4.624	1	0.000766589
5/2-(8)	3.408	2+(7)	4.624	3	0.00179096
5/2-(8)	3.408	3+(6)	4.728	1	0.000976507
5/2-(8)	3.408	3+(6)	4.728	3	0.00455584
5/2-(8)	3.408	4+(3)	4.738	1	1.43901e-06
5/2-(8)	3.408	4+(3)	4.738	3	0.00162432
5/2-(8)	3.408	3+(7)	4.845	1	5.5453e-05
5/2-(8)	3.408	3+(7)	4.845	3	0.00444998
5/2-(8)	3.408	4+(4)	4.861	1	0.000560814
5/2-(8)	3.408	4+(4)	4.861	3	0.000416984
5/2-(8)	3.408	1+(7)	4.886	1	1.67294e-05
5/2-(8)	3.408	1+(7)	4.886	3	0.00406458
5/2-(8)	3.408	2+(8)	4.906	1	0.000819059
5/2-(8)	3.408	2+(8)	4.906	3	0.00162463
5/2-(8)	3.408	1+(8)	5.021	1	6.07269e-05
5/2-(8)	3.408	1+(8)	5.021	3	4.91461e-06
5/2-(8)	3.408	0+(3)	5.199	3	9.44315e-06
5/2-(8)	3.408	5+(2)	5.245	3	0.000100749
5/2-(8)	3.408	1+(9)	5.456	1	0.000403523
5/2-(8)	3.408	1+(9)	5.456	3	0.000368302
5/2-(8)	3.408	3+(8)	5.775	1	0.000294497
5/2-(8)	3.408	3+(8)	5.775	3	7.03638e-05
5/2-(8)	3.408	3+(9)	5.966	1	0.000890254
5/2-(8)	3.408	3+(9)	5.966	3	2.78687e-05
5/2-(8)	3.408	1+(10)	6.039	1	1.73628e-05
5/2-(8)	3.408	1+(10)	6.039	3	0.000517503
5/2-(8)	3.408	2+(9)	6.063	1	0.00097819
5/2-(8)	3.408	2+(9)	6.063	3	4.1584e-05
5/2-(8)	3.408	2+(10)	6.065	1	0.000645012
5/2-(8)	3.408	2+(10)	6.065	3	0.0228839
5/2-(8)	3.408	3+(10)	6.169	1	0.00020007
5/2-(8)	3.408	3+(10)	6.169	3	0.000524367
5/2-(8)	3.408	4+(5)	6.315	1	4.819e-05
5/2-(8)	3.408	4+(5)	6.315	3	0.000380832
9/2-(6)	3.412	3+(1)	0	1	0.00213608
9/2-(6)	3.412	3+(1)	0	3	0.0463911
9/2-(6)	3.412	1+(1)	0.35	3	0.00297779
9/2-(6)	3.412	1+(2)	0.536	3	0.00157212
9/2-(6)	3.412	2+(1)	1.092	3	0.0567162
9/2-(6)	3.412	2+(2)	1.727	3	0.0050535
9/2-(6)	3.412	3+(2)	2.062	1	0.000257785
9/2-(6)	3.412	3+(2)	2.062	3	0.0030133
9/2-(6)	3.412	2+(3)	2.156	3	0.00321362
9/2-(6)	3.412	4+(1)	2.287	1	0.00404073
9/2-(6)	3.412	4+(1)	2.287	3	0.0665603
9/2-(6)	3.412	1+(3)	2.397	3	0.0100333
9/2-(6)	3.412	3+(3)	2.447	1	0.0134507
9/2-(6)	3.412	3+(3)	2.447	3	0.00366278
9/2-(6)	3.412	1+(4)	3.057	3	0.0101427
9/2-(6)	3.412	2+(4)	3.148	3	0.0100054
9/2-(6)	3.412	3+(4)	3.296	1	1.85132e-05
9/2-(6)	3.412	3+(4)	3.296	3	0.000772773
9/2-(6)	3.412	5+(1)	3.668	1	0.000875146
9/2-(6)	3.412	5+(1)	3.668	3	9.29049e-05
9/2-(6)	3.412	3+(5)	3.711	1	0.00136446
9/2-(6)	3.412	3+(5)	3.711	3	0.00900575
9/2-(6)	3.412	1+(5)	3.728	3	0.000187722
9/2-(6)	3.412	1+(6)	3.805	3	0.000206512
9/2-(6)	3.412	4+(2)	3.986	1	0.000442335
9/2-(6)	3.412	4+(2)	3.986	3	0.00241991
9/2-(6)	3.412	2+(5)	4.129	3	0.0268083
9/2-(6)	3.412	2+(6)	4.15	3	0.00151795
9/2-(6)	3.412	2+(7)	4.624	3	0.00812317
9/2-(6)	3.412	3+(6)	4.728	1	0.00804574
9/2-(6)	3.412	3+(6)	4.728	3	0.105287
9/2-(6)	3.412	4+(3)	4.738	1	0.000116693
9/2-(6)	3.412	4+(3)	4.738	3	0.000543334
9/2-(6)	3.412	3+(7)	4.845	1	0.00368982
9/2-(6)	3.412	3+(7)	4.845	3	0.0138206
9/2-(6)	3.412	4+(4)	4.861	1	0.000805142
9/2-(6)	3.412	4+(4)	4.861	3	0.00393948
9/2-(6)	3.412	1+(7)	4.886	3	0.000465699
9/2-(6)	3.412	2+(8)	4.906	3	0.000999529
9/2-(6)	3.412	1+(8)	5.021	3	0.00248399
9/2-(6)	3.412	5+(2)	5.245	1	0.000669004
9/2-(6)	3.412	5+(2)	5.245	3	0.00111899
9/2-(6)	3.412	1+(9)	5.456	3	9.68929e-05
9/2-(6)	3.412	3+(8)	5.775	1	3.5979e-05
9/2-(6)	3.412	3+(8)	5.775	3	4.51208e-05
9/2-(6)	3.412	3+(9)	5.966	1	5.25343e-06
9/2-(6)	3.412	3+(9)	5.966	3	4.15392e-05
9/2-(6)	3.412	1+(10)	6.039	3	0.00113493
9/2-(6)	3.412	2+(9)	6.063	3	0.000261904
9/2-(6)	3.412	2+(10)	6.065	3	0.0310858
9/2-(6)	3.412	3+(10)	6.169	1	0.000846022
9/2-(6)	3.412	3+(10)	6.169	3	0.00158075
9/2-(6)	3.412	4+(5)	6.315	1	0.000203746
9/2-(6)	3.412	4+(5)	6.315	3	0.000149835
11/2-(4)	3.509	3+(1)	0	3	0.192652
11/2-(4)	3.509	2+(1)	1.092	3	0.303983
11/2-(4)	3.509	2+(2)	1.727	3	0.000389008
11/2-(4)	3.509	3+(2)	2.062	3	0.105766
11/2-(4)	3.509	2+(3)	2.156	3	0.00388563
11/2-(4)	3.509	4+(1)	2.287	1	0.00970549
11/2-(4)	3.509	4+(1)	2.287	3	0.00162981
11/2-(4)	3.509	3+(3)	2.447	3	0.00517528
11/2-(4)	3.509	2+(4)	3.148	3	0.00520745
11/2-(4)	3.509	3+(4)	3.296	3	0.00218169
11/2-(4)	3.509	5+(1)	3.668	1	0.000671343
11/2-(4)	3.509	5+(1)	3.668	3	0.0156489
11/2-(4)	3.509	3+(5)	3.711	3	0.00155433
11/2-(4)	3.509	4+(2)	3.986	1	1.85627e-05
11/2-(4)	3.509	4+(2)	3.986	3	0.000822639
11/2-(4)	3.509	2+(5)	4.129	3	0.0191665
11/2-(4)	3.509	2+(6)	4.15	3	0.0110422
11/2-(4)	3.509	2+(7)	4.624	3	0.000418635
11/2-(4)	3.509	3+(6)	4.728	3	0.0248018
11/2-(4)	3.509	4+(3)	4.738	1	0.00305403
11/2-(4)	3.509	4+(3)	4.738	3	0.00670431
11/2-(4)	3.509	3+(7)	4.845	3	0.0039583
11/2-(4)	3.509	4+(4)	4.861	1	0.00187184
11/2-(4)	3.509	4+(4)	4.861	3	0.000732871
11/2-(4)	3.509	2+(8)	4.906	3	4.61172e-06
11/2-(4)	3.509	5+(2)	5.245	1	0.0010701
11/2-(4)	3.509	5+(2)	5.245	3	0.00184199
11/2-(4)	3.509	3+(8)	5.775	3	0.000765409
11/2-(4)	3.509	3+(9)	5.966	3	0.00147192
11/2-(4)	3.509	2+(9)	6.063	3	9.83759e-05
11/2-(4)	3.509	2+(10)	6.065	3	0.00304369
11/2-(4)	3.509	3+(10)	6.169	3	0.0141393
11/2-(4)	3.509	4+(5)	6.315	1	0.000365405
11/2-(4)	3.509	4+(5)	6.315	3	0.00269943
